2023-04-14 16:50:47.879 | SUCCESS  | cellfunctions_:get_headers:54 - get cookie success..
2023-04-14 16:51:00.067 | INFO     | __main__:link_db:137 - 连接数据库中...........
2023-04-14 16:51:00.133 | SUCCESS  | __main__:link_db:157 - 图像数据表: kimg
2023-04-14 16:51:00.134 | SUCCESS  | __main__:link_db:158 - tag数据表: tags
2023-04-14 16:51:00.136 | SUCCESS  | __main__:link_db:160 - link dbas 准备导入数据.....
2023-04-14 16:51:02.313 | SUCCESS  | cellfunctions_:get_source:109 - 获取源码成功
2023-04-14 16:51:02.563 | SUCCESS  | cellfunctions_:get_source:109 - 获取源码成功
2023-04-14 16:51:02.599 | SUCCESS  | cellfunctions_:get_source:109 - 获取源码成功
2023-04-14 16:51:02.670 | SUCCESS  | cellfunctions_:get_source:109 - 获取源码成功
2023-04-14 16:51:02.754 | SUCCESS  | cellfunctions_:get_source:109 - 获取源码成功
2023-04-14 16:51:07.469 | SUCCESS  | cellfunctions_:save_img:189 - 下载图片成功
2023-04-14 16:51:12.455 | SUCCESS  | cellfunctions_:save_img:189 - 下载图片成功
2023-04-14 16:51:14.220 | SUCCESS  | cellfunctions_:save_img:189 - 下载图片成功
2023-04-14 16:51:24.645 | SUCCESS  | cellfunctions_:save_img:189 - 下载图片成功
2023-04-14 16:52:02.111 | SUCCESS  | cellfunctions_:save_img:189 - 下载图片成功
2023-04-14 16:52:02.113 | SUCCESS  | __main__:download_imgs:123 - downloaded 5 img ......
2023-04-14 16:52:02.115 | SUCCESS  | __main__:save_img_and_todb:218 - imported: F:\database_learn\k_spider\pictures7\344096.jpg
2023-04-14 16:52:02.118 | SUCCESS  | __main__:save_img_and_todb:218 - imported: F:\database_learn\k_spider\pictures7\344098.jpg
2023-04-14 16:52:02.120 | SUCCESS  | __main__:save_img_and_todb:218 - imported: F:\database_learn\k_spider\pictures7\344094.jpg
2023-04-14 16:52:02.122 | SUCCESS  | __main__:save_img_and_todb:218 - imported: F:\database_learn\k_spider\pictures7\343131.jpg
2023-04-14 16:52:02.124 | SUCCESS  | __main__:save_img_and_todb:218 - imported: F:\database_learn\k_spider\pictures7\344095.jpg
2023-04-14 16:52:02.152 | SUCCESS  | __main__:save_img_and_todb:251 - added 5 img data...
