2023-04-08 00:45:23.108 | INFO     | __main__:<module>:418 - 连接数据库中...........
2023-04-08 00:45:23.264 | SUCCESS  | __main__:<module>:442 - link dbas 准备导入数据.....
2023-04-08 00:45:23.275 | SUCCESS  | __main__:<module>:509 - 单次下载数量:100
2023-04-08 00:45:23.276 | SUCCESS  | __main__:<module>:510 - 等待时间:6 并发数:10
2023-04-08 00:45:23.277 | SUCCESS  | __main__:<module>:511 - 下载图片路径:F:\database_learn\k_spider\pictures
2023-04-08 00:45:24.479 | INFO     | __main__:<module>:523 - 数据库共有33149条图像数据
2023-04-08 00:45:24.498 | INFO     | __main__:<module>:540 - 排除11个重复pid....
2023-04-08 00:45:24.501 | INFO     | __main__:process_urls:345 - 等待6秒继续并发
2023-04-08 00:45:26.175 | ERROR    | __main__:get_source:107 - This post was deleted.
2023-04-08 00:45:30.500 | INFO     | __main__:process_urls:345 - 等待6秒继续并发
2023-04-08 00:45:32.599 | ERROR    | __main__:get_source:107 - This post was deleted.
2023-04-08 00:45:36.503 | INFO     | __main__:process_urls:345 - 等待6秒继续并发
2023-04-08 00:45:37.728 | ERROR    | __main__:get_source:107 - This post was deleted.
2023-04-08 00:45:42.514 | INFO     | __main__:process_urls:345 - 等待6秒继续并发
2023-04-08 00:45:44.152 | ERROR    | __main__:get_source:107 - This post was deleted.
2023-04-08 00:45:44.255 | ERROR    | __main__:get_source:107 - This post was deleted.
2023-04-08 00:45:48.521 | INFO     | __main__:process_urls:345 - 等待6秒继续并发
2023-04-08 00:45:49.486 | ERROR    | __main__:get_source:107 - This post was deleted.
2023-04-08 00:45:51.780 | ERROR    | __main__:get_source:107 - This post was deleted.
2023-04-08 00:45:54.528 | INFO     | __main__:process_urls:345 - 等待6秒继续并发
2023-04-08 00:46:00.534 | INFO     | __main__:process_urls:345 - 等待6秒继续并发
2023-04-08 00:46:01.924 | ERROR    | __main__:get_source:107 - This post was deleted.
2023-04-08 00:46:06.556 | INFO     | __main__:process_urls:345 - 等待6秒继续并发
2023-04-08 00:46:07.649 | ERROR    | __main__:get_source:99 - This post does not exist
2023-04-08 00:46:07.777 | ERROR    | __main__:get_source:107 - This post was deleted.
2023-04-08 00:46:13.808 | ERROR    | __main__:get_source:107 - This post was deleted.
2023-04-08 00:46:14.759 | ERROR    | __main__:get_source:99 - This post does not exist
2023-04-08 00:46:15.245 | ERROR    | __main__:get_source:107 - This post was deleted.
2023-04-08 00:46:44.936 | INFO     | __main__:download_imgs:390 - 等待6秒继续并发下载图片
2023-04-08 00:46:50.942 | INFO     | __main__:download_imgs:390 - 等待6秒继续并发下载图片
2023-04-08 00:46:56.931 | INFO     | __main__:download_imgs:390 - 等待6秒继续并发下载图片
2023-04-08 00:47:02.922 | INFO     | __main__:download_imgs:390 - 等待6秒继续并发下载图片
2023-04-08 00:47:08.927 | INFO     | __main__:download_imgs:390 - 等待6秒继续并发下载图片
2023-04-08 00:47:14.918 | INFO     | __main__:download_imgs:390 - 等待6秒继续并发下载图片
2023-04-08 00:47:20.919 | INFO     | __main__:download_imgs:390 - 等待6秒继续并发下载图片
2023-04-08 00:47:39.236 | SUCCESS  | __main__:download_imgs:404 - downloaded 76 img ......
2023-04-08 00:47:40.314 | INFO     | __main__:uni_tag:475 - 数据库tag表共有7885条tag
2023-04-08 00:47:41.663 | INFO     | __main__:uni_tag:479 - 排除368个重复tag
2023-04-08 00:47:41.665 | SUCCESS  | __main__:<module>:581 - 保存57个tag到数据库
2023-04-08 00:47:41.895 | SUCCESS  | __main__:<module>:592 - added 76 img data into testdb....
2023-04-08 00:47:42.697 | INFO     | __main__:<module>:523 - 数据库共有33225条图像数据
2023-04-08 00:47:42.720 | INFO     | __main__:<module>:540 - 排除11个重复pid....
2023-04-08 00:47:42.723 | INFO     | __main__:process_urls:345 - 等待6秒继续并发
2023-04-08 00:47:48.721 | INFO     | __main__:process_urls:345 - 等待6秒继续并发
2023-04-08 00:47:49.711 | ERROR    | __main__:get_source:99 - This post does not exist
2023-04-08 00:47:54.737 | INFO     | __main__:process_urls:345 - 等待6秒继续并发
2023-04-08 00:47:56.012 | ERROR    | __main__:get_source:107 - This post was deleted.
2023-04-08 00:48:00.743 | INFO     | __main__:process_urls:345 - 等待6秒继续并发
2023-04-08 00:48:01.815 | ERROR    | __main__:get_source:99 - This post does not exist
2023-04-08 00:59:50.254 | INFO     | __main__:<module>:418 - 连接数据库中...........
2023-04-08 00:59:50.353 | SUCCESS  | __main__:<module>:442 - link dbas 准备导入数据.....
2023-04-08 00:59:50.367 | SUCCESS  | __main__:<module>:509 - 单次下载数量:100
2023-04-08 00:59:50.368 | SUCCESS  | __main__:<module>:510 - 等待时间:6 并发数:10
2023-04-08 00:59:50.369 | SUCCESS  | __main__:<module>:511 - 下载图片路径:F:\database_learn\k_spider\pictures
2023-04-08 00:59:51.365 | INFO     | __main__:<module>:523 - 数据库共有33225条图像数据
2023-04-08 00:59:51.385 | INFO     | __main__:<module>:540 - 排除21个重复pid....
2023-04-08 00:59:51.388 | INFO     | __main__:process_urls:345 - 等待6秒继续并发
2023-04-08 00:59:57.405 | INFO     | __main__:process_urls:345 - 等待6秒继续并发
2023-04-08 00:59:58.307 | ERROR    | __main__:get_source:101 - This post does not exist
2023-04-08 00:59:58.631 | ERROR    | __main__:get_source:109 - This post was deleted.
2023-04-08 00:59:59.583 | ERROR    | __main__:get_source:109 - This post was deleted.
2023-04-08 01:29:09.046 | ERROR    | __main__:get_cookie:67 - presence_of_element_located() takes 1 positional argument but 2 were given
2023-04-08 01:29:09.049 | ERROR    | __main__:get_cookie:68 - get cookie error..
2023-04-08 01:29:49.162 | ERROR    | __main__:get_cookie:67 - presence_of_element_located() takes 1 positional argument but 2 were given
2023-04-08 01:29:49.165 | ERROR    | __main__:get_cookie:68 - get cookie error..
2023-04-08 01:31:20.608 | ERROR    | __main__:get_cookie:67 - presence_of_element_located() takes 1 positional argument but 2 were given
2023-04-08 01:31:20.611 | ERROR    | __main__:get_cookie:68 - get cookie error..
2023-04-08 01:32:37.778 | SUCCESS  | __main__:get_cookie:65 - get cookie success..
2023-04-08 01:32:50.014 | INFO     | __main__:<module>:431 - 连接数据库中...........
2023-04-08 01:32:50.116 | SUCCESS  | __main__:<module>:455 - link dbas 准备导入数据.....
2023-04-08 01:32:50.123 | SUCCESS  | __main__:<module>:522 - 单次下载数量:100
2023-04-08 01:32:50.124 | SUCCESS  | __main__:<module>:523 - 等待时间:6 并发数:10
2023-04-08 01:32:50.125 | SUCCESS  | __main__:<module>:524 - 下载图片路径:F:\database_learn\k_spider\pictures
2023-04-08 01:32:51.023 | INFO     | __main__:<module>:536 - 数据库共有33225条图像数据
2023-04-08 01:32:51.038 | INFO     | __main__:<module>:553 - 排除17个重复pid....
2023-04-08 01:32:51.041 | INFO     | __main__:process_urls:358 - 等待6秒继续并发
2023-04-08 01:32:52.193 | ERROR    | __main__:get_source:121 - This post does not exist
2023-04-08 01:32:52.280 | ERROR    | __main__:get_source:129 - This post was deleted.
2023-04-08 01:32:52.724 | ERROR    | __main__:get_source:129 - This post was deleted.
2023-04-08 01:32:57.040 | INFO     | __main__:process_urls:358 - 等待6秒继续并发
2023-04-08 01:32:58.303 | ERROR    | __main__:get_source:121 - This post does not exist
2023-04-08 01:32:58.411 | ERROR    | __main__:get_source:129 - This post was deleted.
2023-04-08 01:32:59.239 | ERROR    | __main__:get_source:129 - This post was deleted.
2023-04-08 01:33:03.050 | INFO     | __main__:process_urls:358 - 等待6秒继续并发
2023-04-08 01:33:04.004 | ERROR    | __main__:get_source:121 - This post does not exist
2023-04-08 01:33:04.021 | ERROR    | __main__:get_source:121 - This post does not exist
2023-04-08 01:33:04.133 | ERROR    | __main__:get_source:121 - This post does not exist
2023-04-08 01:33:04.609 | ERROR    | __main__:get_source:129 - This post was deleted.
2023-04-08 01:33:09.064 | INFO     | __main__:process_urls:358 - 等待6秒继续并发
2023-04-08 01:33:10.260 | ERROR    | __main__:get_source:129 - This post was deleted.
2023-04-08 01:33:10.392 | ERROR    | __main__:get_source:129 - This post was deleted.
