2023-10-03 05:39:57.441 | SUCCESS  | __main__:mode_a:227 - 单次下载数量:2
2023-10-03 05:39:57.442 | SUCCESS  | __main__:mode_a:228 - 并发数:5
2023-10-03 05:39:57.443 | SUCCESS  | __main__:mode_a:229 - 下载图片路径:./kimage
2023-10-03 05:39:57.444 | SUCCESS  | __main__:mode_a:230 - 下载次数:200
2023-10-03 05:39:57.444 | DEBUG    | __main__:link_db:27 - 连接数据库中...........
2023-10-03 05:39:57.514 | SUCCESS  | __main__:link_db:50 - 数据表: testdb
2023-10-03 05:39:57.516 | SUCCESS  | __main__:link_db:51 - 图像数据表: kimg
2023-10-03 05:39:57.516 | SUCCESS  | __main__:link_db:52 - tag数据表: tags
2023-10-03 05:39:57.517 | SUCCESS  | __main__:link_db:54 - link dbas 准备导入数据.....
2023-10-03 05:39:57.528 | INFO     | __main__:mode_a:254 - 数据库共有26条图像数据
2023-10-03 05:39:57.531 | WARNING  | get_imags_data:main:41 - 图片路径不存在，已创建
2023-10-03 05:39:57.623 | WARNING  | cellfunctions_:get_source:221 - 下载源码重试: https://konachan.com/post/show/355296
2023-10-03 05:39:57.624 | WARNING  | cellfunctions_:get_source:221 - 下载源码重试: https://konachan.com/post/show/361147
2023-10-03 05:40:01.636 | WARNING  | cellfunctions_:get_source:221 - 下载源码重试: https://konachan.com/post/show/355296
2023-10-03 05:40:01.637 | WARNING  | cellfunctions_:get_source:221 - 下载源码重试: https://konachan.com/post/show/361147
2023-10-03 05:40:02.645 | WARNING  | cellfunctions_:get_source:221 - 下载源码重试: https://konachan.com/post/show/361147
2023-10-03 05:40:03.646 | WARNING  | cellfunctions_:get_source:221 - 下载源码重试: https://konachan.com/post/show/355296
2023-10-03 05:40:06.659 | WARNING  | cellfunctions_:get_source:221 - 下载源码重试: https://konachan.com/post/show/361147
2023-10-03 05:40:07.664 | ERROR    | cellfunctions_:get_source:226 - 源码 nothing!
2023-10-03 05:40:07.671 | WARNING  | cellfunctions_:get_source:221 - 下载源码重试: https://konachan.com/post/show/355296
2023-10-03 05:40:09.678 | ERROR    | cellfunctions_:get_source:226 - 源码 nothing!
2023-10-03 05:40:09.683 | WARNING  | __main__:save_img_and_todb:81 - 没有得到数据
2023-10-03 05:40:09.685 | SUCCESS  | __main__:mode_a:285 - 数据库一共添加了 0 img data....
2023-10-03 05:40:09.686 | DEBUG    | __main__:link_db:27 - 连接数据库中...........
2023-10-03 05:40:09.691 | SUCCESS  | __main__:link_db:50 - 数据表: testdb
2023-10-03 05:40:09.692 | SUCCESS  | __main__:link_db:51 - 图像数据表: kimg
2023-10-03 05:40:09.693 | SUCCESS  | __main__:link_db:52 - tag数据表: tags
2023-10-03 05:40:09.695 | SUCCESS  | __main__:link_db:54 - link dbas 准备导入数据.....
2023-10-03 05:40:09.700 | INFO     | __main__:mode_a:254 - 数据库共有26条图像数据
2023-10-03 05:40:09.778 | WARNING  | cellfunctions_:get_source:221 - 下载源码重试: https://konachan.com/post/show/355379
2023-10-03 05:40:09.780 | WARNING  | cellfunctions_:get_source:221 - 下载源码重试: https://konachan.com/post/show/360116
2023-10-03 05:40:10.788 | WARNING  | cellfunctions_:get_source:221 - 下载源码重试: https://konachan.com/post/show/355379
2023-10-03 05:43:57.966 | SUCCESS  | __main__:mode_a:227 - 单次下载数量:2
2023-10-03 05:43:57.968 | SUCCESS  | __main__:mode_a:228 - 并发数:5
2023-10-03 05:43:57.969 | SUCCESS  | __main__:mode_a:229 - 下载图片路径:./kimage
2023-10-03 05:43:57.970 | SUCCESS  | __main__:mode_a:230 - 下载次数:200
2023-10-03 05:43:57.971 | DEBUG    | __main__:link_db:27 - 连接数据库中...........
2023-10-03 05:43:58.036 | SUCCESS  | __main__:link_db:50 - 数据表: testdb
2023-10-03 05:43:58.037 | SUCCESS  | __main__:link_db:51 - 图像数据表: kimg
2023-10-03 05:43:58.038 | SUCCESS  | __main__:link_db:52 - tag数据表: tags
2023-10-03 05:43:58.039 | SUCCESS  | __main__:link_db:54 - link dbas 准备导入数据.....
2023-10-03 05:43:58.049 | INFO     | __main__:mode_a:254 - 数据库共有26条图像数据
2023-10-03 05:43:58.135 | WARNING  | cellfunctions_:get_source:221 - 下载源码重试: https://konachan.com/post/show/360698
2023-10-03 05:43:58.137 | WARNING  | cellfunctions_:get_source:221 - 下载源码重试: https://konachan.com/post/show/360181
2023-10-03 05:43:59.155 | WARNING  | cellfunctions_:get_source:221 - 下载源码重试: https://konachan.com/post/show/360698
2023-10-03 05:43:59.157 | WARNING  | cellfunctions_:get_source:221 - 下载源码重试: https://konachan.com/post/show/360181
2023-10-03 05:44:00.181 | WARNING  | cellfunctions_:get_source:221 - 下载源码重试: https://konachan.com/post/show/360698
2023-10-03 05:44:00.182 | WARNING  | cellfunctions_:get_source:221 - 下载源码重试: https://konachan.com/post/show/360181
2023-10-03 05:44:03.189 | WARNING  | cellfunctions_:get_source:221 - 下载源码重试: https://konachan.com/post/show/360698
2023-10-03 05:44:04.194 | WARNING  | cellfunctions_:get_source:221 - 下载源码重试: https://konachan.com/post/show/360181
2023-10-03 05:45:15.628 | SUCCESS  | __main__:mode_a:227 - 单次下载数量:2
2023-10-03 05:45:15.629 | SUCCESS  | __main__:mode_a:228 - 并发数:5
2023-10-03 05:45:15.630 | SUCCESS  | __main__:mode_a:229 - 下载图片路径:./kimage
2023-10-03 05:45:15.631 | SUCCESS  | __main__:mode_a:230 - 下载次数:200
2023-10-03 05:45:15.632 | DEBUG    | __main__:link_db:27 - 连接数据库中...........
2023-10-03 05:45:15.703 | SUCCESS  | __main__:link_db:50 - 数据表: testdb
2023-10-03 05:45:15.705 | SUCCESS  | __main__:link_db:51 - 图像数据表: kimg
2023-10-03 05:45:15.706 | SUCCESS  | __main__:link_db:52 - tag数据表: tags
2023-10-03 05:45:15.707 | SUCCESS  | __main__:link_db:54 - link dbas 准备导入数据.....
2023-10-03 05:45:15.715 | INFO     | __main__:mode_a:254 - 数据库共有26条图像数据
2023-10-03 05:45:16.950 | SUCCESS  | cellfunctions_:get_source:217 - 获取源码成功
2023-10-03 05:45:17.039 | SUCCESS  | cellfunctions_:get_source:217 - 获取源码成功
2023-10-03 05:45:22.798 | DEBUG    | cellfunctions_:save_img:328 - 保存图片中......356189
2023-10-03 05:45:22.799 | SUCCESS  | cellfunctions_:save_img:331 - 下载图片成功
2023-10-03 05:45:22.926 | DEBUG    | cellfunctions_:save_img:328 - 保存图片中......359217
2023-10-03 05:45:22.928 | SUCCESS  | cellfunctions_:save_img:331 - 下载图片成功
2023-10-03 05:45:22.929 | SUCCESS  | get_imags_data:download_imgs:127 - downloaded 2 img to IMG_PATH......
2023-10-03 05:45:22.931 | SUCCESS  | __main__:save_img_and_todb:110 - imported: ./kimage\359217.jpg
2023-10-03 05:45:22.934 | SUCCESS  | __main__:save_img_and_todb:110 - imported: ./kimage\356189.jpg
2023-10-03 05:45:22.951 | DEBUG    | __main__:save_img_and_todb:153 - 创建一个tags_unique表并保存
2023-10-03 05:45:22.973 | INFO     | __main__:save_img_and_todb:166 - tags 表当前唯一tag数为 : 215
2023-10-03 05:45:22.985 | SUCCESS  | __main__:save_img_and_todb:191 - DataBase had added 2 img data...
2023-10-03 05:45:22.988 | SUCCESS  | __main__:mode_a:285 - 数据库一共添加了 2 img data....
2023-10-03 05:45:22.989 | DEBUG    | __main__:link_db:27 - 连接数据库中...........
2023-10-03 05:45:23.015 | SUCCESS  | __main__:link_db:50 - 数据表: testdb
2023-10-03 05:45:23.017 | SUCCESS  | __main__:link_db:51 - 图像数据表: kimg
2023-10-03 05:45:23.018 | SUCCESS  | __main__:link_db:52 - tag数据表: tags
2023-10-03 05:45:23.019 | SUCCESS  | __main__:link_db:54 - link dbas 准备导入数据.....
2023-10-03 05:45:23.023 | INFO     | __main__:mode_a:254 - 数据库共有28条图像数据
2023-10-03 05:45:23.996 | SUCCESS  | cellfunctions_:get_source:217 - 获取源码成功
2023-10-03 05:45:24.002 | SUCCESS  | cellfunctions_:get_source:217 - 获取源码成功
2023-10-03 05:45:28.723 | DEBUG    | cellfunctions_:save_img:328 - 保存图片中......357397
2023-10-03 05:45:28.725 | SUCCESS  | cellfunctions_:save_img:331 - 下载图片成功
2023-10-03 05:45:31.273 | DEBUG    | cellfunctions_:save_img:328 - 保存图片中......359534
2023-10-03 05:45:31.275 | SUCCESS  | cellfunctions_:save_img:331 - 下载图片成功
2023-10-03 05:45:31.276 | SUCCESS  | get_imags_data:download_imgs:127 - downloaded 2 img to IMG_PATH......
2023-10-03 05:45:31.279 | SUCCESS  | __main__:save_img_and_todb:110 - imported: ./kimage\357397.jpg
2023-10-03 05:45:31.281 | SUCCESS  | __main__:save_img_and_todb:110 - imported: ./kimage\359534.jpg
2023-10-03 05:45:31.294 | DEBUG    | __main__:save_img_and_todb:153 - 创建一个tags_unique表并保存
2023-10-03 05:45:31.316 | INFO     | __main__:save_img_and_todb:166 - tags 表当前唯一tag数为 : 225
2023-10-03 05:45:31.329 | SUCCESS  | __main__:save_img_and_todb:191 - DataBase had added 2 img data...
2023-10-03 05:45:31.330 | SUCCESS  | __main__:mode_a:285 - 数据库一共添加了 4 img data....
2023-10-03 05:45:31.331 | DEBUG    | __main__:link_db:27 - 连接数据库中...........
2023-10-03 05:45:31.353 | SUCCESS  | __main__:link_db:50 - 数据表: testdb
2023-10-03 05:45:31.354 | SUCCESS  | __main__:link_db:51 - 图像数据表: kimg
2023-10-03 05:45:31.355 | SUCCESS  | __main__:link_db:52 - tag数据表: tags
2023-10-03 05:45:31.356 | SUCCESS  | __main__:link_db:54 - link dbas 准备导入数据.....
2023-10-03 05:45:31.359 | INFO     | __main__:mode_a:254 - 数据库共有30条图像数据
2023-10-03 05:45:32.990 | SUCCESS  | cellfunctions_:get_source:217 - 获取源码成功
2023-10-03 05:45:32.992 | SUCCESS  | cellfunctions_:get_source:217 - 获取源码成功
2023-10-03 05:45:37.781 | DEBUG    | cellfunctions_:save_img:328 - 保存图片中......360039
2023-10-03 05:45:37.782 | SUCCESS  | cellfunctions_:save_img:331 - 下载图片成功
2023-10-03 05:45:38.110 | DEBUG    | cellfunctions_:save_img:328 - 保存图片中......361733
2023-10-03 05:45:38.112 | SUCCESS  | cellfunctions_:save_img:331 - 下载图片成功
2023-10-03 05:45:38.113 | SUCCESS  | get_imags_data:download_imgs:127 - downloaded 2 img to IMG_PATH......
2023-10-03 05:45:38.116 | SUCCESS  | __main__:save_img_and_todb:110 - imported: ./kimage\360039.jpg
2023-10-03 05:45:38.119 | SUCCESS  | __main__:save_img_and_todb:110 - imported: ./kimage\361733.jpg
2023-10-03 05:45:38.132 | DEBUG    | __main__:save_img_and_todb:153 - 创建一个tags_unique表并保存
2023-10-03 05:45:38.154 | INFO     | __main__:save_img_and_todb:166 - tags 表当前唯一tag数为 : 236
2023-10-03 05:45:38.166 | SUCCESS  | __main__:save_img_and_todb:191 - DataBase had added 2 img data...
2023-10-03 05:45:38.169 | SUCCESS  | __main__:mode_a:285 - 数据库一共添加了 6 img data....
2023-10-03 05:45:38.170 | DEBUG    | __main__:link_db:27 - 连接数据库中...........
2023-10-03 05:45:38.174 | SUCCESS  | __main__:link_db:50 - 数据表: testdb
2023-10-03 05:45:38.176 | SUCCESS  | __main__:link_db:51 - 图像数据表: kimg
2023-10-03 05:45:38.177 | SUCCESS  | __main__:link_db:52 - tag数据表: tags
2023-10-03 05:45:38.178 | SUCCESS  | __main__:link_db:54 - link dbas 准备导入数据.....
2023-10-03 05:45:38.180 | INFO     | __main__:mode_a:254 - 数据库共有32条图像数据
2023-10-03 05:45:39.182 | SUCCESS  | cellfunctions_:get_source:217 - 获取源码成功
2023-10-03 05:45:39.241 | SUCCESS  | cellfunctions_:get_source:217 - 获取源码成功
2023-10-03 05:45:44.583 | DEBUG    | cellfunctions_:save_img:328 - 保存图片中......355060
2023-10-03 05:45:44.585 | SUCCESS  | cellfunctions_:save_img:331 - 下载图片成功
2023-10-03 05:45:45.074 | DEBUG    | cellfunctions_:save_img:328 - 保存图片中......358382
2023-10-03 05:45:45.076 | SUCCESS  | cellfunctions_:save_img:331 - 下载图片成功
2023-10-03 05:45:45.077 | SUCCESS  | get_imags_data:download_imgs:127 - downloaded 2 img to IMG_PATH......
2023-10-03 05:45:45.080 | SUCCESS  | __main__:save_img_and_todb:110 - imported: ./kimage\355060.jpg
2023-10-03 05:45:45.083 | SUCCESS  | __main__:save_img_and_todb:110 - imported: ./kimage\358382.jpg
2023-10-03 05:45:45.095 | DEBUG    | __main__:save_img_and_todb:153 - 创建一个tags_unique表并保存
2023-10-03 05:45:45.117 | INFO     | __main__:save_img_and_todb:166 - tags 表当前唯一tag数为 : 241
2023-10-03 05:45:45.130 | SUCCESS  | __main__:save_img_and_todb:191 - DataBase had added 2 img data...
2023-10-03 05:45:45.131 | SUCCESS  | __main__:mode_a:285 - 数据库一共添加了 8 img data....
2023-10-03 05:45:45.132 | DEBUG    | __main__:link_db:27 - 连接数据库中...........
2023-10-03 05:45:45.149 | SUCCESS  | __main__:link_db:50 - 数据表: testdb
2023-10-03 05:45:45.150 | SUCCESS  | __main__:link_db:51 - 图像数据表: kimg
2023-10-03 05:45:45.152 | SUCCESS  | __main__:link_db:52 - tag数据表: tags
2023-10-03 05:45:45.153 | SUCCESS  | __main__:link_db:54 - link dbas 准备导入数据.....
2023-10-03 05:45:45.155 | INFO     | __main__:mode_a:254 - 数据库共有34条图像数据
2023-10-03 05:45:46.741 | SUCCESS  | cellfunctions_:get_source:217 - 获取源码成功
2023-10-03 05:45:47.008 | SUCCESS  | cellfunctions_:get_source:217 - 获取源码成功
2023-10-03 05:45:52.172 | DEBUG    | cellfunctions_:save_img:328 - 保存图片中......357392
2023-10-03 05:45:52.174 | SUCCESS  | cellfunctions_:save_img:331 - 下载图片成功
2023-10-03 05:45:52.794 | DEBUG    | cellfunctions_:save_img:328 - 保存图片中......356163
2023-10-03 05:45:52.796 | SUCCESS  | cellfunctions_:save_img:331 - 下载图片成功
2023-10-03 05:45:52.797 | SUCCESS  | get_imags_data:download_imgs:127 - downloaded 2 img to IMG_PATH......
2023-10-03 05:45:52.800 | SUCCESS  | __main__:save_img_and_todb:110 - imported: ./kimage\357392.jpg
2023-10-03 05:45:52.803 | SUCCESS  | __main__:save_img_and_todb:110 - imported: ./kimage\356163.jpg
2023-10-03 05:45:52.815 | DEBUG    | __main__:save_img_and_todb:153 - 创建一个tags_unique表并保存
2023-10-03 05:45:52.841 | INFO     | __main__:save_img_and_todb:166 - tags 表当前唯一tag数为 : 251
2023-10-03 05:45:52.852 | SUCCESS  | __main__:save_img_and_todb:191 - DataBase had added 2 img data...
2023-10-03 05:45:52.854 | SUCCESS  | __main__:mode_a:285 - 数据库一共添加了 10 img data....
2023-10-03 05:45:52.855 | DEBUG    | __main__:link_db:27 - 连接数据库中...........
2023-10-03 05:45:52.871 | SUCCESS  | __main__:link_db:50 - 数据表: testdb
2023-10-03 05:45:52.873 | SUCCESS  | __main__:link_db:51 - 图像数据表: kimg
2023-10-03 05:45:52.874 | SUCCESS  | __main__:link_db:52 - tag数据表: tags
2023-10-03 05:45:52.875 | SUCCESS  | __main__:link_db:54 - link dbas 准备导入数据.....
2023-10-03 05:45:52.880 | INFO     | __main__:mode_a:254 - 数据库共有36条图像数据
2023-10-03 05:45:54.184 | SUCCESS  | cellfunctions_:get_source:217 - 获取源码成功
2023-10-03 05:45:54.527 | SUCCESS  | cellfunctions_:get_source:217 - 获取源码成功
2023-10-03 05:46:00.415 | DEBUG    | cellfunctions_:save_img:328 - 保存图片中......360361
2023-10-03 05:46:00.418 | SUCCESS  | cellfunctions_:save_img:331 - 下载图片成功
2023-10-03 05:46:01.055 | DEBUG    | cellfunctions_:save_img:328 - 保存图片中......355655
2023-10-03 05:46:01.056 | SUCCESS  | cellfunctions_:save_img:331 - 下载图片成功
2023-10-03 05:46:01.058 | SUCCESS  | get_imags_data:download_imgs:127 - downloaded 2 img to IMG_PATH......
2023-10-03 05:46:01.061 | SUCCESS  | __main__:save_img_and_todb:110 - imported: ./kimage\360361.jpg
2023-10-03 05:46:01.064 | SUCCESS  | __main__:save_img_and_todb:110 - imported: ./kimage\355655.jpg
2023-10-03 05:46:01.076 | DEBUG    | __main__:save_img_and_todb:153 - 创建一个tags_unique表并保存
2023-10-03 05:46:01.097 | INFO     | __main__:save_img_and_todb:166 - tags 表当前唯一tag数为 : 263
2023-10-03 05:46:01.109 | SUCCESS  | __main__:save_img_and_todb:191 - DataBase had added 2 img data...
2023-10-03 05:46:01.111 | SUCCESS  | __main__:mode_a:285 - 数据库一共添加了 12 img data....
2023-10-03 05:46:01.112 | DEBUG    | __main__:link_db:27 - 连接数据库中...........
2023-10-03 05:46:01.129 | SUCCESS  | __main__:link_db:50 - 数据表: testdb
2023-10-03 05:46:01.130 | SUCCESS  | __main__:link_db:51 - 图像数据表: kimg
2023-10-03 05:46:01.131 | SUCCESS  | __main__:link_db:52 - tag数据表: tags
2023-10-03 05:46:01.133 | SUCCESS  | __main__:link_db:54 - link dbas 准备导入数据.....
2023-10-03 05:46:01.137 | INFO     | __main__:mode_a:254 - 数据库共有38条图像数据
2023-10-03 05:46:02.189 | SUCCESS  | cellfunctions_:get_source:217 - 获取源码成功
