2023-03-06 16:28:34.597 | INFO     | __main__:<module>:413 - 连接数据库中...........
2023-03-06 16:28:34.689 | SUCCESS  | __main__:<module>:437 - link dbas 准备导入数据.....
2023-03-06 16:28:34.694 | SUCCESS  | __main__:<module>:504 - 单次下载数量:10
2023-03-06 16:28:34.695 | SUCCESS  | __main__:<module>:505 - 等待时间:1 并发数:10
2023-03-06 16:28:34.696 | SUCCESS  | __main__:<module>:506 - 下载图片路径:C:\Users\S\Desktop\database_learn\k_spider\pictures
2023-03-06 16:28:36.207 | INFO     | __main__:<module>:518 - 数据库共有24252条图像数据
2023-03-06 16:28:36.213 | INFO     | __main__:process_urls:340 - 等待1秒继续并发
2023-03-06 16:28:55.141 | WARNING  | __main__:run_tasks:361 - 引发 一个 parse error...
2023-03-06 16:28:55.144 | WARNING  | __main__:run_tasks:363 - A process in the process pool was terminated abruptly while the future was running or pending.
2023-03-06 16:28:55.146 | WARNING  | __main__:run_tasks:361 - 引发 一个 parse error...
2023-03-06 16:28:55.148 | WARNING  | __main__:run_tasks:363 - A process in the process pool was terminated abruptly while the future was running or pending.
2023-03-06 16:28:55.150 | WARNING  | __main__:run_tasks:361 - 引发 一个 parse error...
2023-03-06 16:28:55.152 | WARNING  | __main__:run_tasks:363 - A process in the process pool was terminated abruptly while the future was running or pending.
2023-03-06 16:28:55.153 | WARNING  | __main__:run_tasks:361 - 引发 一个 parse error...
2023-03-06 16:28:55.154 | WARNING  | __main__:run_tasks:363 - A process in the process pool was terminated abruptly while the future was running or pending.
2023-03-06 16:28:55.156 | WARNING  | __main__:run_tasks:361 - 引发 一个 parse error...
2023-03-06 16:28:55.158 | WARNING  | __main__:run_tasks:363 - A process in the process pool was terminated abruptly while the future was running or pending.
2023-03-06 16:28:55.161 | WARNING  | __main__:run_tasks:361 - 引发 一个 parse error...
2023-03-06 16:28:55.161 | WARNING  | __main__:run_tasks:363 - A process in the process pool was terminated abruptly while the future was running or pending.
2023-03-06 16:28:55.162 | WARNING  | __main__:run_tasks:361 - 引发 一个 parse error...
2023-03-06 16:28:55.162 | WARNING  | __main__:run_tasks:363 - A process in the process pool was terminated abruptly while the future was running or pending.
2023-03-06 16:28:55.162 | WARNING  | __main__:run_tasks:361 - 引发 一个 parse error...
2023-03-06 16:28:55.163 | WARNING  | __main__:run_tasks:363 - A process in the process pool was terminated abruptly while the future was running or pending.
2023-03-06 16:28:55.163 | WARNING  | __main__:run_tasks:361 - 引发 一个 parse error...
2023-03-06 16:28:55.163 | WARNING  | __main__:run_tasks:363 - A process in the process pool was terminated abruptly while the future was running or pending.
2023-03-06 16:28:55.163 | WARNING  | __main__:run_tasks:361 - 引发 一个 parse error...
2023-03-06 16:28:55.163 | WARNING  | __main__:run_tasks:363 - A process in the process pool was terminated abruptly while the future was running or pending.
2023-03-06 16:29:01.398 | INFO     | __main__:<module>:413 - 连接数据库中...........
2023-03-06 16:29:01.515 | SUCCESS  | __main__:<module>:437 - link dbas 准备导入数据.....
2023-03-06 16:29:01.520 | SUCCESS  | __main__:<module>:504 - 单次下载数量:10
2023-03-06 16:29:01.521 | SUCCESS  | __main__:<module>:505 - 等待时间:1 并发数:10
2023-03-06 16:29:01.522 | SUCCESS  | __main__:<module>:506 - 下载图片路径:C:\Users\S\Desktop\database_learn\k_spider\pictures
2023-03-06 16:29:03.136 | INFO     | __main__:<module>:518 - 数据库共有24252条图像数据
2023-03-06 16:29:03.139 | INFO     | __main__:<module>:535 - 排除4个重复pid....
2023-03-06 16:29:16.258 | SUCCESS  | __main__:download_imgs:399 - downloaded 6 img ......
2023-03-06 16:29:17.369 | INFO     | __main__:uni_tag:470 - 数据库tag表共有6613条tag
2023-03-06 16:29:18.505 | INFO     | __main__:uni_tag:474 - 排除72个重复tag
2023-03-06 16:29:18.507 | SUCCESS  | __main__:<module>:576 - 保存5个tag到数据库
2023-03-06 16:29:18.715 | SUCCESS  | __main__:<module>:587 - added 6 img data into testdb....
2023-03-06 16:29:20.144 | INFO     | __main__:<module>:518 - 数据库共有24258条图像数据
2023-03-06 16:29:20.149 | INFO     | __main__:process_urls:340 - 等待1秒继续并发
2023-03-06 16:29:21.708 | ERROR    | __main__:get_source:94 - This post does not exist
2023-03-06 16:29:37.034 | SUCCESS  | __main__:download_imgs:399 - downloaded 9 img ......
2023-03-06 16:29:38.231 | INFO     | __main__:uni_tag:470 - 数据库tag表共有6623条tag
2023-03-06 16:29:39.204 | INFO     | __main__:uni_tag:474 - 排除83个重复tag
2023-03-06 16:29:39.205 | SUCCESS  | __main__:<module>:576 - 保存10个tag到数据库
2023-03-06 16:29:39.418 | SUCCESS  | __main__:<module>:587 - added 15 img data into testdb....
2023-03-06 16:29:40.922 | INFO     | __main__:<module>:518 - 数据库共有24273条图像数据
2023-03-06 16:29:40.925 | INFO     | __main__:<module>:535 - 排除1个重复pid....
2023-03-06 16:30:03.685 | SUCCESS  | __main__:download_imgs:399 - downloaded 9 img ......
2023-03-06 16:30:04.753 | INFO     | __main__:uni_tag:470 - 数据库tag表共有6626条tag
2023-03-06 16:30:05.687 | INFO     | __main__:uni_tag:474 - 排除106个重复tag
2023-03-06 16:30:05.689 | SUCCESS  | __main__:<module>:576 - 保存3个tag到数据库
2023-03-06 16:30:05.904 | SUCCESS  | __main__:<module>:587 - added 24 img data into testdb....
2023-03-06 16:30:07.368 | INFO     | __main__:<module>:518 - 数据库共有24297条图像数据
2023-03-06 16:30:07.371 | INFO     | __main__:<module>:535 - 排除2个重复pid....
2023-03-06 16:30:08.335 | ERROR    | __main__:get_source:102 - This post was deleted.
2023-03-06 16:30:08.573 | ERROR    | __main__:get_source:102 - This post was deleted.
2023-03-06 16:30:09.368 | ERROR    | __main__:get_source:102 - This post was deleted.
2023-03-06 16:30:17.820 | SUCCESS  | __main__:download_imgs:399 - downloaded 5 img ......
2023-03-06 16:30:19.117 | INFO     | __main__:uni_tag:470 - 数据库tag表共有6634条tag
2023-03-06 16:30:20.058 | INFO     | __main__:uni_tag:474 - 排除71个重复tag
2023-03-06 16:30:20.059 | SUCCESS  | __main__:<module>:576 - 保存8个tag到数据库
2023-03-06 16:30:20.282 | SUCCESS  | __main__:<module>:587 - added 29 img data into testdb....
2023-03-06 16:30:21.924 | INFO     | __main__:<module>:518 - 数据库共有24326条图像数据
2023-03-06 16:30:21.929 | INFO     | __main__:process_urls:340 - 等待1秒继续并发
2023-03-06 16:30:28.084 | INFO     | __main__:download_imgs:385 - 等待1秒继续并发下载图片
2023-03-06 16:30:42.186 | SUCCESS  | __main__:download_imgs:399 - downloaded 10 img ......
2023-03-06 16:30:43.245 | INFO     | __main__:uni_tag:470 - 数据库tag表共有6641条tag
2023-03-06 16:30:44.173 | INFO     | __main__:uni_tag:474 - 排除99个重复tag
2023-03-06 16:30:44.174 | SUCCESS  | __main__:<module>:576 - 保存7个tag到数据库
2023-03-06 16:30:44.395 | SUCCESS  | __main__:<module>:587 - added 39 img data into testdb....
2023-03-06 16:30:45.602 | INFO     | __main__:<module>:518 - 数据库共有24365条图像数据
2023-03-06 16:30:45.606 | INFO     | __main__:<module>:535 - 排除1个重复pid....
2023-03-06 16:30:58.953 | SUCCESS  | __main__:download_imgs:399 - downloaded 9 img ......
2023-03-06 16:31:00.100 | INFO     | __main__:uni_tag:470 - 数据库tag表共有6651条tag
2023-03-06 16:31:01.125 | INFO     | __main__:uni_tag:474 - 排除98个重复tag
2023-03-06 16:31:01.126 | SUCCESS  | __main__:<module>:576 - 保存10个tag到数据库
2023-03-06 16:31:01.358 | SUCCESS  | __main__:<module>:587 - added 48 img data into testdb....
2023-03-06 16:31:03.029 | INFO     | __main__:<module>:518 - 数据库共有24413条图像数据
2023-03-06 16:31:03.034 | INFO     | __main__:<module>:535 - 排除1个重复pid....
2023-03-06 16:31:04.218 | ERROR    | __main__:get_source:102 - This post was deleted.
2023-03-06 16:31:04.313 | ERROR    | __main__:get_source:102 - This post was deleted.
2023-03-06 16:31:04.729 | ERROR    | __main__:get_source:94 - This post does not exist
2023-03-06 16:31:14.413 | SUCCESS  | __main__:download_imgs:399 - downloaded 6 img ......
2023-03-06 16:31:15.687 | INFO     | __main__:uni_tag:470 - 数据库tag表共有6658条tag
2023-03-06 16:31:16.716 | INFO     | __main__:uni_tag:474 - 排除63个重复tag
2023-03-06 16:31:16.716 | SUCCESS  | __main__:<module>:576 - 保存7个tag到数据库
2023-03-06 16:31:16.946 | SUCCESS  | __main__:<module>:587 - added 54 img data into testdb....
2023-03-06 16:31:17.990 | INFO     | __main__:<module>:518 - 数据库共有24467条图像数据
2023-03-06 16:31:17.994 | INFO     | __main__:<module>:535 - 排除2个重复pid....
2023-03-06 16:31:30.278 | SUCCESS  | __main__:download_imgs:399 - downloaded 8 img ......
2023-03-06 16:31:31.226 | INFO     | __main__:uni_tag:470 - 数据库tag表共有6664条tag
2023-03-06 16:31:32.166 | INFO     | __main__:uni_tag:474 - 排除80个重复tag
2023-03-06 16:31:32.167 | SUCCESS  | __main__:<module>:576 - 保存6个tag到数据库
2023-03-06 16:31:32.391 | SUCCESS  | __main__:<module>:587 - added 62 img data into testdb....
2023-03-06 16:31:33.474 | INFO     | __main__:<module>:518 - 数据库共有24529条图像数据
2023-03-06 16:31:33.479 | INFO     | __main__:process_urls:340 - 等待1秒继续并发
2023-03-06 16:31:34.510 | ERROR    | __main__:get_source:94 - This post does not exist
2023-03-06 16:32:08.999 | SUCCESS  | __main__:download_imgs:399 - downloaded 9 img ......
2023-03-06 16:32:10.229 | INFO     | __main__:uni_tag:470 - 数据库tag表共有6665条tag
2023-03-06 16:32:11.171 | INFO     | __main__:uni_tag:474 - 排除76个重复tag
2023-03-06 16:32:11.172 | SUCCESS  | __main__:<module>:576 - 保存1个tag到数据库
2023-03-06 16:32:11.400 | SUCCESS  | __main__:<module>:587 - added 71 img data into testdb....
2023-03-06 16:32:13.175 | INFO     | __main__:<module>:518 - 数据库共有24600条图像数据
2023-03-06 16:32:13.179 | INFO     | __main__:<module>:535 - 排除1个重复pid....
2023-03-06 16:32:14.414 | ERROR    | __main__:get_source:102 - This post was deleted.
2023-03-06 16:32:28.507 | SUCCESS  | __main__:download_imgs:399 - downloaded 8 img ......
2023-03-06 16:32:29.587 | INFO     | __main__:uni_tag:470 - 数据库tag表共有6671条tag
2023-03-06 16:32:30.499 | INFO     | __main__:uni_tag:474 - 排除81个重复tag
2023-03-06 16:32:30.499 | SUCCESS  | __main__:<module>:576 - 保存6个tag到数据库
2023-03-06 16:32:30.740 | SUCCESS  | __main__:<module>:587 - added 79 img data into testdb....
2023-03-06 16:32:32.112 | INFO     | __main__:<module>:518 - 数据库共有24679条图像数据
2023-03-06 16:32:32.116 | INFO     | __main__:process_urls:340 - 等待1秒继续并发
2023-03-06 16:32:33.105 | ERROR    | __main__:get_source:102 - This post was deleted.
2023-03-06 16:32:33.209 | ERROR    | __main__:get_source:94 - This post does not exist
2023-03-06 16:32:33.248 | ERROR    | __main__:get_source:102 - This post was deleted.
2023-03-06 16:32:45.225 | SUCCESS  | __main__:download_imgs:399 - downloaded 7 img ......
2023-03-06 16:32:46.336 | INFO     | __main__:uni_tag:470 - 数据库tag表共有6675条tag
2023-03-06 16:32:47.288 | INFO     | __main__:uni_tag:474 - 排除71个重复tag
2023-03-06 16:32:47.290 | SUCCESS  | __main__:<module>:576 - 保存4个tag到数据库
2023-03-06 16:32:47.558 | SUCCESS  | __main__:<module>:587 - added 86 img data into testdb....
2023-03-06 16:32:48.958 | INFO     | __main__:<module>:518 - 数据库共有24765条图像数据
2023-03-06 16:32:48.962 | INFO     | __main__:<module>:535 - 排除1个重复pid....
2023-03-06 16:32:50.176 | ERROR    | __main__:get_source:94 - This post does not exist
2023-03-06 16:33:17.501 | SUCCESS  | __main__:download_imgs:399 - downloaded 8 img ......
2023-03-06 16:33:18.754 | INFO     | __main__:uni_tag:470 - 数据库tag表共有6680条tag
2023-03-06 16:33:19.697 | INFO     | __main__:uni_tag:474 - 排除83个重复tag
2023-03-06 16:33:19.699 | SUCCESS  | __main__:<module>:576 - 保存5个tag到数据库
2023-03-06 16:33:19.957 | SUCCESS  | __main__:<module>:587 - added 94 img data into testdb....
2023-03-06 16:33:21.619 | INFO     | __main__:<module>:518 - 数据库共有24859条图像数据
2023-03-06 16:33:21.624 | INFO     | __main__:<module>:535 - 排除2个重复pid....
2023-03-06 16:33:22.981 | ERROR    | __main__:get_source:102 - This post was deleted.
2023-03-06 16:33:23.368 | ERROR    | __main__:get_source:94 - This post does not exist
2023-03-06 16:33:41.132 | SUCCESS  | __main__:download_imgs:399 - downloaded 6 img ......
2023-03-06 16:33:42.261 | INFO     | __main__:uni_tag:470 - 数据库tag表共有6682条tag
2023-03-06 16:33:43.208 | INFO     | __main__:uni_tag:474 - 排除74个重复tag
2023-03-06 16:33:43.210 | SUCCESS  | __main__:<module>:576 - 保存2个tag到数据库
2023-03-06 16:33:43.497 | SUCCESS  | __main__:<module>:587 - added 100 img data into testdb....
2023-03-06 16:33:44.918 | INFO     | __main__:<module>:518 - 数据库共有24959条图像数据
2023-03-06 16:33:44.924 | INFO     | __main__:process_urls:340 - 等待1秒继续并发
2023-03-06 16:33:51.433 | INFO     | __main__:download_imgs:385 - 等待1秒继续并发下载图片
2023-03-06 16:34:08.745 | SUCCESS  | __main__:download_imgs:399 - downloaded 10 img ......
2023-03-06 16:34:09.842 | INFO     | __main__:uni_tag:470 - 数据库tag表共有6687条tag
2023-03-06 16:34:10.871 | INFO     | __main__:uni_tag:474 - 排除106个重复tag
2023-03-06 16:34:10.873 | SUCCESS  | __main__:<module>:576 - 保存5个tag到数据库
2023-03-06 16:34:11.153 | SUCCESS  | __main__:<module>:587 - added 110 img data into testdb....
2023-03-06 16:34:12.672 | INFO     | __main__:<module>:518 - 数据库共有25069条图像数据
2023-03-06 16:34:12.678 | INFO     | __main__:<module>:535 - 排除1个重复pid....
2023-03-06 16:34:42.996 | SUCCESS  | __main__:download_imgs:399 - downloaded 9 img ......
2023-03-06 16:34:44.139 | INFO     | __main__:uni_tag:470 - 数据库tag表共有6702条tag
2023-03-06 16:34:45.137 | INFO     | __main__:uni_tag:474 - 排除86个重复tag
2023-03-06 16:34:45.139 | SUCCESS  | __main__:<module>:576 - 保存15个tag到数据库
2023-03-06 16:34:45.407 | SUCCESS  | __main__:<module>:587 - added 119 img data into testdb....
2023-03-06 16:34:46.831 | INFO     | __main__:<module>:518 - 数据库共有25188条图像数据
2023-03-06 16:34:46.836 | INFO     | __main__:<module>:535 - 排除1个重复pid....
2023-03-06 16:34:47.911 | ERROR    | __main__:get_source:102 - This post was deleted.
2023-03-06 16:34:48.036 | ERROR    | __main__:get_source:102 - This post was deleted.
2023-03-06 16:34:48.259 | ERROR    | __main__:get_source:102 - This post was deleted.
2023-03-06 16:35:16.844 | SUCCESS  | __main__:download_imgs:399 - downloaded 6 img ......
2023-03-06 16:35:17.907 | INFO     | __main__:uni_tag:470 - 数据库tag表共有6712条tag
2023-03-06 16:35:18.898 | INFO     | __main__:uni_tag:474 - 排除74个重复tag
2023-03-06 16:35:18.899 | SUCCESS  | __main__:<module>:576 - 保存10个tag到数据库
2023-03-06 16:35:19.162 | SUCCESS  | __main__:<module>:587 - added 125 img data into testdb....
2023-03-06 16:35:20.767 | INFO     | __main__:<module>:518 - 数据库共有25313条图像数据
2023-03-06 16:35:20.771 | INFO     | __main__:<module>:535 - 排除1个重复pid....
2023-03-06 16:35:41.811 | SUCCESS  | __main__:download_imgs:399 - downloaded 9 img ......
2023-03-06 16:35:42.762 | INFO     | __main__:uni_tag:470 - 数据库tag表共有6714条tag
2023-03-06 16:35:43.669 | INFO     | __main__:uni_tag:474 - 排除89个重复tag
2023-03-06 16:35:43.670 | SUCCESS  | __main__:<module>:576 - 保存2个tag到数据库
2023-03-06 16:35:43.937 | SUCCESS  | __main__:<module>:587 - added 134 img data into testdb....
2023-03-06 16:35:45.386 | INFO     | __main__:<module>:518 - 数据库共有25447条图像数据
2023-03-06 16:35:45.389 | INFO     | __main__:<module>:535 - 排除1个重复pid....
2023-03-06 16:35:46.387 | ERROR    | __main__:get_source:94 - This post does not exist
2023-03-06 16:36:01.451 | SUCCESS  | __main__:download_imgs:399 - downloaded 8 img ......
2023-03-06 16:36:02.542 | INFO     | __main__:uni_tag:470 - 数据库tag表共有6719条tag
2023-03-06 16:36:03.492 | INFO     | __main__:uni_tag:474 - 排除86个重复tag
2023-03-06 16:36:03.493 | SUCCESS  | __main__:<module>:576 - 保存5个tag到数据库
2023-03-06 16:36:03.777 | SUCCESS  | __main__:<module>:587 - added 142 img data into testdb....
2023-03-06 16:36:05.197 | INFO     | __main__:<module>:518 - 数据库共有25589条图像数据
2023-03-06 16:36:05.201 | INFO     | __main__:<module>:535 - 排除1个重复pid....
2023-03-06 16:36:06.257 | ERROR    | __main__:get_source:94 - This post does not exist
2023-03-06 16:36:06.269 | ERROR    | __main__:get_source:94 - This post does not exist
2023-03-06 16:36:22.734 | SUCCESS  | __main__:download_imgs:399 - downloaded 7 img ......
2023-03-06 16:36:23.842 | INFO     | __main__:uni_tag:470 - 数据库tag表共有6725条tag
2023-03-06 16:36:24.845 | INFO     | __main__:uni_tag:474 - 排除85个重复tag
2023-03-06 16:36:24.847 | SUCCESS  | __main__:<module>:576 - 保存6个tag到数据库
2023-03-06 16:36:25.126 | SUCCESS  | __main__:<module>:587 - added 149 img data into testdb....
2023-03-06 16:36:26.586 | INFO     | __main__:<module>:518 - 数据库共有25738条图像数据
2023-03-06 16:36:26.590 | INFO     | __main__:<module>:535 - 排除1个重复pid....
2023-03-06 16:36:28.458 | ERROR    | __main__:get_source:94 - This post does not exist
2023-03-06 16:36:48.893 | SUCCESS  | __main__:download_imgs:399 - downloaded 8 img ......
2023-03-06 16:36:50.498 | INFO     | __main__:uni_tag:470 - 数据库tag表共有6727条tag
2023-03-06 16:36:51.851 | INFO     | __main__:uni_tag:474 - 排除87个重复tag
2023-03-06 16:36:51.852 | SUCCESS  | __main__:<module>:576 - 保存2个tag到数据库
2023-03-06 16:36:52.278 | SUCCESS  | __main__:<module>:587 - added 157 img data into testdb....
2023-03-06 16:36:55.076 | INFO     | __main__:<module>:518 - 数据库共有25895条图像数据
2023-03-06 16:36:55.082 | INFO     | __main__:process_urls:340 - 等待1秒继续并发
2023-03-06 16:36:56.929 | ERROR    | __main__:get_source:102 - This post was deleted.
2023-03-06 16:37:27.975 | SUCCESS  | __main__:download_imgs:399 - downloaded 9 img ......
2023-03-06 16:37:29.407 | INFO     | __main__:uni_tag:470 - 数据库tag表共有6734条tag
2023-03-06 16:37:30.937 | INFO     | __main__:uni_tag:474 - 排除103个重复tag
2023-03-06 16:37:30.939 | SUCCESS  | __main__:<module>:576 - 保存7个tag到数据库
2023-03-06 16:37:31.498 | SUCCESS  | __main__:<module>:587 - added 166 img data into testdb....
2023-03-06 16:37:34.503 | INFO     | __main__:<module>:518 - 数据库共有26061条图像数据
2023-03-06 16:37:34.508 | INFO     | __main__:<module>:535 - 排除1个重复pid....
2023-03-06 16:37:35.920 | ERROR    | __main__:get_source:94 - This post does not exist
2023-03-06 16:37:37.210 | ERROR    | __main__:get_source:102 - This post was deleted.
2023-03-06 16:37:50.605 | SUCCESS  | __main__:download_imgs:399 - downloaded 7 img ......
2023-03-06 16:37:52.472 | INFO     | __main__:uni_tag:470 - 数据库tag表共有6737条tag
2023-03-06 16:37:54.058 | INFO     | __main__:uni_tag:474 - 排除78个重复tag
2023-03-06 16:37:54.060 | SUCCESS  | __main__:<module>:576 - 保存3个tag到数据库
2023-03-06 16:37:54.632 | SUCCESS  | __main__:<module>:587 - added 173 img data into testdb....
2023-03-06 16:37:57.262 | INFO     | __main__:<module>:518 - 数据库共有26234条图像数据
2023-03-06 16:37:57.266 | INFO     | __main__:<module>:535 - 排除1个重复pid....
2023-03-06 16:37:58.531 | ERROR    | __main__:get_source:102 - This post was deleted.
2023-03-06 16:37:58.546 | ERROR    | __main__:get_source:102 - This post was deleted.
2023-03-06 16:37:58.635 | ERROR    | __main__:get_source:94 - This post does not exist
2023-03-06 16:37:58.651 | ERROR    | __main__:get_source:94 - This post does not exist
2023-03-06 16:38:09.457 | SUCCESS  | __main__:download_imgs:399 - downloaded 5 img ......
2023-03-06 16:38:10.630 | INFO     | __main__:uni_tag:470 - 数据库tag表共有6740条tag
2023-03-06 16:38:11.556 | INFO     | __main__:uni_tag:474 - 排除62个重复tag
2023-03-06 16:38:11.558 | SUCCESS  | __main__:<module>:576 - 保存3个tag到数据库
2023-03-06 16:38:11.865 | SUCCESS  | __main__:<module>:587 - added 178 img data into testdb....
2023-03-06 16:38:13.166 | INFO     | __main__:<module>:518 - 数据库共有26412条图像数据
2023-03-06 16:38:13.171 | INFO     | __main__:process_urls:340 - 等待1秒继续并发
2023-03-06 16:38:19.204 | INFO     | __main__:download_imgs:385 - 等待1秒继续并发下载图片
2023-03-06 16:40:07.675 | INFO     | __main__:<module>:413 - 连接数据库中...........
2023-03-06 16:40:07.770 | SUCCESS  | __main__:<module>:437 - link dbas 准备导入数据.....
2023-03-06 16:40:07.775 | SUCCESS  | __main__:<module>:504 - 单次下载数量:100
2023-03-06 16:40:07.777 | SUCCESS  | __main__:<module>:505 - 等待时间:6 并发数:10
2023-03-06 16:40:07.777 | SUCCESS  | __main__:<module>:506 - 下载图片路径:C:\Users\S\Desktop\database_learn\k_spider\pictures
2023-03-06 16:40:09.391 | INFO     | __main__:<module>:518 - 数据库共有26412条图像数据
2023-03-06 16:40:09.406 | INFO     | __main__:<module>:535 - 排除9个重复pid....
2023-03-06 16:40:09.409 | INFO     | __main__:process_urls:340 - 等待6秒继续并发
2023-03-06 16:40:15.417 | INFO     | __main__:process_urls:340 - 等待6秒继续并发
2023-03-06 16:40:16.575 | ERROR    | __main__:get_source:102 - This post was deleted.
2023-03-06 16:40:21.421 | INFO     | __main__:process_urls:340 - 等待6秒继续并发
2023-03-06 16:40:22.595 | ERROR    | __main__:get_source:102 - This post was deleted.
2023-03-06 16:40:22.685 | ERROR    | __main__:get_source:102 - This post was deleted.
2023-03-06 16:40:22.712 | ERROR    | __main__:get_source:102 - This post was deleted.
2023-03-06 16:40:22.751 | ERROR    | __main__:get_source:94 - This post does not exist
2023-03-06 16:40:23.122 | ERROR    | __main__:get_source:102 - This post was deleted.
2023-03-06 16:40:27.435 | INFO     | __main__:process_urls:340 - 等待6秒继续并发
2023-03-06 16:40:33.450 | INFO     | __main__:process_urls:340 - 等待6秒继续并发
2023-03-06 16:40:39.469 | INFO     | __main__:process_urls:340 - 等待6秒继续并发
2023-03-06 16:40:40.797 | ERROR    | __main__:get_source:94 - This post does not exist
2023-03-06 16:40:40.994 | ERROR    | __main__:get_source:94 - This post does not exist
2023-03-06 16:40:41.034 | ERROR    | __main__:get_source:94 - This post does not exist
2023-03-06 16:40:45.474 | INFO     | __main__:process_urls:340 - 等待6秒继续并发
2023-03-06 16:40:46.772 | ERROR    | __main__:get_source:102 - This post was deleted.
2023-03-06 16:40:46.781 | ERROR    | __main__:get_source:102 - This post was deleted.
2023-03-06 16:40:51.484 | INFO     | __main__:process_urls:340 - 等待6秒继续并发
2023-03-06 16:40:52.621 | ERROR    | __main__:get_source:102 - This post was deleted.
2023-03-06 16:40:57.484 | INFO     | __main__:process_urls:340 - 等待6秒继续并发
2023-03-06 16:40:58.547 | ERROR    | __main__:get_source:102 - This post was deleted.
2023-03-06 16:41:10.444 | INFO     | __main__:download_imgs:385 - 等待6秒继续并发下载图片
2023-03-06 16:41:16.446 | INFO     | __main__:download_imgs:385 - 等待6秒继续并发下载图片
2023-03-06 16:41:22.446 | INFO     | __main__:download_imgs:385 - 等待6秒继续并发下载图片
2023-03-06 16:41:28.447 | INFO     | __main__:download_imgs:385 - 等待6秒继续并发下载图片
2023-03-06 16:41:34.468 | INFO     | __main__:download_imgs:385 - 等待6秒继续并发下载图片
2023-03-06 16:41:40.463 | INFO     | __main__:download_imgs:385 - 等待6秒继续并发下载图片
2023-03-06 16:41:46.467 | INFO     | __main__:download_imgs:385 - 等待6秒继续并发下载图片
2023-03-06 16:42:40.101 | SUCCESS  | __main__:download_imgs:399 - downloaded 78 img ......
2023-03-06 16:42:41.228 | INFO     | __main__:uni_tag:470 - 数据库tag表共有6777条tag
2023-03-06 16:42:42.131 | INFO     | __main__:uni_tag:474 - 排除352个重复tag
2023-03-06 16:42:42.132 | SUCCESS  | __main__:<module>:576 - 保存37个tag到数据库
2023-03-06 16:42:42.307 | SUCCESS  | __main__:<module>:587 - added 78 img data into testdb....
2023-03-06 16:42:43.632 | INFO     | __main__:<module>:518 - 数据库共有26490条图像数据
2023-03-06 16:42:43.649 | INFO     | __main__:<module>:535 - 排除12个重复pid....
2023-03-06 16:42:43.651 | INFO     | __main__:process_urls:340 - 等待6秒继续并发
2023-03-06 16:42:45.017 | ERROR    | __main__:get_source:94 - This post does not exist
2023-03-06 16:42:49.676 | INFO     | __main__:process_urls:340 - 等待6秒继续并发
2023-03-06 16:42:55.675 | INFO     | __main__:process_urls:340 - 等待6秒继续并发
2023-03-06 16:42:57.364 | ERROR    | __main__:get_source:102 - This post was deleted.
2023-03-06 16:43:01.675 | INFO     | __main__:process_urls:340 - 等待6秒继续并发
2023-03-06 16:43:03.178 | ERROR    | __main__:get_source:102 - This post was deleted.
2023-03-06 16:43:07.673 | INFO     | __main__:process_urls:340 - 等待6秒继续并发
2023-03-06 16:43:13.684 | INFO     | __main__:process_urls:340 - 等待6秒继续并发
2023-03-06 16:43:19.686 | INFO     | __main__:process_urls:340 - 等待6秒继续并发
2023-03-06 16:43:20.843 | ERROR    | __main__:get_source:102 - This post was deleted.
2023-03-06 16:43:25.695 | INFO     | __main__:process_urls:340 - 等待6秒继续并发
2023-03-06 16:43:27.357 | ERROR    | __main__:get_source:102 - This post was deleted.
2023-03-06 16:43:27.976 | ERROR    | __main__:get_source:102 - This post was deleted.
2023-03-06 16:43:40.078 | INFO     | __main__:download_imgs:385 - 等待6秒继续并发下载图片
2023-03-06 16:43:46.096 | INFO     | __main__:download_imgs:385 - 等待6秒继续并发下载图片
2023-03-06 16:43:52.088 | INFO     | __main__:download_imgs:385 - 等待6秒继续并发下载图片
2023-03-06 16:43:58.097 | INFO     | __main__:download_imgs:385 - 等待6秒继续并发下载图片
2023-03-06 16:44:04.102 | INFO     | __main__:download_imgs:385 - 等待6秒继续并发下载图片
2023-03-06 16:44:10.086 | INFO     | __main__:download_imgs:385 - 等待6秒继续并发下载图片
2023-03-06 16:44:16.097 | INFO     | __main__:download_imgs:385 - 等待6秒继续并发下载图片
2023-03-06 16:44:22.088 | INFO     | __main__:download_imgs:385 - 等待6秒继续并发下载图片
2023-03-06 16:44:28.022 | WARNING  | __main__:save_img:254 - relink dowmload img 1次.....
2023-03-06 16:44:33.202 | WARNING  | __main__:save_img:254 - relink dowmload img 1次.....
2023-03-06 16:45:08.402 | SUCCESS  | __main__:download_imgs:399 - downloaded 82 img ......
2023-03-06 16:45:09.425 | INFO     | __main__:uni_tag:470 - 数据库tag表共有6838条tag
2023-03-06 16:45:10.129 | INFO     | __main__:uni_tag:474 - 排除393个重复tag
2023-03-06 16:45:10.130 | SUCCESS  | __main__:<module>:576 - 保存61个tag到数据库
2023-03-06 16:45:10.325 | SUCCESS  | __main__:<module>:587 - added 160 img data into testdb....
2023-03-06 16:45:11.562 | INFO     | __main__:<module>:518 - 数据库共有26650条图像数据
2023-03-06 16:45:11.581 | INFO     | __main__:<module>:535 - 排除12个重复pid....
2023-03-06 16:45:11.584 | INFO     | __main__:process_urls:340 - 等待6秒继续并发
2023-03-06 16:45:12.650 | ERROR    | __main__:get_source:94 - This post does not exist
2023-03-06 16:45:13.225 | ERROR    | __main__:get_source:102 - This post was deleted.
2023-03-06 16:45:17.588 | INFO     | __main__:process_urls:340 - 等待6秒继续并发
2023-03-06 16:45:18.820 | ERROR    | __main__:get_source:102 - This post was deleted.
2023-03-06 16:45:20.922 | ERROR    | __main__:get_source:102 - This post was deleted.
2023-03-06 16:45:23.600 | INFO     | __main__:process_urls:340 - 等待6秒继续并发
2023-03-06 16:45:27.241 | WARNING  | __main__:get_source:78 - relink get source.....
2023-03-06 16:45:27.243 | ERROR    | __main__:get_source:79 - Server disconnected without sending a response.
2023-03-06 16:45:29.615 | INFO     | __main__:process_urls:340 - 等待6秒继续并发
2023-03-06 16:45:31.654 | ERROR    | __main__:get_source:94 - This post does not exist
2023-03-06 16:45:34.272 | WARNING  | __main__:get_source:78 - relink get source.....
2023-03-06 16:45:34.273 | ERROR    | __main__:get_source:79 - Server disconnected without sending a response.
2023-03-06 16:45:35.623 | INFO     | __main__:process_urls:340 - 等待6秒继续并发
2023-03-06 16:45:37.613 | ERROR    | __main__:get_source:94 - This post does not exist
2023-03-06 16:45:37.855 | ERROR    | __main__:get_source:94 - This post does not exist
2023-03-06 16:45:41.636 | INFO     | __main__:process_urls:340 - 等待6秒继续并发
2023-03-06 16:45:43.240 | ERROR    | __main__:get_source:102 - This post was deleted.
2023-03-06 16:45:47.644 | INFO     | __main__:process_urls:340 - 等待6秒继续并发
2023-03-06 16:45:49.076 | ERROR    | __main__:get_source:94 - This post does not exist
2023-03-06 16:45:53.643 | INFO     | __main__:process_urls:340 - 等待6秒继续并发
2023-03-06 16:46:00.764 | ERROR    | __main__:get_source:94 - This post does not exist
2023-03-06 16:46:00.922 | ERROR    | __main__:get_source:94 - This post does not exist
2023-03-06 16:46:00.928 | ERROR    | __main__:get_source:94 - This post does not exist
2023-03-06 16:46:06.623 | ERROR    | __mp_main__:parse:215 - 未知 parse error 1....
2023-03-06 16:46:06.625 | ERROR    | __mp_main__:parse:216 - https://konachan.com/images/stubs/explicit.png
2023-03-06 16:46:06.626 | ERROR    | __mp_main__:parse:217 - https://konachan.com/post/show/307751/
2023-03-06 16:46:07.833 | INFO     | __main__:download_imgs:385 - 等待6秒继续并发下载图片
2023-03-06 16:46:13.821 | INFO     | __main__:download_imgs:385 - 等待6秒继续并发下载图片
2023-03-06 16:46:19.836 | INFO     | __main__:download_imgs:385 - 等待6秒继续并发下载图片
2023-03-06 16:46:25.858 | INFO     | __main__:download_imgs:385 - 等待6秒继续并发下载图片
2023-03-06 16:46:31.869 | INFO     | __main__:download_imgs:385 - 等待6秒继续并发下载图片
2023-03-06 16:46:37.123 | WARNING  | __main__:save_img:254 - relink dowmload img 1次.....
2023-03-06 16:46:37.874 | INFO     | __main__:download_imgs:385 - 等待6秒继续并发下载图片
2023-03-06 16:46:43.895 | INFO     | __main__:download_imgs:385 - 等待6秒继续并发下载图片
2023-03-06 16:46:44.354 | WARNING  | __main__:save_img:254 - relink dowmload img 1次.....
2023-03-06 16:46:55.075 | WARNING  | __main__:save_img:254 - relink dowmload img 1次.....
2023-03-06 16:47:12.579 | SUCCESS  | __main__:download_imgs:399 - downloaded 76 img ......
2023-03-06 16:47:13.772 | INFO     | __main__:uni_tag:470 - 数据库tag表共有6906条tag
2023-03-06 16:47:14.473 | INFO     | __main__:uni_tag:474 - 排除363个重复tag
2023-03-06 16:47:14.475 | SUCCESS  | __main__:<module>:576 - 保存68个tag到数据库
2023-03-06 16:47:14.726 | SUCCESS  | __main__:<module>:587 - added 236 img data into testdb....
2023-03-06 16:47:16.151 | INFO     | __main__:<module>:518 - 数据库共有26886条图像数据
2023-03-06 16:47:16.167 | INFO     | __main__:<module>:535 - 排除15个重复pid....
2023-03-06 16:47:16.170 | INFO     | __main__:process_urls:340 - 等待6秒继续并发
2023-03-06 16:47:17.263 | ERROR    | __main__:get_source:102 - This post was deleted.
2023-03-06 16:47:20.473 | ERROR    | __main__:get_source:94 - This post does not exist
2023-03-06 16:47:22.168 | INFO     | __main__:process_urls:340 - 等待6秒继续并发
2023-03-06 16:47:23.399 | ERROR    | __main__:get_source:94 - This post does not exist
2023-03-06 16:47:24.890 | ERROR    | __main__:get_source:102 - This post was deleted.
2023-03-06 16:47:28.184 | INFO     | __main__:process_urls:340 - 等待6秒继续并发
2023-03-06 16:47:34.197 | INFO     | __main__:process_urls:340 - 等待6秒继续并发
2023-03-06 16:47:35.427 | ERROR    | __main__:get_source:102 - This post was deleted.
2023-03-06 16:47:35.670 | ERROR    | __main__:get_source:102 - This post was deleted.
2023-03-06 16:47:40.214 | INFO     | __main__:process_urls:340 - 等待6秒继续并发
2023-03-06 16:47:41.188 | ERROR    | __main__:get_source:94 - This post does not exist
2023-03-06 16:47:41.483 | ERROR    | __main__:get_source:94 - This post does not exist
2023-03-06 16:47:46.222 | INFO     | __main__:process_urls:340 - 等待6秒继续并发
2023-03-06 16:47:52.236 | INFO     | __main__:process_urls:340 - 等待6秒继续并发
2023-03-06 16:47:53.258 | ERROR    | __main__:get_source:94 - This post does not exist
2023-03-06 16:47:53.487 | ERROR    | __main__:get_source:102 - This post was deleted.
2023-03-06 16:47:58.245 | INFO     | __main__:process_urls:340 - 等待6秒继续并发
2023-03-06 16:47:59.408 | ERROR    | __main__:get_source:102 - This post was deleted.
2023-03-06 16:47:59.594 | ERROR    | __main__:get_source:102 - This post was deleted.
2023-03-06 16:48:10.670 | INFO     | __main__:download_imgs:385 - 等待6秒继续并发下载图片
2023-03-06 16:48:16.671 | INFO     | __main__:download_imgs:385 - 等待6秒继续并发下载图片
2023-03-06 16:48:22.666 | INFO     | __main__:download_imgs:385 - 等待6秒继续并发下载图片
2023-03-06 16:48:28.666 | INFO     | __main__:download_imgs:385 - 等待6秒继续并发下载图片
2023-03-06 16:48:34.666 | INFO     | __main__:download_imgs:385 - 等待6秒继续并发下载图片
2023-03-06 16:48:40.671 | INFO     | __main__:download_imgs:385 - 等待6秒继续并发下载图片
2023-03-06 16:48:46.673 | INFO     | __main__:download_imgs:385 - 等待6秒继续并发下载图片
2023-03-06 16:49:20.708 | SUCCESS  | __main__:download_imgs:399 - downloaded 73 img ......
2023-03-06 16:49:21.803 | INFO     | __main__:uni_tag:470 - 数据库tag表共有6936条tag
2023-03-06 16:49:22.480 | INFO     | __main__:uni_tag:474 - 排除364个重复tag
2023-03-06 16:49:22.481 | SUCCESS  | __main__:<module>:576 - 保存30个tag到数据库
2023-03-06 16:49:22.735 | SUCCESS  | __main__:<module>:587 - added 309 img data into testdb....
2023-03-06 16:49:24.641 | INFO     | __main__:<module>:518 - 数据库共有27195条图像数据
2023-03-06 16:49:24.657 | INFO     | __main__:<module>:535 - 排除11个重复pid....
2023-03-06 16:49:24.660 | INFO     | __main__:process_urls:340 - 等待6秒继续并发
2023-03-06 16:49:30.664 | INFO     | __main__:process_urls:340 - 等待6秒继续并发
2023-03-06 16:49:32.040 | ERROR    | __main__:get_source:102 - This post was deleted.
2023-03-06 16:49:32.087 | ERROR    | __main__:get_source:94 - This post does not exist
2023-03-06 16:49:32.204 | ERROR    | __main__:get_source:94 - This post does not exist
2023-03-06 16:49:36.674 | INFO     | __main__:process_urls:340 - 等待6秒继续并发
2023-03-06 16:49:42.685 | INFO     | __main__:process_urls:340 - 等待6秒继续并发
2023-03-06 16:49:48.698 | INFO     | __main__:process_urls:340 - 等待6秒继续并发
2023-03-06 16:49:50.216 | ERROR    | __main__:get_source:94 - This post does not exist
2023-03-06 16:49:54.707 | INFO     | __main__:process_urls:340 - 等待6秒继续并发
2023-03-06 16:49:55.731 | ERROR    | __main__:get_source:102 - This post was deleted.
2023-03-06 16:49:55.817 | ERROR    | __main__:get_source:102 - This post was deleted.
2023-03-06 16:49:56.219 | ERROR    | __main__:get_source:102 - This post was deleted.
2023-03-06 16:50:00.711 | INFO     | __main__:process_urls:340 - 等待6秒继续并发
2023-03-06 16:50:06.727 | INFO     | __main__:process_urls:340 - 等待6秒继续并发
2023-03-06 16:50:07.626 | ERROR    | __main__:get_source:94 - This post does not exist
2023-03-06 16:50:07.833 | ERROR    | __main__:get_source:94 - This post does not exist
2023-03-06 16:50:13.890 | ERROR    | __main__:get_source:102 - This post was deleted.
2023-03-06 16:50:19.524 | INFO     | __main__:download_imgs:385 - 等待6秒继续并发下载图片
2023-03-06 16:50:25.531 | INFO     | __main__:download_imgs:385 - 等待6秒继续并发下载图片
2023-03-06 16:50:31.544 | INFO     | __main__:download_imgs:385 - 等待6秒继续并发下载图片
2023-03-06 16:50:37.540 | INFO     | __main__:download_imgs:385 - 等待6秒继续并发下载图片
2023-03-06 16:50:43.552 | INFO     | __main__:download_imgs:385 - 等待6秒继续并发下载图片
2023-03-06 16:50:49.556 | INFO     | __main__:download_imgs:385 - 等待6秒继续并发下载图片
2023-03-06 16:50:55.540 | INFO     | __main__:download_imgs:385 - 等待6秒继续并发下载图片
2023-03-06 16:51:13.114 | SUCCESS  | __main__:download_imgs:399 - downloaded 79 img ......
2023-03-06 16:51:14.534 | INFO     | __main__:uni_tag:470 - 数据库tag表共有6983条tag
2023-03-06 16:51:15.261 | INFO     | __main__:uni_tag:474 - 排除375个重复tag
2023-03-06 16:51:15.263 | SUCCESS  | __main__:<module>:576 - 保存47个tag到数据库
2023-03-06 16:51:15.529 | SUCCESS  | __main__:<module>:587 - added 388 img data into testdb....
2023-03-06 16:51:16.848 | INFO     | __main__:<module>:518 - 数据库共有27583条图像数据
2023-03-06 16:51:16.864 | INFO     | __main__:<module>:535 - 排除20个重复pid....
2023-03-06 16:51:16.866 | INFO     | __main__:process_urls:340 - 等待6秒继续并发
2023-03-06 16:51:18.152 | ERROR    | __main__:get_source:102 - This post was deleted.
2023-03-06 16:51:22.870 | INFO     | __main__:process_urls:340 - 等待6秒继续并发
2023-03-06 16:51:24.470 | ERROR    | __main__:get_source:102 - This post was deleted.
2023-03-06 16:51:28.887 | INFO     | __main__:process_urls:340 - 等待6秒继续并发
2023-03-06 16:51:30.031 | ERROR    | __main__:get_source:94 - This post does not exist
2023-03-06 16:51:30.511 | ERROR    | __main__:get_source:102 - This post was deleted.
2023-03-06 16:51:34.902 | INFO     | __main__:process_urls:340 - 等待6秒继续并发
2023-03-06 16:51:36.249 | ERROR    | __main__:get_source:102 - This post was deleted.
2023-03-06 16:51:36.322 | ERROR    | __main__:get_source:102 - This post was deleted.
2023-03-06 16:51:40.914 | INFO     | __main__:process_urls:340 - 等待6秒继续并发
2023-03-06 16:51:46.928 | INFO     | __main__:process_urls:340 - 等待6秒继续并发
2023-03-06 16:51:52.948 | INFO     | __main__:process_urls:340 - 等待6秒继续并发
2023-03-06 16:51:54.043 | ERROR    | __main__:get_source:102 - This post was deleted.
2023-03-06 16:51:54.060 | ERROR    | __main__:get_source:94 - This post does not exist
2023-03-06 16:51:54.197 | ERROR    | __main__:get_source:102 - This post was deleted.
2023-03-06 16:51:54.610 | ERROR    | __main__:get_source:102 - This post was deleted.
2023-03-06 16:51:58.966 | INFO     | __main__:process_urls:340 - 等待6秒继续并发
2023-03-06 16:52:00.358 | ERROR    | __main__:get_source:94 - This post does not exist
2023-03-06 16:52:00.458 | ERROR    | __main__:get_source:94 - This post does not exist
2023-03-06 16:52:00.878 | ERROR    | __main__:get_source:102 - This post was deleted.
2023-03-06 16:52:10.108 | INFO     | __main__:download_imgs:385 - 等待6秒继续并发下载图片
2023-03-06 16:52:16.087 | INFO     | __main__:download_imgs:385 - 等待6秒继续并发下载图片
2023-03-06 16:52:22.088 | INFO     | __main__:download_imgs:385 - 等待6秒继续并发下载图片
2023-03-06 16:52:28.088 | INFO     | __main__:download_imgs:385 - 等待6秒继续并发下载图片
2023-03-06 16:52:34.090 | INFO     | __main__:download_imgs:385 - 等待6秒继续并发下载图片
2023-03-06 16:52:40.087 | INFO     | __main__:download_imgs:385 - 等待6秒继续并发下载图片
2023-03-06 16:53:04.139 | SUCCESS  | __main__:download_imgs:399 - downloaded 67 img ......
2023-03-06 16:53:05.263 | INFO     | __main__:uni_tag:470 - 数据库tag表共有7027条tag
2023-03-06 16:53:05.973 | INFO     | __main__:uni_tag:474 - 排除329个重复tag
2023-03-06 16:53:05.975 | SUCCESS  | __main__:<module>:576 - 保存44个tag到数据库
2023-03-06 16:53:06.226 | SUCCESS  | __main__:<module>:587 - added 455 img data into testdb....
2023-03-06 16:53:07.578 | INFO     | __main__:<module>:518 - 数据库共有28038条图像数据
2023-03-06 16:53:07.594 | INFO     | __main__:<module>:535 - 排除11个重复pid....
2023-03-06 16:53:07.597 | INFO     | __main__:process_urls:340 - 等待6秒继续并发
2023-03-06 16:53:09.092 | ERROR    | __main__:get_source:102 - This post was deleted.
2023-03-06 16:53:09.405 | ERROR    | __main__:get_source:94 - This post does not exist
2023-03-06 16:53:13.614 | INFO     | __main__:process_urls:340 - 等待6秒继续并发
2023-03-06 16:53:15.133 | ERROR    | __main__:get_source:102 - This post was deleted.
2023-03-06 16:53:15.185 | ERROR    | __main__:get_source:102 - This post was deleted.
2023-03-06 16:53:15.550 | ERROR    | __main__:get_source:102 - This post was deleted.
2023-03-06 16:53:19.620 | INFO     | __main__:process_urls:340 - 等待6秒继续并发
2023-03-06 16:53:20.778 | ERROR    | __main__:get_source:94 - This post does not exist
2023-03-06 16:53:25.624 | INFO     | __main__:process_urls:340 - 等待6秒继续并发
2023-03-06 16:53:26.847 | ERROR    | __main__:get_source:102 - This post was deleted.
2023-03-06 16:53:26.972 | ERROR    | __main__:get_source:102 - This post was deleted.
2023-03-06 16:53:27.024 | ERROR    | __main__:get_source:102 - This post was deleted.
2023-03-06 16:53:31.628 | INFO     | __main__:process_urls:340 - 等待6秒继续并发
2023-03-06 16:53:33.144 | ERROR    | __main__:get_source:102 - This post was deleted.
2023-03-06 16:53:33.430 | ERROR    | __main__:get_source:102 - This post was deleted.
2023-03-06 16:53:37.634 | INFO     | __main__:process_urls:340 - 等待6秒继续并发
2023-03-06 16:53:40.544 | ERROR    | __main__:get_source:102 - This post was deleted.
2023-03-06 16:53:43.652 | INFO     | __main__:process_urls:340 - 等待6秒继续并发
2023-03-06 16:53:44.977 | ERROR    | __main__:get_source:102 - This post was deleted.
2023-03-06 16:53:45.585 | ERROR    | __main__:get_source:102 - This post was deleted.
2023-03-06 16:53:49.665 | INFO     | __main__:process_urls:340 - 等待6秒继续并发
2023-03-06 16:53:50.850 | ERROR    | __main__:get_source:102 - This post was deleted.
2023-03-06 16:53:51.032 | ERROR    | __main__:get_source:102 - This post was deleted.
2023-03-06 16:53:57.301 | ERROR    | __main__:get_source:102 - This post was deleted.
2023-03-06 16:54:02.443 | INFO     | __main__:download_imgs:385 - 等待6秒继续并发下载图片
2023-03-06 16:54:08.449 | INFO     | __main__:download_imgs:385 - 等待6秒继续并发下载图片
2023-03-06 16:54:14.459 | INFO     | __main__:download_imgs:385 - 等待6秒继续并发下载图片
2023-03-06 16:54:20.461 | INFO     | __main__:download_imgs:385 - 等待6秒继续并发下载图片
2023-03-06 16:57:15.565 | INFO     | __main__:<module>:413 - 连接数据库中...........
2023-03-06 16:57:15.657 | SUCCESS  | __main__:<module>:437 - link dbas 准备导入数据.....
2023-03-06 16:57:15.663 | SUCCESS  | __main__:<module>:504 - 单次下载数量:100
2023-03-06 16:57:15.664 | SUCCESS  | __main__:<module>:505 - 等待时间:6 并发数:10
2023-03-06 16:57:15.665 | SUCCESS  | __main__:<module>:506 - 下载图片路径:C:\Users\S\Desktop\database_learn\k_spider\pictures
2023-03-06 16:57:17.279 | INFO     | __main__:<module>:518 - 数据库共有28038条图像数据
2023-03-06 16:57:17.297 | INFO     | __main__:<module>:535 - 排除13个重复pid....
2023-03-06 16:57:17.300 | INFO     | __main__:process_urls:340 - 等待6秒继续并发
2023-03-06 16:57:18.308 | ERROR    | __main__:get_source:94 - This post does not exist
2023-03-06 16:57:23.310 | INFO     | __main__:process_urls:340 - 等待6秒继续并发
2023-03-06 16:57:24.582 | ERROR    | __main__:get_source:94 - This post does not exist
2023-03-06 16:57:29.327 | INFO     | __main__:process_urls:340 - 等待6秒继续并发
2023-03-06 16:57:30.720 | ERROR    | __main__:get_source:102 - This post was deleted.
2023-03-06 16:57:31.025 | ERROR    | __main__:get_source:94 - This post does not exist
2023-03-06 16:57:31.190 | ERROR    | __main__:get_source:94 - This post does not exist
2023-03-06 16:57:35.344 | INFO     | __main__:process_urls:340 - 等待6秒继续并发
2023-03-06 16:57:36.358 | ERROR    | __main__:get_source:94 - This post does not exist
2023-03-06 16:57:41.338 | INFO     | __main__:process_urls:340 - 等待6秒继续并发
2023-03-06 16:57:42.481 | ERROR    | __main__:get_source:94 - This post does not exist
2023-03-06 16:57:47.352 | INFO     | __main__:process_urls:340 - 等待6秒继续并发
2023-03-06 16:57:48.569 | ERROR    | __main__:get_source:102 - This post was deleted.
2023-03-06 16:57:48.869 | ERROR    | __main__:get_source:102 - This post was deleted.
2023-03-06 16:57:53.365 | INFO     | __main__:process_urls:340 - 等待6秒继续并发
2023-03-06 16:57:54.595 | ERROR    | __main__:get_source:94 - This post does not exist
2023-03-06 16:57:54.644 | ERROR    | __main__:get_source:102 - This post was deleted.
2023-03-06 16:57:59.373 | INFO     | __main__:process_urls:340 - 等待6秒继续并发
2023-03-06 16:58:06.853 | ERROR    | __main__:get_source:102 - This post was deleted.
2023-03-06 16:58:12.952 | INFO     | __main__:download_imgs:385 - 等待6秒继续并发下载图片
2023-03-06 16:58:18.946 | INFO     | __main__:download_imgs:385 - 等待6秒继续并发下载图片
2023-03-06 16:58:24.969 | INFO     | __main__:download_imgs:385 - 等待6秒继续并发下载图片
2023-03-06 16:58:30.967 | INFO     | __main__:download_imgs:385 - 等待6秒继续并发下载图片
2023-03-06 16:58:36.970 | INFO     | __main__:download_imgs:385 - 等待6秒继续并发下载图片
2023-03-06 16:58:42.982 | INFO     | __main__:download_imgs:385 - 等待6秒继续并发下载图片
2023-03-06 16:58:48.962 | INFO     | __main__:download_imgs:385 - 等待6秒继续并发下载图片
2023-03-06 16:59:22.767 | SUCCESS  | __main__:download_imgs:399 - downloaded 75 img ......
2023-03-06 16:59:23.881 | INFO     | __main__:uni_tag:470 - 数据库tag表共有7075条tag
2023-03-06 16:59:24.783 | INFO     | __main__:uni_tag:474 - 排除363个重复tag
2023-03-06 16:59:24.785 | SUCCESS  | __main__:<module>:576 - 保存48个tag到数据库
2023-03-06 16:59:24.966 | SUCCESS  | __main__:<module>:587 - added 75 img data into testdb....
2023-03-06 16:59:26.375 | INFO     | __main__:<module>:518 - 数据库共有28113条图像数据
2023-03-06 16:59:26.391 | INFO     | __main__:<module>:535 - 排除9个重复pid....
2023-03-06 16:59:26.393 | INFO     | __main__:process_urls:340 - 等待6秒继续并发
2023-03-06 16:59:27.461 | ERROR    | __main__:get_source:94 - This post does not exist
2023-03-06 16:59:27.571 | ERROR    | __main__:get_source:102 - This post was deleted.
2023-03-06 16:59:32.402 | INFO     | __main__:process_urls:340 - 等待6秒继续并发
2023-03-06 16:59:33.624 | ERROR    | __main__:get_source:102 - This post was deleted.
2023-03-06 16:59:38.411 | INFO     | __main__:process_urls:340 - 等待6秒继续并发
2023-03-06 16:59:39.591 | ERROR    | __main__:get_source:102 - This post was deleted.
2023-03-06 16:59:39.656 | ERROR    | __main__:get_source:102 - This post was deleted.
2023-03-06 16:59:39.894 | ERROR    | __main__:get_source:102 - This post was deleted.
2023-03-06 16:59:44.414 | INFO     | __main__:process_urls:340 - 等待6秒继续并发
2023-03-06 16:59:45.577 | ERROR    | __main__:get_source:94 - This post does not exist
2023-03-06 16:59:50.430 | INFO     | __main__:process_urls:340 - 等待6秒继续并发
2023-03-06 16:59:51.663 | ERROR    | __main__:get_source:102 - This post was deleted.
2023-03-06 16:59:56.436 | INFO     | __main__:process_urls:340 - 等待6秒继续并发
2023-03-06 16:59:57.684 | ERROR    | __main__:get_source:102 - This post was deleted.
2023-03-06 16:59:58.196 | ERROR    | __main__:get_source:94 - This post does not exist
2023-03-06 17:00:02.438 | INFO     | __main__:process_urls:340 - 等待6秒继续并发
2023-03-06 17:00:03.840 | ERROR    | __main__:get_source:102 - This post was deleted.
2023-03-06 17:00:03.987 | ERROR    | __main__:get_source:94 - This post does not exist
2023-03-06 17:00:08.444 | INFO     | __main__:process_urls:340 - 等待6秒继续并发
2023-03-06 17:00:09.726 | ERROR    | __main__:get_source:102 - This post was deleted.
2023-03-06 17:00:09.735 | ERROR    | __main__:get_source:94 - This post does not exist
2023-03-06 17:00:14.453 | INFO     | __main__:process_urls:340 - 等待6秒继续并发
2023-03-06 17:00:16.024 | ERROR    | __main__:get_source:94 - This post does not exist
2023-03-06 17:00:16.028 | ERROR    | __main__:get_source:102 - This post was deleted.
2023-03-06 17:00:16.441 | ERROR    | __main__:get_source:94 - This post does not exist
2023-03-06 17:00:27.029 | INFO     | __main__:download_imgs:385 - 等待6秒继续并发下载图片
2023-03-06 17:00:33.029 | INFO     | __main__:download_imgs:385 - 等待6秒继续并发下载图片
2023-03-06 17:00:39.028 | INFO     | __main__:download_imgs:385 - 等待6秒继续并发下载图片
2023-03-06 17:00:45.025 | INFO     | __main__:download_imgs:385 - 等待6秒继续并发下载图片
2023-03-06 17:00:51.032 | INFO     | __main__:download_imgs:385 - 等待6秒继续并发下载图片
2023-03-06 17:00:57.051 | INFO     | __main__:download_imgs:385 - 等待6秒继续并发下载图片
2023-03-06 17:01:03.050 | INFO     | __main__:download_imgs:385 - 等待6秒继续并发下载图片
2023-03-06 17:02:07.289 | SUCCESS  | __main__:download_imgs:399 - downloaded 74 img ......
2023-03-06 17:02:08.551 | INFO     | __main__:uni_tag:470 - 数据库tag表共有7121条tag
2023-03-06 17:02:09.367 | INFO     | __main__:uni_tag:474 - 排除354个重复tag
2023-03-06 17:02:09.369 | SUCCESS  | __main__:<module>:576 - 保存46个tag到数据库
2023-03-06 17:02:09.580 | SUCCESS  | __main__:<module>:587 - added 149 img data into testdb....
2023-03-06 17:02:10.765 | INFO     | __main__:<module>:518 - 数据库共有28262条图像数据
2023-03-06 17:02:10.780 | INFO     | __main__:<module>:535 - 排除13个重复pid....
2023-03-06 17:02:10.782 | INFO     | __main__:process_urls:340 - 等待6秒继续并发
2023-03-06 17:02:11.833 | ERROR    | __main__:get_source:94 - This post does not exist
2023-03-06 17:02:11.839 | ERROR    | __main__:get_source:94 - This post does not exist
2023-03-06 17:02:12.030 | ERROR    | __main__:get_source:102 - This post was deleted.
2023-03-06 17:02:12.052 | ERROR    | __main__:get_source:102 - This post was deleted.
2023-03-06 17:02:16.796 | INFO     | __main__:process_urls:340 - 等待6秒继续并发
2023-03-06 17:02:17.961 | ERROR    | __main__:get_source:94 - This post does not exist
2023-03-06 17:02:18.305 | ERROR    | __main__:get_source:94 - This post does not exist
2023-03-06 17:02:22.809 | INFO     | __main__:process_urls:340 - 等待6秒继续并发
2023-03-06 17:02:24.028 | ERROR    | __main__:get_source:102 - This post was deleted.
2023-03-06 17:02:24.076 | ERROR    | __main__:get_source:94 - This post does not exist
2023-03-06 17:02:24.404 | ERROR    | __main__:get_source:94 - This post does not exist
2023-03-06 17:02:28.819 | INFO     | __main__:process_urls:340 - 等待6秒继续并发
2023-03-06 17:02:30.320 | ERROR    | __main__:get_source:94 - This post does not exist
2023-03-06 17:02:34.835 | INFO     | __main__:process_urls:340 - 等待6秒继续并发
2023-03-06 17:02:36.257 | ERROR    | __main__:get_source:102 - This post was deleted.
2023-03-06 17:02:36.333 | ERROR    | __main__:get_source:102 - This post was deleted.
2023-03-06 17:02:40.849 | INFO     | __main__:process_urls:340 - 等待6秒继续并发
2023-03-06 17:02:46.846 | INFO     | __main__:process_urls:340 - 等待6秒继续并发
2023-03-06 17:02:47.851 | ERROR    | __main__:get_source:102 - This post was deleted.
2023-03-06 17:02:48.060 | ERROR    | __main__:get_source:102 - This post was deleted.
2023-03-06 17:02:49.002 | ERROR    | __main__:get_source:102 - This post was deleted.
2023-03-06 17:02:52.852 | INFO     | __main__:process_urls:340 - 等待6秒继续并发
2023-03-06 17:02:54.285 | ERROR    | __main__:get_source:102 - This post was deleted.
2023-03-06 17:02:54.363 | ERROR    | __main__:get_source:102 - This post was deleted.
2023-03-06 17:02:54.828 | ERROR    | __main__:get_source:102 - This post was deleted.
2023-03-06 17:03:00.092 | ERROR    | __main__:get_source:102 - This post was deleted.
2023-03-06 17:03:00.348 | ERROR    | __main__:get_source:102 - This post was deleted.
2023-03-06 17:03:00.361 | ERROR    | __main__:get_source:102 - This post was deleted.
2023-03-06 17:03:05.730 | INFO     | __main__:download_imgs:385 - 等待6秒继续并发下载图片
2023-03-06 17:03:11.716 | INFO     | __main__:download_imgs:385 - 等待6秒继续并发下载图片
2023-03-06 17:03:17.716 | INFO     | __main__:download_imgs:385 - 等待6秒继续并发下载图片
2023-04-02 18:46:41.507 | INFO     | __main__:<module>:413 - 连接数据库中...........
2023-04-02 18:46:41.678 | SUCCESS  | __main__:<module>:437 - link dbas 准备导入数据.....
2023-04-02 18:46:41.687 | SUCCESS  | __main__:<module>:504 - 单次下载数量:100
2023-04-02 18:46:41.690 | SUCCESS  | __main__:<module>:505 - 等待时间:6 并发数:10
2023-04-02 18:46:41.690 | SUCCESS  | __main__:<module>:506 - 下载图片路径:D:\ybxi and python\database_learn\k_spider\pictures
2023-04-02 18:46:44.647 | INFO     | __main__:<module>:518 - 数据库共有28262条图像数据
2023-04-02 18:46:44.678 | INFO     | __main__:<module>:535 - 排除9个重复pid....
2023-04-02 18:46:44.682 | INFO     | __main__:process_urls:340 - 等待6秒继续并发
2023-04-02 18:46:50.700 | INFO     | __main__:process_urls:340 - 等待6秒继续并发
2023-04-02 18:46:52.734 | ERROR    | __main__:get_source:102 - This post was deleted.
2023-04-02 18:46:52.846 | ERROR    | __main__:get_source:102 - This post was deleted.
2023-04-02 18:46:53.658 | ERROR    | __main__:get_source:94 - This post does not exist
2023-04-02 18:46:56.699 | INFO     | __main__:process_urls:340 - 等待6秒继续并发
2023-04-02 18:46:59.512 | ERROR    | __main__:get_source:102 - This post was deleted.
2023-04-02 18:47:02.725 | INFO     | __main__:process_urls:340 - 等待6秒继续并发
2023-04-02 18:47:04.124 | ERROR    | __main__:get_source:94 - This post does not exist
2023-04-02 18:47:08.753 | INFO     | __main__:process_urls:340 - 等待6秒继续并发
2023-04-02 18:47:10.270 | ERROR    | __main__:get_source:94 - This post does not exist
2023-04-02 18:47:10.836 | ERROR    | __main__:get_source:94 - This post does not exist
2023-04-02 18:47:10.935 | ERROR    | __main__:get_source:102 - This post was deleted.
2023-04-02 18:47:14.750 | INFO     | __main__:process_urls:340 - 等待6秒继续并发
2023-04-02 18:47:17.365 | ERROR    | __main__:get_source:102 - This post was deleted.
2023-04-02 18:47:20.771 | INFO     | __main__:process_urls:340 - 等待6秒继续并发
2023-04-02 18:47:22.401 | ERROR    | __main__:get_source:94 - This post does not exist
2023-04-02 18:47:22.806 | ERROR    | __main__:get_source:102 - This post was deleted.
2023-04-02 18:47:24.866 | ERROR    | __main__:get_source:102 - This post was deleted.
2023-04-02 18:47:26.794 | INFO     | __main__:process_urls:340 - 等待6秒继续并发
2023-04-02 18:47:32.803 | INFO     | __main__:process_urls:340 - 等待6秒继续并发
2023-04-02 18:47:34.365 | ERROR    | __main__:get_source:94 - This post does not exist
2023-04-02 18:47:34.373 | ERROR    | __main__:get_source:102 - This post was deleted.
2023-04-02 18:47:34.797 | ERROR    | __main__:get_source:102 - This post was deleted.
2023-04-02 18:47:47.713 | INFO     | __main__:download_imgs:385 - 等待6秒继续并发下载图片
2023-04-02 18:47:53.696 | INFO     | __main__:download_imgs:385 - 等待6秒继续并发下载图片
2023-04-02 18:47:59.694 | INFO     | __main__:download_imgs:385 - 等待6秒继续并发下载图片
2023-04-02 18:48:05.695 | INFO     | __main__:download_imgs:385 - 等待6秒继续并发下载图片
2023-04-02 18:48:11.700 | INFO     | __main__:download_imgs:385 - 等待6秒继续并发下载图片
2023-04-02 18:48:17.707 | INFO     | __main__:download_imgs:385 - 等待6秒继续并发下载图片
2023-04-02 18:48:23.699 | INFO     | __main__:download_imgs:385 - 等待6秒继续并发下载图片
2023-04-02 18:48:47.553 | SUCCESS  | __main__:download_imgs:399 - downloaded 76 img ......
2023-04-02 18:48:49.493 | INFO     | __main__:uni_tag:470 - 数据库tag表共有7171条tag
2023-04-02 18:48:52.536 | INFO     | __main__:uni_tag:474 - 排除347个重复tag
2023-04-02 18:48:52.548 | SUCCESS  | __main__:<module>:576 - 保存50个tag到数据库
2023-04-02 18:48:52.924 | SUCCESS  | __main__:<module>:587 - added 76 img data into testdb....
2023-04-02 18:48:54.292 | INFO     | __main__:<module>:518 - 数据库共有28338条图像数据
2023-04-02 18:48:54.329 | INFO     | __main__:<module>:535 - 排除12个重复pid....
2023-04-02 18:48:54.338 | INFO     | __main__:process_urls:340 - 等待6秒继续并发
2023-04-02 18:48:55.691 | ERROR    | __main__:get_source:94 - This post does not exist
2023-04-02 18:49:00.359 | INFO     | __main__:process_urls:340 - 等待6秒继续并发
2023-04-02 18:49:01.749 | ERROR    | __main__:get_source:102 - This post was deleted.
2023-04-02 18:49:02.141 | ERROR    | __main__:get_source:94 - This post does not exist
2023-04-02 18:49:06.365 | INFO     | __main__:process_urls:340 - 等待6秒继续并发
2023-04-02 18:49:07.792 | ERROR    | __main__:get_source:102 - This post was deleted.
2023-04-02 18:49:07.930 | ERROR    | __main__:get_source:102 - This post was deleted.
2023-04-02 18:49:12.377 | INFO     | __main__:process_urls:340 - 等待6秒继续并发
2023-04-02 18:49:13.816 | ERROR    | __main__:get_source:102 - This post was deleted.
2023-04-02 18:49:15.260 | ERROR    | __main__:get_source:102 - This post was deleted.
2023-04-02 18:49:18.386 | INFO     | __main__:process_urls:340 - 等待6秒继续并发
2023-04-02 18:49:24.405 | INFO     | __main__:process_urls:340 - 等待6秒继续并发
2023-04-02 18:49:25.960 | ERROR    | __main__:get_source:102 - This post was deleted.
2023-04-02 18:49:30.423 | INFO     | __main__:process_urls:340 - 等待6秒继续并发
2023-04-02 18:49:31.828 | ERROR    | __main__:get_source:94 - This post does not exist
2023-04-02 18:49:32.183 | ERROR    | __main__:get_source:94 - This post does not exist
2023-04-02 18:49:32.996 | ERROR    | __main__:get_source:94 - This post does not exist
2023-04-02 18:49:36.433 | INFO     | __main__:process_urls:340 - 等待6秒继续并发
2023-04-02 18:49:43.994 | ERROR    | __main__:get_source:102 - This post was deleted.
2023-04-02 18:49:44.134 | ERROR    | __main__:get_source:94 - This post does not exist
2023-04-02 18:49:52.948 | INFO     | __main__:download_imgs:385 - 等待6秒继续并发下载图片
2023-04-02 18:49:58.945 | INFO     | __main__:download_imgs:385 - 等待6秒继续并发下载图片
2023-04-02 18:50:04.947 | INFO     | __main__:download_imgs:385 - 等待6秒继续并发下载图片
2023-04-02 18:50:10.957 | INFO     | __main__:download_imgs:385 - 等待6秒继续并发下载图片
2023-04-02 18:50:16.947 | INFO     | __main__:download_imgs:385 - 等待6秒继续并发下载图片
2023-04-02 18:50:22.956 | INFO     | __main__:download_imgs:385 - 等待6秒继续并发下载图片
2023-04-02 18:50:28.946 | INFO     | __main__:download_imgs:385 - 等待6秒继续并发下载图片
2023-04-02 18:52:03.514 | SUCCESS  | __main__:download_imgs:399 - downloaded 75 img ......
2023-04-02 18:52:04.741 | INFO     | __main__:uni_tag:470 - 数据库tag表共有7207条tag
2023-04-02 18:52:05.991 | INFO     | __main__:uni_tag:474 - 排除389个重复tag
2023-04-02 18:52:05.996 | SUCCESS  | __main__:<module>:576 - 保存36个tag到数据库
2023-04-02 18:52:06.311 | SUCCESS  | __main__:<module>:587 - added 151 img data into testdb....
2023-04-02 18:52:08.097 | INFO     | __main__:<module>:518 - 数据库共有28489条图像数据
2023-04-02 18:52:08.126 | INFO     | __main__:<module>:535 - 排除17个重复pid....
2023-04-02 18:52:08.130 | INFO     | __main__:process_urls:340 - 等待6秒继续并发
2023-04-02 18:52:10.021 | ERROR    | __main__:get_source:102 - This post was deleted.
2023-04-02 18:52:10.259 | ERROR    | __main__:get_source:94 - This post does not exist
2023-04-02 18:52:14.130 | INFO     | __main__:process_urls:340 - 等待6秒继续并发
2023-04-02 18:52:15.588 | ERROR    | __main__:get_source:102 - This post was deleted.
2023-04-02 18:52:16.064 | ERROR    | __main__:get_source:102 - This post was deleted.
2023-04-02 18:52:20.137 | INFO     | __main__:process_urls:340 - 等待6秒继续并发
2023-04-02 18:52:21.920 | ERROR    | __main__:get_source:94 - This post does not exist
2023-04-02 18:52:22.122 | ERROR    | __main__:get_source:102 - This post was deleted.
2023-04-02 18:52:26.148 | INFO     | __main__:process_urls:340 - 等待6秒继续并发
2023-04-02 18:52:27.344 | ERROR    | __main__:get_source:94 - This post does not exist
2023-04-02 18:52:27.555 | ERROR    | __main__:get_source:102 - This post was deleted.
2023-04-02 18:52:32.159 | INFO     | __main__:process_urls:340 - 等待6秒继续并发
2023-04-02 18:52:38.165 | INFO     | __main__:process_urls:340 - 等待6秒继续并发
2023-04-02 18:52:44.181 | INFO     | __main__:process_urls:340 - 等待6秒继续并发
2023-04-02 18:52:46.197 | ERROR    | __main__:get_source:94 - This post does not exist
2023-04-02 18:52:50.207 | INFO     | __main__:process_urls:340 - 等待6秒继续并发
2023-04-02 18:52:52.340 | ERROR    | __main__:get_source:94 - This post does not exist
2023-04-02 18:53:06.203 | INFO     | __main__:download_imgs:385 - 等待6秒继续并发下载图片
2023-04-02 18:53:12.216 | INFO     | __main__:download_imgs:385 - 等待6秒继续并发下载图片
2023-04-02 18:53:18.219 | INFO     | __main__:download_imgs:385 - 等待6秒继续并发下载图片
2023-04-02 18:53:24.199 | INFO     | __main__:download_imgs:385 - 等待6秒继续并发下载图片
2023-04-02 18:53:30.202 | INFO     | __main__:download_imgs:385 - 等待6秒继续并发下载图片
2023-04-02 18:53:36.206 | INFO     | __main__:download_imgs:385 - 等待6秒继续并发下载图片
2023-04-02 18:53:42.195 | INFO     | __main__:download_imgs:385 - 等待6秒继续并发下载图片
2023-04-02 18:53:59.378 | SUCCESS  | __main__:download_imgs:399 - downloaded 73 img ......
2023-04-02 18:54:00.453 | INFO     | __main__:uni_tag:470 - 数据库tag表共有7262条tag
2023-04-02 18:54:01.861 | INFO     | __main__:uni_tag:474 - 排除352个重复tag
2023-04-02 18:54:01.865 | SUCCESS  | __main__:<module>:576 - 保存55个tag到数据库
2023-04-02 18:54:02.187 | SUCCESS  | __main__:<module>:587 - added 224 img data into testdb....
2023-04-02 18:54:02.926 | INFO     | __main__:<module>:518 - 数据库共有28713条图像数据
2023-04-02 18:54:02.957 | INFO     | __main__:<module>:535 - 排除15个重复pid....
2023-04-02 18:54:02.959 | INFO     | __main__:process_urls:340 - 等待6秒继续并发
2023-04-02 18:54:04.449 | ERROR    | __main__:get_source:94 - This post does not exist
2023-04-02 18:54:04.826 | ERROR    | __main__:get_source:94 - This post does not exist
2023-04-02 18:54:08.982 | INFO     | __main__:process_urls:340 - 等待6秒继续并发
2023-04-02 18:54:10.629 | ERROR    | __main__:get_source:102 - This post was deleted.
2023-04-02 18:54:11.015 | ERROR    | __main__:get_source:102 - This post was deleted.
2023-04-02 18:54:14.982 | INFO     | __main__:process_urls:340 - 等待6秒继续并发
2023-04-02 18:54:20.992 | INFO     | __main__:process_urls:340 - 等待6秒继续并发
2023-04-02 18:54:22.768 | ERROR    | __main__:get_source:102 - This post was deleted.
2023-04-02 18:54:27.012 | INFO     | __main__:process_urls:340 - 等待6秒继续并发
2023-04-02 18:54:28.558 | ERROR    | __main__:get_source:94 - This post does not exist
2023-04-02 18:54:28.726 | ERROR    | __main__:get_source:102 - This post was deleted.
2023-04-02 18:54:33.021 | INFO     | __main__:process_urls:340 - 等待6秒继续并发
2023-04-02 18:54:34.927 | ERROR    | __main__:get_source:102 - This post was deleted.
2023-04-02 18:54:39.040 | INFO     | __main__:process_urls:340 - 等待6秒继续并发
2023-04-02 18:54:41.179 | ERROR    | __main__:get_source:102 - This post was deleted.
2023-04-02 18:54:45.051 | INFO     | __main__:process_urls:340 - 等待6秒继续并发
2023-04-02 18:55:00.450 | INFO     | __main__:download_imgs:385 - 等待6秒继续并发下载图片
2023-04-02 18:55:06.461 | INFO     | __main__:download_imgs:385 - 等待6秒继续并发下载图片
2023-04-02 18:55:12.446 | INFO     | __main__:download_imgs:385 - 等待6秒继续并发下载图片
2023-04-02 18:55:18.444 | INFO     | __main__:download_imgs:385 - 等待6秒继续并发下载图片
2023-04-02 18:55:24.454 | INFO     | __main__:download_imgs:385 - 等待6秒继续并发下载图片
2023-04-02 18:55:30.447 | INFO     | __main__:download_imgs:385 - 等待6秒继续并发下载图片
2023-04-02 18:55:36.454 | INFO     | __main__:download_imgs:385 - 等待6秒继续并发下载图片
2023-04-02 18:56:12.641 | SUCCESS  | __main__:download_imgs:399 - downloaded 76 img ......
2023-04-02 18:56:13.776 | INFO     | __main__:uni_tag:470 - 数据库tag表共有7303条tag
2023-04-02 18:56:15.003 | INFO     | __main__:uni_tag:474 - 排除340个重复tag
2023-04-02 18:56:15.013 | SUCCESS  | __main__:<module>:576 - 保存41个tag到数据库
2023-04-02 18:56:15.359 | SUCCESS  | __main__:<module>:587 - added 300 img data into testdb....
2023-04-02 18:56:16.317 | INFO     | __main__:<module>:518 - 数据库共有29013条图像数据
2023-04-02 18:56:16.345 | INFO     | __main__:<module>:535 - 排除14个重复pid....
2023-04-02 18:56:16.352 | INFO     | __main__:process_urls:340 - 等待6秒继续并发
2023-04-02 18:56:18.079 | ERROR    | __main__:get_source:94 - This post does not exist
2023-04-02 18:56:18.137 | ERROR    | __main__:get_source:102 - This post was deleted.
2023-04-02 18:56:18.285 | ERROR    | __main__:get_source:102 - This post was deleted.
2023-04-02 18:56:22.393 | INFO     | __main__:process_urls:340 - 等待6秒继续并发
2023-04-02 18:56:24.100 | ERROR    | __main__:get_source:94 - This post does not exist
2023-04-02 18:56:24.313 | ERROR    | __main__:get_source:102 - This post was deleted.
2023-04-02 18:56:28.424 | INFO     | __main__:process_urls:340 - 等待6秒继续并发
2023-04-02 18:56:29.865 | ERROR    | __main__:get_source:102 - This post was deleted.
2023-04-02 18:56:29.949 | ERROR    | __main__:get_source:102 - This post was deleted.
2023-04-02 18:56:29.961 | ERROR    | __main__:get_source:102 - This post was deleted.
2023-04-02 18:56:34.429 | INFO     | __main__:process_urls:340 - 等待6秒继续并发
2023-04-02 18:56:35.869 | ERROR    | __main__:get_source:94 - This post does not exist
2023-04-02 18:56:35.893 | ERROR    | __main__:get_source:102 - This post was deleted.
2023-04-02 18:56:37.251 | ERROR    | __main__:get_source:102 - This post was deleted.
2023-04-02 18:56:40.437 | INFO     | __main__:process_urls:340 - 等待6秒继续并发
2023-04-02 18:56:42.218 | ERROR    | __main__:get_source:94 - This post does not exist
2023-04-02 18:56:46.438 | INFO     | __main__:process_urls:340 - 等待6秒继续并发
2023-04-02 18:56:47.889 | ERROR    | __main__:get_source:94 - This post does not exist
2023-04-02 18:56:48.155 | ERROR    | __main__:get_source:102 - This post was deleted.
2023-04-02 18:56:52.447 | INFO     | __main__:process_urls:340 - 等待6秒继续并发
2023-04-02 18:56:54.613 | ERROR    | __main__:get_source:102 - This post was deleted.
2023-04-02 18:56:55.033 | ERROR    | __main__:get_source:102 - This post was deleted.
2023-04-02 18:56:58.464 | INFO     | __main__:process_urls:340 - 等待6秒继续并发
2023-04-02 18:57:14.851 | INFO     | __main__:download_imgs:385 - 等待6秒继续并发下载图片
2023-04-02 18:57:20.857 | INFO     | __main__:download_imgs:385 - 等待6秒继续并发下载图片
2023-04-02 18:57:26.852 | INFO     | __main__:download_imgs:385 - 等待6秒继续并发下载图片
2023-04-02 18:57:32.854 | INFO     | __main__:download_imgs:385 - 等待6秒继续并发下载图片
2023-04-02 18:57:38.856 | INFO     | __main__:download_imgs:385 - 等待6秒继续并发下载图片
2023-04-02 18:57:44.857 | INFO     | __main__:download_imgs:385 - 等待6秒继续并发下载图片
2023-04-02 18:57:50.851 | INFO     | __main__:download_imgs:385 - 等待6秒继续并发下载图片
2023-04-02 18:58:08.839 | SUCCESS  | __main__:download_imgs:399 - downloaded 70 img ......
2023-04-02 18:58:10.031 | INFO     | __main__:uni_tag:470 - 数据库tag表共有7337条tag
2023-04-02 18:58:11.127 | INFO     | __main__:uni_tag:474 - 排除379个重复tag
2023-04-02 18:58:11.139 | SUCCESS  | __main__:<module>:576 - 保存34个tag到数据库
2023-04-02 18:58:11.504 | SUCCESS  | __main__:<module>:587 - added 370 img data into testdb....
2023-04-02 18:58:12.415 | INFO     | __main__:<module>:518 - 数据库共有29383条图像数据
2023-04-02 18:58:12.449 | INFO     | __main__:<module>:535 - 排除10个重复pid....
2023-04-02 18:58:12.452 | INFO     | __main__:process_urls:340 - 等待6秒继续并发
2023-04-02 18:58:13.467 | ERROR    | __main__:get_source:94 - This post does not exist
2023-04-02 18:58:14.309 | ERROR    | __main__:get_source:102 - This post was deleted.
2023-04-02 18:58:18.469 | INFO     | __main__:process_urls:340 - 等待6秒继续并发
2023-04-02 18:58:20.029 | ERROR    | __main__:get_source:102 - This post was deleted.
2023-04-02 18:58:24.476 | INFO     | __main__:process_urls:340 - 等待6秒继续并发
2023-04-02 18:58:25.639 | ERROR    | __main__:get_source:94 - This post does not exist
2023-04-02 18:58:25.961 | ERROR    | __main__:get_source:102 - This post was deleted.
2023-04-02 18:58:25.975 | ERROR    | __main__:get_source:94 - This post does not exist
2023-04-02 18:58:30.505 | INFO     | __main__:process_urls:340 - 等待6秒继续并发
2023-04-02 18:58:31.629 | ERROR    | __main__:get_source:94 - This post does not exist
2023-04-02 18:58:31.923 | ERROR    | __main__:get_source:102 - This post was deleted.
2023-04-02 18:58:36.526 | INFO     | __main__:process_urls:340 - 等待6秒继续并发
2023-04-02 18:58:37.964 | ERROR    | __main__:get_source:102 - This post was deleted.
2023-04-02 18:58:38.254 | ERROR    | __main__:get_source:102 - This post was deleted.
2023-04-02 18:58:42.547 | INFO     | __main__:process_urls:340 - 等待6秒继续并发
2023-04-02 18:58:44.025 | ERROR    | __main__:get_source:102 - This post was deleted.
2023-04-02 18:58:44.084 | ERROR    | __main__:get_source:94 - This post does not exist
2023-04-02 18:58:48.552 | INFO     | __main__:process_urls:340 - 等待6秒继续并发
2023-04-02 18:58:50.132 | ERROR    | __main__:get_source:102 - This post was deleted.
2023-04-02 18:58:54.567 | INFO     | __main__:process_urls:340 - 等待6秒继续并发
2023-04-02 18:58:56.078 | ERROR    | __main__:get_source:102 - This post was deleted.
2023-04-02 18:58:56.163 | ERROR    | __main__:get_source:102 - This post was deleted.
2023-04-02 18:59:00.569 | INFO     | __main__:process_urls:340 - 等待6秒继续并发
2023-04-02 18:59:02.129 | ERROR    | __main__:get_source:94 - This post does not exist
2023-04-02 18:59:13.861 | INFO     | __main__:download_imgs:385 - 等待6秒继续并发下载图片
2023-04-02 18:59:19.852 | INFO     | __main__:download_imgs:385 - 等待6秒继续并发下载图片
2023-04-02 18:59:25.853 | INFO     | __main__:download_imgs:385 - 等待6秒继续并发下载图片
2023-04-02 18:59:31.858 | INFO     | __main__:download_imgs:385 - 等待6秒继续并发下载图片
2023-04-02 18:59:37.868 | INFO     | __main__:download_imgs:385 - 等待6秒继续并发下载图片
2023-04-02 18:59:43.868 | INFO     | __main__:download_imgs:385 - 等待6秒继续并发下载图片
2023-04-02 18:59:49.871 | INFO     | __main__:download_imgs:385 - 等待6秒继续并发下载图片
2023-04-02 19:01:57.654 | INFO     | __main__:<module>:413 - 连接数据库中...........
2023-04-02 19:01:57.776 | SUCCESS  | __main__:<module>:437 - link dbas 准备导入数据.....
2023-04-02 19:01:57.782 | SUCCESS  | __main__:<module>:504 - 单次下载数量:100
2023-04-02 19:01:57.783 | SUCCESS  | __main__:<module>:505 - 等待时间:6 并发数:10
2023-04-02 19:01:57.785 | SUCCESS  | __main__:<module>:506 - 下载图片路径:D:\ybxi and python\database_learn\k_spider\pictures
