2023-04-02 19:02:15.987 | INFO     | __main__:<module>:413 - 连接数据库中...........
2023-04-02 19:02:16.112 | SUCCESS  | __main__:<module>:437 - link dbas 准备导入数据.....
2023-04-02 19:02:16.119 | SUCCESS  | __main__:<module>:504 - 单次下载数量:100
2023-04-02 19:02:16.121 | SUCCESS  | __main__:<module>:505 - 等待时间:6 并发数:10
2023-04-02 19:02:16.123 | SUCCESS  | __main__:<module>:506 - 下载图片路径:D:\ybxi and python\database_learn\k_spider\pictures
2023-04-02 19:02:17.768 | INFO     | __main__:<module>:518 - 数据库共有29383条图像数据
2023-04-02 19:02:17.794 | INFO     | __main__:<module>:535 - 排除7个重复pid....
2023-04-02 19:02:17.798 | INFO     | __main__:process_urls:340 - 等待6秒继续并发
2023-04-02 19:02:19.877 | ERROR    | __main__:get_source:94 - This post does not exist
2023-04-02 19:02:19.933 | ERROR    | __main__:get_source:102 - This post was deleted.
2023-04-02 19:02:20.214 | ERROR    | __main__:get_source:102 - This post was deleted.
2023-04-02 19:02:20.399 | ERROR    | __main__:get_source:102 - This post was deleted.
2023-04-02 19:02:23.816 | INFO     | __main__:process_urls:340 - 等待6秒继续并发
2023-04-02 19:02:29.840 | INFO     | __main__:process_urls:340 - 等待6秒继续并发
2023-04-02 19:02:31.411 | ERROR    | __main__:get_source:102 - This post was deleted.
2023-04-02 19:02:32.026 | ERROR    | __main__:get_source:102 - This post was deleted.
2023-04-02 19:02:35.852 | INFO     | __main__:process_urls:340 - 等待6秒继续并发
2023-04-02 19:02:38.070 | ERROR    | __main__:get_source:94 - This post does not exist
2023-04-02 19:02:41.864 | INFO     | __main__:process_urls:340 - 等待6秒继续并发
2023-04-02 19:02:43.410 | ERROR    | __main__:get_source:102 - This post was deleted.
2023-04-02 19:02:47.874 | INFO     | __main__:process_urls:340 - 等待6秒继续并发
2023-04-02 19:02:49.430 | ERROR    | __main__:get_source:94 - This post does not exist
2023-04-02 19:02:49.476 | ERROR    | __main__:get_source:94 - This post does not exist
2023-04-02 19:02:49.568 | ERROR    | __main__:get_source:102 - This post was deleted.
2023-04-02 19:02:50.149 | ERROR    | __main__:get_source:102 - This post was deleted.
2023-04-02 19:02:53.880 | INFO     | __main__:process_urls:340 - 等待6秒继续并发
2023-04-02 19:02:55.740 | ERROR    | __main__:get_source:94 - This post does not exist
2023-04-02 19:02:56.807 | ERROR    | __main__:get_source:94 - This post does not exist
2023-04-02 19:02:59.883 | INFO     | __main__:process_urls:340 - 等待6秒继续并发
2023-04-02 19:03:05.895 | INFO     | __main__:process_urls:340 - 等待6秒继续并发
2023-04-02 19:03:07.488 | ERROR    | __main__:get_source:102 - This post was deleted.
2023-04-02 19:03:07.520 | ERROR    | __main__:get_source:102 - This post was deleted.
2023-04-02 19:03:20.603 | INFO     | __main__:download_imgs:385 - 等待6秒继续并发下载图片
2023-04-02 19:03:26.613 | INFO     | __main__:download_imgs:385 - 等待6秒继续并发下载图片
2023-04-02 19:03:32.603 | INFO     | __main__:download_imgs:385 - 等待6秒继续并发下载图片
2023-04-02 19:03:38.602 | INFO     | __main__:download_imgs:385 - 等待6秒继续并发下载图片
2023-04-02 19:03:44.618 | INFO     | __main__:download_imgs:385 - 等待6秒继续并发下载图片
2023-04-02 19:03:50.632 | INFO     | __main__:download_imgs:385 - 等待6秒继续并发下载图片
2023-04-02 19:03:56.628 | INFO     | __main__:download_imgs:385 - 等待6秒继续并发下载图片
2023-04-02 19:05:45.879 | SUCCESS  | __main__:download_imgs:399 - downloaded 77 img ......
2023-04-02 19:05:47.030 | INFO     | __main__:uni_tag:470 - 数据库tag表共有7393条tag
2023-04-02 19:05:48.993 | INFO     | __main__:uni_tag:474 - 排除367个重复tag
2023-04-02 19:05:49.005 | SUCCESS  | __main__:<module>:576 - 保存56个tag到数据库
2023-04-02 19:05:49.179 | SUCCESS  | __main__:<module>:587 - added 77 img data into testdb....
2023-04-02 19:05:49.909 | INFO     | __main__:<module>:518 - 数据库共有29460条图像数据
2023-04-02 19:05:49.938 | INFO     | __main__:<module>:535 - 排除14个重复pid....
2023-04-02 19:05:49.943 | INFO     | __main__:process_urls:340 - 等待6秒继续并发
2023-04-02 19:05:51.004 | ERROR    | __main__:get_source:94 - This post does not exist
2023-04-02 19:05:55.949 | INFO     | __main__:process_urls:340 - 等待6秒继续并发
2023-04-02 19:05:57.226 | ERROR    | __main__:get_source:102 - This post was deleted.
2023-04-02 19:05:58.008 | ERROR    | __main__:get_source:102 - This post was deleted.
2023-04-02 19:06:01.963 | INFO     | __main__:process_urls:340 - 等待6秒继续并发
2023-04-02 19:06:04.076 | ERROR    | __main__:get_source:102 - This post was deleted.
2023-04-02 19:06:07.977 | INFO     | __main__:process_urls:340 - 等待6秒继续并发
2023-04-02 19:06:09.610 | ERROR    | __main__:get_source:102 - This post was deleted.
2023-04-02 19:06:13.991 | INFO     | __main__:process_urls:340 - 等待6秒继续并发
2023-04-02 19:06:15.355 | ERROR    | __main__:get_source:102 - This post was deleted.
2023-04-02 19:06:16.614 | ERROR    | __main__:get_source:94 - This post does not exist
2023-04-02 19:06:20.008 | INFO     | __main__:process_urls:340 - 等待6秒继续并发
2023-04-02 19:06:21.438 | ERROR    | __main__:get_source:102 - This post was deleted.
2023-04-02 19:06:21.697 | ERROR    | __main__:get_source:102 - This post was deleted.
2023-04-02 19:06:21.905 | ERROR    | __main__:get_source:94 - This post does not exist
2023-04-02 19:06:26.029 | INFO     | __main__:process_urls:340 - 等待6秒继续并发
2023-04-02 19:06:32.038 | INFO     | __main__:process_urls:340 - 等待6秒继续并发
2023-04-02 19:06:33.888 | ERROR    | __main__:get_source:94 - This post does not exist
2023-04-02 19:06:39.724 | ERROR    | __main__:get_source:102 - This post was deleted.
2023-04-02 19:06:48.484 | INFO     | __main__:download_imgs:385 - 等待6秒继续并发下载图片
2023-04-02 19:06:54.478 | INFO     | __main__:download_imgs:385 - 等待6秒继续并发下载图片
2023-04-02 19:07:00.486 | INFO     | __main__:download_imgs:385 - 等待6秒继续并发下载图片
2023-04-02 19:07:06.488 | INFO     | __main__:download_imgs:385 - 等待6秒继续并发下载图片
2023-04-02 19:07:12.495 | INFO     | __main__:download_imgs:385 - 等待6秒继续并发下载图片
2023-04-02 19:07:18.504 | INFO     | __main__:download_imgs:385 - 等待6秒继续并发下载图片
2023-04-02 19:07:24.507 | INFO     | __main__:download_imgs:385 - 等待6秒继续并发下载图片
2023-04-02 19:07:49.635 | SUCCESS  | __main__:download_imgs:399 - downloaded 74 img ......
2023-04-02 19:07:50.558 | INFO     | __main__:uni_tag:470 - 数据库tag表共有7429条tag
2023-04-02 19:07:51.276 | INFO     | __main__:uni_tag:474 - 排除385个重复tag
2023-04-02 19:07:51.285 | SUCCESS  | __main__:<module>:576 - 保存36个tag到数据库
2023-04-02 19:07:51.467 | SUCCESS  | __main__:<module>:587 - added 151 img data into testdb....
2023-04-02 19:07:52.110 | INFO     | __main__:<module>:518 - 数据库共有29611条图像数据
2023-04-02 19:07:52.144 | INFO     | __main__:<module>:535 - 排除10个重复pid....
2023-04-02 19:07:52.147 | INFO     | __main__:process_urls:340 - 等待6秒继续并发
2023-04-02 19:07:53.423 | ERROR    | __main__:get_source:102 - This post was deleted.
2023-04-02 19:07:53.509 | ERROR    | __main__:get_source:102 - This post was deleted.
2023-04-02 19:07:58.165 | INFO     | __main__:process_urls:340 - 等待6秒继续并发
2023-04-02 19:07:59.605 | ERROR    | __main__:get_source:102 - This post was deleted.
2023-04-02 19:08:04.166 | INFO     | __main__:process_urls:340 - 等待6秒继续并发
2023-04-02 19:08:05.761 | ERROR    | __main__:get_source:94 - This post does not exist
2023-04-02 19:08:07.129 | ERROR    | __main__:get_source:102 - This post was deleted.
2023-04-02 19:08:10.191 | INFO     | __main__:process_urls:340 - 等待6秒继续并发
2023-04-02 19:08:11.321 | ERROR    | __main__:get_source:94 - This post does not exist
2023-04-02 19:08:11.349 | ERROR    | __main__:get_source:94 - This post does not exist
2023-04-02 19:08:16.192 | INFO     | __main__:process_urls:340 - 等待6秒继续并发
2023-04-02 19:08:17.712 | ERROR    | __main__:get_source:102 - This post was deleted.
2023-04-02 19:08:18.331 | ERROR    | __main__:get_source:102 - This post was deleted.
2023-04-02 19:08:22.211 | INFO     | __main__:process_urls:340 - 等待6秒继续并发
2023-04-02 19:08:23.821 | ERROR    | __main__:get_source:94 - This post does not exist
2023-04-02 19:08:23.871 | ERROR    | __main__:get_source:102 - This post was deleted.
2023-04-02 19:08:23.964 | ERROR    | __main__:get_source:102 - This post was deleted.
2023-04-02 19:08:24.197 | ERROR    | __main__:get_source:102 - This post was deleted.
2023-04-02 19:08:28.216 | INFO     | __main__:process_urls:340 - 等待6秒继续并发
2023-04-02 19:08:30.007 | ERROR    | __main__:get_source:94 - This post does not exist
2023-04-02 19:08:30.036 | ERROR    | __main__:get_source:102 - This post was deleted.
2023-04-02 19:08:34.229 | INFO     | __main__:process_urls:340 - 等待6秒继续并发
2023-04-02 19:08:35.870 | ERROR    | __main__:get_source:102 - This post was deleted.
2023-04-02 19:08:35.875 | ERROR    | __main__:get_source:94 - This post does not exist
2023-04-02 19:08:35.970 | ERROR    | __main__:get_source:94 - This post does not exist
2023-04-02 19:08:40.257 | INFO     | __main__:process_urls:340 - 等待6秒继续并发
2023-04-02 19:08:41.918 | ERROR    | __main__:get_source:102 - This post was deleted.
2023-04-02 19:08:42.090 | ERROR    | __main__:get_source:102 - This post was deleted.
2023-04-02 19:08:53.673 | INFO     | __main__:download_imgs:385 - 等待6秒继续并发下载图片
2023-04-02 19:08:59.671 | INFO     | __main__:download_imgs:385 - 等待6秒继续并发下载图片
2023-04-02 19:09:05.668 | INFO     | __main__:download_imgs:385 - 等待6秒继续并发下载图片
2023-04-02 19:09:11.668 | INFO     | __main__:download_imgs:385 - 等待6秒继续并发下载图片
2023-04-02 19:09:17.664 | INFO     | __main__:download_imgs:385 - 等待6秒继续并发下载图片
2023-04-02 19:09:23.680 | INFO     | __main__:download_imgs:385 - 等待6秒继续并发下载图片
2023-04-02 19:09:29.668 | INFO     | __main__:download_imgs:385 - 等待6秒继续并发下载图片
2023-04-02 19:09:58.064 | SUCCESS  | __main__:download_imgs:399 - downloaded 70 img ......
2023-04-02 19:09:58.881 | INFO     | __main__:uni_tag:470 - 数据库tag表共有7470条tag
2023-04-02 19:09:59.618 | INFO     | __main__:uni_tag:474 - 排除354个重复tag
2023-04-02 19:09:59.621 | SUCCESS  | __main__:<module>:576 - 保存41个tag到数据库
2023-04-02 19:09:59.834 | SUCCESS  | __main__:<module>:587 - added 221 img data into testdb....
2023-04-02 19:10:00.804 | INFO     | __main__:<module>:518 - 数据库共有29832条图像数据
2023-04-02 19:10:00.845 | INFO     | __main__:<module>:535 - 排除14个重复pid....
2023-04-02 19:10:00.849 | INFO     | __main__:process_urls:340 - 等待6秒继续并发
2023-04-02 19:10:02.036 | ERROR    | __main__:get_source:94 - This post does not exist
2023-04-02 19:10:02.370 | ERROR    | __main__:get_source:102 - This post was deleted.
2023-04-02 19:10:06.852 | INFO     | __main__:process_urls:340 - 等待6秒继续并发
2023-04-02 19:10:12.874 | INFO     | __main__:process_urls:340 - 等待6秒继续并发
2023-04-02 19:10:14.498 | ERROR    | __main__:get_source:102 - This post was deleted.
2023-04-02 19:10:18.884 | INFO     | __main__:process_urls:340 - 等待6秒继续并发
2023-04-02 19:10:20.392 | ERROR    | __main__:get_source:102 - This post was deleted.
2023-04-02 19:10:24.887 | INFO     | __main__:process_urls:340 - 等待6秒继续并发
2023-04-02 19:10:27.459 | ERROR    | __main__:get_source:102 - This post was deleted.
2023-04-02 19:10:30.896 | INFO     | __main__:process_urls:340 - 等待6秒继续并发
2023-04-02 19:10:36.917 | INFO     | __main__:process_urls:340 - 等待6秒继续并发
2023-04-02 19:10:42.931 | INFO     | __main__:process_urls:340 - 等待6秒继续并发
2023-04-02 19:10:44.299 | ERROR    | __main__:get_source:102 - This post was deleted.
2023-04-02 19:10:44.494 | ERROR    | __main__:get_source:94 - This post does not exist
2023-04-02 19:10:58.349 | INFO     | __main__:download_imgs:385 - 等待6秒继续并发下载图片
2023-04-02 19:11:04.355 | INFO     | __main__:download_imgs:385 - 等待6秒继续并发下载图片
2023-04-02 19:11:10.353 | INFO     | __main__:download_imgs:385 - 等待6秒继续并发下载图片
2023-04-02 19:11:16.366 | INFO     | __main__:download_imgs:385 - 等待6秒继续并发下载图片
2023-04-02 19:11:22.373 | INFO     | __main__:download_imgs:385 - 等待6秒继续并发下载图片
2023-04-02 19:11:28.368 | INFO     | __main__:download_imgs:385 - 等待6秒继续并发下载图片
2023-04-02 19:11:34.369 | INFO     | __main__:download_imgs:385 - 等待6秒继续并发下载图片
2023-04-02 19:14:49.199 | SUCCESS  | __main__:download_imgs:399 - downloaded 79 img ......
2023-04-02 19:14:51.143 | INFO     | __main__:uni_tag:470 - 数据库tag表共有7502条tag
2023-04-02 19:14:52.168 | INFO     | __main__:uni_tag:474 - 排除367个重复tag
2023-04-02 19:14:52.170 | SUCCESS  | __main__:<module>:576 - 保存32个tag到数据库
2023-04-02 19:14:52.414 | SUCCESS  | __main__:<module>:587 - added 300 img data into testdb....
2023-04-02 19:14:53.248 | INFO     | __main__:<module>:518 - 数据库共有30132条图像数据
2023-04-02 19:14:53.271 | INFO     | __main__:<module>:535 - 排除13个重复pid....
2023-04-02 19:14:53.279 | INFO     | __main__:process_urls:340 - 等待6秒继续并发
2023-04-02 19:14:59.285 | INFO     | __main__:process_urls:340 - 等待6秒继续并发
2023-04-02 19:15:01.077 | ERROR    | __main__:get_source:102 - This post was deleted.
2023-04-02 19:15:01.087 | ERROR    | __main__:get_source:102 - This post was deleted.
2023-04-02 19:15:01.136 | ERROR    | __main__:get_source:102 - This post was deleted.
2023-04-02 19:15:01.344 | ERROR    | __main__:get_source:94 - This post does not exist
2023-04-02 19:15:05.289 | INFO     | __main__:process_urls:340 - 等待6秒继续并发
2023-04-02 19:15:07.495 | ERROR    | __main__:get_source:102 - This post was deleted.
2023-04-02 19:15:11.298 | INFO     | __main__:process_urls:340 - 等待6秒继续并发
2023-04-02 19:15:14.132 | ERROR    | __main__:get_source:102 - This post was deleted.
2023-04-02 19:15:17.325 | INFO     | __main__:process_urls:340 - 等待6秒继续并发
2023-04-02 19:15:18.717 | ERROR    | __main__:get_source:102 - This post was deleted.
2023-04-02 19:15:18.729 | ERROR    | __main__:get_source:94 - This post does not exist
2023-04-02 19:15:23.341 | INFO     | __main__:process_urls:340 - 等待6秒继续并发
2023-04-02 19:15:25.444 | ERROR    | __main__:get_source:94 - This post does not exist
2023-04-02 19:15:29.360 | INFO     | __main__:process_urls:340 - 等待6秒继续并发
2023-04-02 19:15:30.663 | ERROR    | __main__:get_source:94 - This post does not exist
2023-04-02 19:15:31.217 | ERROR    | __main__:get_source:94 - This post does not exist
2023-04-02 19:15:31.262 | ERROR    | __main__:get_source:102 - This post was deleted.
2023-04-02 19:15:31.380 | ERROR    | __main__:get_source:102 - This post was deleted.
2023-04-02 19:15:35.366 | INFO     | __main__:process_urls:340 - 等待6秒继续并发
2023-04-02 19:15:43.288 | ERROR    | __main__:get_source:102 - This post was deleted.
2023-04-02 19:15:43.904 | ERROR    | __main__:get_source:94 - This post does not exist
2023-04-02 19:15:51.981 | INFO     | __main__:download_imgs:385 - 等待6秒继续并发下载图片
2023-04-02 19:15:57.980 | INFO     | __main__:download_imgs:385 - 等待6秒继续并发下载图片
2023-04-02 19:16:03.981 | INFO     | __main__:download_imgs:385 - 等待6秒继续并发下载图片
2023-04-02 19:16:09.980 | INFO     | __main__:download_imgs:385 - 等待6秒继续并发下载图片
2023-04-02 19:16:15.981 | INFO     | __main__:download_imgs:385 - 等待6秒继续并发下载图片
2023-04-02 19:16:21.998 | INFO     | __main__:download_imgs:385 - 等待6秒继续并发下载图片
2023-04-02 19:16:27.992 | INFO     | __main__:download_imgs:385 - 等待6秒继续并发下载图片
2023-04-02 19:16:54.675 | SUCCESS  | __main__:download_imgs:399 - downloaded 72 img ......
2023-04-02 19:16:55.537 | INFO     | __main__:uni_tag:470 - 数据库tag表共有7566条tag
2023-04-02 19:16:56.438 | INFO     | __main__:uni_tag:474 - 排除355个重复tag
2023-04-02 19:16:56.441 | SUCCESS  | __main__:<module>:576 - 保存64个tag到数据库
2023-04-02 19:16:56.761 | SUCCESS  | __main__:<module>:587 - added 372 img data into testdb....
2023-04-02 19:16:57.451 | INFO     | __main__:<module>:518 - 数据库共有30504条图像数据
2023-04-02 19:16:57.477 | INFO     | __main__:<module>:535 - 排除11个重复pid....
2023-04-02 19:16:57.481 | INFO     | __main__:process_urls:340 - 等待6秒继续并发
2023-04-02 19:17:03.479 | INFO     | __main__:process_urls:340 - 等待6秒继续并发
2023-04-02 19:17:06.286 | ERROR    | __main__:get_source:94 - This post does not exist
2023-04-02 19:17:09.489 | INFO     | __main__:process_urls:340 - 等待6秒继续并发
2023-04-02 19:17:12.042 | ERROR    | __main__:get_source:94 - This post does not exist
2023-04-02 19:17:15.514 | INFO     | __main__:process_urls:340 - 等待6秒继续并发
2023-04-02 19:17:17.468 | ERROR    | __main__:get_source:102 - This post was deleted.
2023-04-02 19:17:21.531 | INFO     | __main__:process_urls:340 - 等待6秒继续并发
2023-04-02 19:17:22.896 | ERROR    | __main__:get_source:94 - This post does not exist
2023-04-02 19:17:27.530 | INFO     | __main__:process_urls:340 - 等待6秒继续并发
2023-04-02 19:17:29.055 | ERROR    | __main__:get_source:102 - This post was deleted.
2023-04-02 19:17:29.151 | ERROR    | __main__:get_source:94 - This post does not exist
2023-04-02 19:17:29.373 | ERROR    | __main__:get_source:94 - This post does not exist
2023-04-02 19:17:33.537 | INFO     | __main__:process_urls:340 - 等待6秒继续并发
2023-04-02 19:17:39.572 | INFO     | __main__:process_urls:340 - 等待6秒继续并发
2023-04-02 19:17:41.201 | ERROR    | __main__:get_source:102 - This post was deleted.
2023-04-02 19:17:47.162 | ERROR    | __main__:get_source:102 - This post was deleted.
2023-04-02 19:17:47.480 | ERROR    | __main__:get_source:102 - This post was deleted.
2023-04-02 19:17:47.878 | ERROR    | __main__:get_source:102 - This post was deleted.
2023-04-02 19:17:55.525 | INFO     | __main__:download_imgs:385 - 等待6秒继续并发下载图片
2023-04-02 19:18:01.537 | INFO     | __main__:download_imgs:385 - 等待6秒继续并发下载图片
2023-04-02 19:18:07.539 | INFO     | __main__:download_imgs:385 - 等待6秒继续并发下载图片
2023-04-02 19:18:13.540 | INFO     | __main__:download_imgs:385 - 等待6秒继续并发下载图片
2023-04-02 19:18:19.539 | INFO     | __main__:download_imgs:385 - 等待6秒继续并发下载图片
2023-04-02 19:18:25.550 | INFO     | __main__:download_imgs:385 - 等待6秒继续并发下载图片
2023-04-02 19:18:31.542 | INFO     | __main__:download_imgs:385 - 等待6秒继续并发下载图片
2023-04-02 19:19:42.566 | SUCCESS  | __main__:download_imgs:399 - downloaded 78 img ......
2023-04-02 19:19:43.552 | INFO     | __main__:uni_tag:470 - 数据库tag表共有7613条tag
2023-04-02 19:19:44.480 | INFO     | __main__:uni_tag:474 - 排除374个重复tag
2023-04-02 19:19:44.482 | SUCCESS  | __main__:<module>:576 - 保存47个tag到数据库
2023-04-02 19:19:44.749 | SUCCESS  | __main__:<module>:587 - added 450 img data into testdb....
2023-04-02 19:19:45.650 | INFO     | __main__:<module>:518 - 数据库共有30954条图像数据
2023-04-02 19:19:45.689 | INFO     | __main__:<module>:535 - 排除15个重复pid....
2023-04-02 19:19:45.691 | INFO     | __main__:process_urls:340 - 等待6秒继续并发
2023-04-02 19:19:47.032 | ERROR    | __main__:get_source:102 - This post was deleted.
2023-04-02 19:19:47.290 | ERROR    | __main__:get_source:102 - This post was deleted.
2023-04-02 19:19:51.700 | INFO     | __main__:process_urls:340 - 等待6秒继续并发
2023-04-02 19:19:54.356 | ERROR    | __main__:get_source:102 - This post was deleted.
2023-04-02 19:19:57.699 | INFO     | __main__:process_urls:340 - 等待6秒继续并发
2023-04-02 19:19:59.155 | ERROR    | __main__:get_source:102 - This post was deleted.
2023-04-02 19:20:00.218 | ERROR    | __main__:get_source:94 - This post does not exist
2023-04-02 19:20:00.227 | ERROR    | __main__:get_source:94 - This post does not exist
2023-04-02 19:20:03.697 | INFO     | __main__:process_urls:340 - 等待6秒继续并发
2023-04-02 19:20:05.483 | ERROR    | __main__:get_source:94 - This post does not exist
2023-04-02 19:20:05.518 | ERROR    | __main__:get_source:102 - This post was deleted.
2023-04-02 19:20:09.711 | INFO     | __main__:process_urls:340 - 等待6秒继续并发
2023-04-02 19:20:11.478 | ERROR    | __main__:get_source:94 - This post does not exist
2023-04-02 19:20:15.726 | INFO     | __main__:process_urls:340 - 等待6秒继续并发
2023-04-02 19:20:17.234 | ERROR    | __main__:get_source:102 - This post was deleted.
2023-04-02 19:20:18.168 | ERROR    | __main__:get_source:102 - This post was deleted.
2023-04-02 19:20:21.725 | INFO     | __main__:process_urls:340 - 等待6秒继续并发
2023-04-02 19:20:23.526 | ERROR    | __main__:get_source:102 - This post was deleted.
2023-04-02 19:20:27.748 | INFO     | __main__:process_urls:340 - 等待6秒继续并发
2023-04-02 19:20:29.189 | ERROR    | __main__:get_source:94 - This post does not exist
2023-04-02 19:20:44.336 | INFO     | __main__:download_imgs:385 - 等待6秒继续并发下载图片
2023-04-02 19:20:50.337 | INFO     | __main__:download_imgs:385 - 等待6秒继续并发下载图片
2023-04-02 19:20:56.341 | INFO     | __main__:download_imgs:385 - 等待6秒继续并发下载图片
2023-04-02 19:21:02.369 | INFO     | __main__:download_imgs:385 - 等待6秒继续并发下载图片
2023-04-02 19:21:08.371 | INFO     | __main__:download_imgs:385 - 等待6秒继续并发下载图片
2023-04-02 19:21:14.372 | INFO     | __main__:download_imgs:385 - 等待6秒继续并发下载图片
2023-04-02 19:21:20.379 | INFO     | __main__:download_imgs:385 - 等待6秒继续并发下载图片
2023-04-02 19:21:31.996 | SUCCESS  | __main__:download_imgs:399 - downloaded 72 img ......
2023-04-02 19:21:32.969 | INFO     | __main__:uni_tag:470 - 数据库tag表共有7646条tag
2023-04-02 19:21:33.738 | INFO     | __main__:uni_tag:474 - 排除346个重复tag
2023-04-02 19:21:33.740 | SUCCESS  | __main__:<module>:576 - 保存33个tag到数据库
2023-04-02 19:21:34.059 | SUCCESS  | __main__:<module>:587 - added 522 img data into testdb....
2023-04-02 19:21:35.199 | INFO     | __main__:<module>:518 - 数据库共有31476条图像数据
2023-04-02 19:21:35.240 | INFO     | __main__:<module>:535 - 排除15个重复pid....
2023-04-02 19:21:35.245 | INFO     | __main__:process_urls:340 - 等待6秒继续并发
2023-04-02 19:21:37.186 | ERROR    | __main__:get_source:102 - This post was deleted.
2023-04-02 19:21:37.410 | ERROR    | __main__:get_source:94 - This post does not exist
2023-04-02 19:21:41.249 | INFO     | __main__:process_urls:340 - 等待6秒继续并发
2023-04-02 19:21:43.317 | ERROR    | __main__:get_source:102 - This post was deleted.
2023-04-02 19:21:47.270 | INFO     | __main__:process_urls:340 - 等待6秒继续并发
2023-04-02 19:21:50.136 | ERROR    | __main__:get_source:94 - This post does not exist
2023-04-02 19:21:53.276 | INFO     | __main__:process_urls:340 - 等待6秒继续并发
2023-04-02 19:21:54.380 | ERROR    | __main__:get_source:102 - This post was deleted.
2023-04-02 19:21:54.710 | ERROR    | __main__:get_source:94 - This post does not exist
2023-04-02 19:21:59.285 | INFO     | __main__:process_urls:340 - 等待6秒继续并发
2023-04-02 19:22:00.736 | ERROR    | __main__:get_source:102 - This post was deleted.
2023-04-02 19:22:05.309 | INFO     | __main__:process_urls:340 - 等待6秒继续并发
2023-04-02 19:22:06.982 | ERROR    | __main__:get_source:102 - This post was deleted.
2023-04-02 19:22:07.080 | ERROR    | __main__:get_source:94 - This post does not exist
2023-04-02 19:22:11.319 | INFO     | __main__:process_urls:340 - 等待6秒继续并发
2023-04-02 19:22:12.511 | ERROR    | __main__:get_source:94 - This post does not exist
2023-04-02 19:22:16.093 | ERROR    | __main__:get_source:94 - This post does not exist
2023-04-02 19:22:17.329 | INFO     | __main__:process_urls:340 - 等待6秒继续并发
2023-04-02 19:22:18.856 | ERROR    | __main__:get_source:102 - This post was deleted.
2023-04-02 19:22:24.316 | ERROR    | __main__:get_source:94 - This post does not exist
2023-04-02 19:22:33.250 | INFO     | __main__:download_imgs:385 - 等待6秒继续并发下载图片
2023-04-02 19:22:39.244 | INFO     | __main__:download_imgs:385 - 等待6秒继续并发下载图片
2023-04-02 19:22:45.226 | INFO     | __main__:download_imgs:385 - 等待6秒继续并发下载图片
2023-04-02 19:22:51.233 | INFO     | __main__:download_imgs:385 - 等待6秒继续并发下载图片
2023-04-02 19:22:57.226 | INFO     | __main__:download_imgs:385 - 等待6秒继续并发下载图片
2023-04-02 19:23:03.233 | INFO     | __main__:download_imgs:385 - 等待6秒继续并发下载图片
2023-04-02 19:23:09.228 | INFO     | __main__:download_imgs:385 - 等待6秒继续并发下载图片
2023-04-02 19:23:20.230 | SUCCESS  | __main__:download_imgs:399 - downloaded 72 img ......
2023-04-02 19:23:21.342 | INFO     | __main__:uni_tag:470 - 数据库tag表共有7684条tag
2023-04-02 19:23:22.203 | INFO     | __main__:uni_tag:474 - 排除328个重复tag
2023-04-02 19:23:22.206 | SUCCESS  | __main__:<module>:576 - 保存38个tag到数据库
2023-04-02 19:23:22.556 | SUCCESS  | __main__:<module>:587 - added 594 img data into testdb....
2023-04-02 19:23:24.028 | INFO     | __main__:<module>:518 - 数据库共有32070条图像数据
2023-04-02 19:23:24.061 | INFO     | __main__:<module>:535 - 排除19个重复pid....
2023-04-02 19:23:24.073 | INFO     | __main__:process_urls:340 - 等待6秒继续并发
2023-04-02 19:23:30.093 | INFO     | __main__:process_urls:340 - 等待6秒继续并发
2023-04-02 19:23:32.135 | ERROR    | __main__:get_source:94 - This post does not exist
2023-04-02 19:23:32.399 | ERROR    | __main__:get_source:102 - This post was deleted.
2023-04-02 19:23:32.494 | ERROR    | __main__:get_source:102 - This post was deleted.
2023-04-02 19:23:32.975 | ERROR    | __main__:get_source:102 - This post was deleted.
2023-04-02 19:23:36.107 | INFO     | __main__:process_urls:340 - 等待6秒继续并发
2023-04-02 19:23:37.644 | ERROR    | __main__:get_source:102 - This post was deleted.
2023-04-02 19:23:37.655 | ERROR    | __main__:get_source:94 - This post does not exist
2023-04-02 19:23:37.687 | ERROR    | __main__:get_source:94 - This post does not exist
2023-04-02 19:23:37.910 | ERROR    | __main__:get_source:102 - This post was deleted.
2023-04-02 19:23:38.708 | ERROR    | __main__:get_source:102 - This post was deleted.
2023-04-02 19:23:42.127 | INFO     | __main__:process_urls:340 - 等待6秒继续并发
2023-04-02 19:23:44.604 | ERROR    | __main__:get_source:102 - This post was deleted.
2023-04-02 19:23:48.137 | INFO     | __main__:process_urls:340 - 等待6秒继续并发
2023-04-02 19:23:50.015 | ERROR    | __main__:get_source:94 - This post does not exist
2023-04-02 19:23:50.110 | ERROR    | __main__:get_source:102 - This post was deleted.
2023-04-02 19:23:50.210 | ERROR    | __main__:get_source:102 - This post was deleted.
2023-04-02 19:23:54.167 | INFO     | __main__:process_urls:340 - 等待6秒继续并发
2023-04-02 19:23:55.628 | ERROR    | __main__:get_source:94 - This post does not exist
2023-04-02 19:24:00.168 | INFO     | __main__:process_urls:340 - 等待6秒继续并发
2023-04-02 19:24:06.200 | INFO     | __main__:process_urls:340 - 等待6秒继续并发
2023-04-02 19:24:08.749 | ERROR    | __main__:get_source:102 - This post was deleted.
2023-04-02 19:24:21.455 | INFO     | __main__:download_imgs:385 - 等待6秒继续并发下载图片
2023-04-02 19:24:27.468 | INFO     | __main__:download_imgs:385 - 等待6秒继续并发下载图片
2023-04-02 19:24:33.462 | INFO     | __main__:download_imgs:385 - 等待6秒继续并发下载图片
2023-04-02 19:24:39.459 | INFO     | __main__:download_imgs:385 - 等待6秒继续并发下载图片
2023-04-02 19:24:45.477 | INFO     | __main__:download_imgs:385 - 等待6秒继续并发下载图片
2023-04-02 19:24:51.458 | INFO     | __main__:download_imgs:385 - 等待6秒继续并发下载图片
2023-04-02 19:25:02.788 | WARNING  | __main__:save_img:254 - relink dowmload img 1次.....
2023-04-02 19:25:02.791 | WARNING  | __main__:save_img:254 - relink dowmload img 1次.....
2023-04-02 19:26:01.885 | SUCCESS  | __main__:download_imgs:399 - downloaded 66 img ......
2023-04-02 19:26:02.839 | INFO     | __main__:uni_tag:470 - 数据库tag表共有7713条tag
2023-04-02 19:26:03.859 | INFO     | __main__:uni_tag:474 - 排除323个重复tag
2023-04-02 19:26:03.865 | SUCCESS  | __main__:<module>:576 - 保存29个tag到数据库
2023-04-02 19:26:04.668 | SUCCESS  | __main__:<module>:587 - added 660 img data into testdb....
2023-04-02 19:26:05.901 | INFO     | __main__:<module>:518 - 数据库共有32730条图像数据
2023-04-02 19:26:05.947 | INFO     | __main__:<module>:535 - 排除14个重复pid....
2023-04-02 19:26:05.951 | INFO     | __main__:process_urls:340 - 等待6秒继续并发
2023-04-02 19:26:11.972 | INFO     | __main__:process_urls:340 - 等待6秒继续并发
2023-04-02 19:26:13.553 | ERROR    | __main__:get_source:102 - This post was deleted.
2023-04-02 19:26:14.105 | ERROR    | __main__:get_source:102 - This post was deleted.
2023-04-02 19:26:14.624 | ERROR    | __main__:get_source:102 - This post was deleted.
2023-04-02 19:26:17.996 | INFO     | __main__:process_urls:340 - 等待6秒继续并发
2023-04-02 19:26:19.531 | ERROR    | __main__:get_source:94 - This post does not exist
2023-04-02 19:26:19.564 | ERROR    | __main__:get_source:102 - This post was deleted.
2023-04-02 19:26:24.013 | INFO     | __main__:process_urls:340 - 等待6秒继续并发
2023-04-02 19:26:25.366 | ERROR    | __main__:get_source:94 - This post does not exist
2023-04-02 19:26:25.553 | ERROR    | __main__:get_source:102 - This post was deleted.
2023-04-02 19:26:30.032 | INFO     | __main__:process_urls:340 - 等待6秒继续并发
2023-04-02 19:26:31.871 | ERROR    | __main__:get_source:94 - This post does not exist
2023-04-02 19:26:31.995 | ERROR    | __main__:get_source:102 - This post was deleted.
2023-04-02 19:26:36.056 | INFO     | __main__:process_urls:340 - 等待6秒继续并发
2023-04-02 19:26:38.119 | ERROR    | __main__:get_source:102 - This post was deleted.
2023-04-02 19:26:38.891 | ERROR    | __main__:get_source:94 - This post does not exist
2023-04-02 19:26:42.056 | INFO     | __main__:process_urls:340 - 等待6秒继续并发
2023-04-02 19:26:44.031 | ERROR    | __main__:get_source:102 - This post was deleted.
2023-04-02 19:26:48.070 | INFO     | __main__:process_urls:340 - 等待6秒继续并发
2023-04-02 19:26:49.425 | ERROR    | __main__:get_source:102 - This post was deleted.
2023-04-02 19:26:49.948 | ERROR    | __main__:get_source:102 - This post was deleted.
2023-04-02 19:26:55.513 | ERROR    | __main__:get_source:102 - This post was deleted.
2023-04-02 19:26:56.013 | ERROR    | __main__:get_source:102 - This post was deleted.
2023-04-02 19:27:03.622 | INFO     | __main__:download_imgs:385 - 等待6秒继续并发下载图片
2023-04-02 19:27:09.601 | INFO     | __main__:download_imgs:385 - 等待6秒继续并发下载图片
2023-04-02 19:27:15.601 | INFO     | __main__:download_imgs:385 - 等待6秒继续并发下载图片
2023-04-02 19:27:21.621 | INFO     | __main__:download_imgs:385 - 等待6秒继续并发下载图片
2023-04-02 19:27:27.615 | INFO     | __main__:download_imgs:385 - 等待6秒继续并发下载图片
2023-04-02 19:27:33.631 | INFO     | __main__:download_imgs:385 - 等待6秒继续并发下载图片
2023-04-02 19:27:39.065 | WARNING  | __main__:save_img:254 - relink dowmload img 1次.....
2023-04-02 19:27:39.068 | WARNING  | __main__:save_img:254 - relink dowmload img 1次.....
2023-04-02 19:27:39.071 | WARNING  | __main__:save_img:254 - relink dowmload img 1次.....
2023-04-02 19:27:39.073 | WARNING  | __main__:save_img:254 - relink dowmload img 1次.....
2023-04-02 19:27:39.075 | WARNING  | __main__:save_img:254 - relink dowmload img 1次.....
2023-04-02 19:27:39.079 | WARNING  | __main__:save_img:254 - relink dowmload img 1次.....
2023-04-02 19:27:39.080 | WARNING  | __main__:save_img:254 - relink dowmload img 1次.....
2023-04-02 19:27:39.082 | WARNING  | __main__:save_img:254 - relink dowmload img 1次.....
2023-04-02 19:27:39.085 | WARNING  | __main__:save_img:254 - relink dowmload img 1次.....
2023-04-02 19:27:39.087 | WARNING  | __main__:save_img:254 - relink dowmload img 1次.....
2023-04-02 19:27:39.651 | INFO     | __main__:download_imgs:385 - 等待6秒继续并发下载图片
2023-04-02 19:27:44.263 | WARNING  | __main__:save_img:261 - relink dowmload img 2 次.....
2023-04-02 19:27:44.318 | WARNING  | __main__:save_img:261 - relink dowmload img 2 次.....
2023-04-02 19:27:44.485 | WARNING  | __main__:save_img:261 - relink dowmload img 2 次.....
2023-04-02 19:27:44.535 | WARNING  | __main__:save_img:261 - relink dowmload img 2 次.....
2023-04-02 19:27:44.632 | WARNING  | __main__:save_img:261 - relink dowmload img 2 次.....
2023-04-02 19:27:45.088 | WARNING  | __main__:save_img:254 - relink dowmload img 1次.....
2023-04-02 19:27:45.091 | WARNING  | __main__:save_img:254 - relink dowmload img 1次.....
2023-04-02 19:27:45.096 | WARNING  | __main__:save_img:261 - relink dowmload img 2 次.....
2023-04-02 19:27:45.098 | WARNING  | __main__:save_img:261 - relink dowmload img 2 次.....
2023-04-02 19:27:45.100 | WARNING  | __main__:save_img:254 - relink dowmload img 1次.....
2023-04-02 19:27:45.106 | WARNING  | __main__:save_img:261 - relink dowmload img 2 次.....
2023-04-02 19:27:45.106 | WARNING  | __main__:save_img:254 - relink dowmload img 1次.....
2023-04-02 19:27:45.111 | WARNING  | __main__:save_img:254 - relink dowmload img 1次.....
2023-04-02 19:27:45.113 | WARNING  | __main__:save_img:254 - relink dowmload img 1次.....
2023-04-02 19:27:45.115 | WARNING  | __main__:save_img:254 - relink dowmload img 1次.....
2023-04-02 19:27:45.117 | WARNING  | __main__:save_img:261 - relink dowmload img 2 次.....
2023-04-02 19:27:45.119 | WARNING  | __main__:save_img:254 - relink dowmload img 1次.....
2023-04-02 19:27:45.121 | WARNING  | __main__:save_img:261 - relink dowmload img 2 次.....
2023-04-02 19:27:45.123 | WARNING  | __main__:save_img:254 - relink dowmload img 1次.....
2023-04-02 19:27:45.126 | WARNING  | __main__:save_img:254 - relink dowmload img 1次.....
2023-04-02 19:27:50.258 | WARNING  | __main__:save_img:261 - relink dowmload img 2 次.....
2023-04-02 19:27:50.291 | WARNING  | __main__:save_img:261 - relink dowmload img 2 次.....
2023-04-02 19:27:50.438 | WARNING  | __main__:save_img:261 - relink dowmload img 2 次.....
2023-04-02 19:27:50.441 | WARNING  | __main__:save_img:261 - relink dowmload img 2 次.....
2023-04-02 19:27:50.523 | WARNING  | __main__:save_img:261 - relink dowmload img 2 次.....
2023-04-02 19:27:50.602 | WARNING  | __main__:save_img:261 - relink dowmload img 2 次.....
2023-04-02 19:27:50.605 | WARNING  | __main__:save_img:261 - relink dowmload img 2 次.....
2023-04-02 19:27:50.692 | WARNING  | __main__:save_img:254 - relink dowmload img 1次.....
2023-04-02 19:27:50.695 | WARNING  | __main__:save_img:261 - relink dowmload img 2 次.....
2023-04-02 19:27:50.703 | WARNING  | __main__:save_img:261 - relink dowmload img 2 次.....
2023-04-02 19:27:50.836 | WARNING  | __main__:save_img:261 - relink dowmload img 2 次.....
2023-04-02 19:27:52.328 | ERROR    | __main__:save_img:265 - 
2023-04-02 19:27:52.330 | ERROR    | __main__:save_img:266 - download failed...
2023-04-02 19:27:52.331 | ERROR    | __main__:save_img:267 - https://konachan.com/post/show/316820/
2023-04-02 19:27:52.332 | ERROR    | __main__:save_img:268 - https://konachan.com/image/3ff90fcd512b089499735f7e66fa3e7d/Konachan.com%20-%20316820%20ass%20barefoot%20blush%20breast_hold%20breasts%20brown_hair%20cleavage%20nipples%20no_bra%20open_shirt%20original%20panties%20red_eyes%20short_hair%20skirt%20underwear.jpg
2023-04-02 19:27:53.147 | ERROR    | __main__:save_img:265 - 
2023-04-02 19:27:53.149 | ERROR    | __main__:save_img:266 - download failed...
2023-04-02 19:27:53.151 | ERROR    | __main__:save_img:267 - https://konachan.com/post/show/306552/
2023-04-02 19:27:53.152 | ERROR    | __main__:save_img:268 - https://konachan.com/image/68bb4a5e9b77ed3ce2cbbb187dea617b/Konachan.com%20-%20306552%20anal%20breasts%20cum%20dildo%20group%20jellytits-7%20klara_%28pokemon%29%20masturbation%20navel%20nipples%20penis%20pink_hair%20pokemon%20purple_eyes%20pussy%20sex%20uncensored.jpg
2023-04-02 19:27:53.295 | ERROR    | __main__:save_img:265 - 
2023-04-02 19:27:53.298 | ERROR    | __main__:save_img:266 - download failed...
2023-04-02 19:27:53.299 | ERROR    | __main__:save_img:267 - https://konachan.com/post/show/317425/
2023-04-02 19:27:53.302 | ERROR    | __main__:save_img:268 - https://konachan.com/image/ea8d176812a5031234ebf79d6a483af1/Konachan.com%20-%20317425%20blonde_hair%20bow%20breasts%20cameltoe%20elbow_gloves%20eyepatch%20gloves%20green_eyes%20long_hair%20ribbons%20ripe.c%20signed%20thighhighs%20torn_clothes%20twintails.jpg
2023-04-02 19:27:53.557 | ERROR    | __main__:save_img:265 - 
2023-04-02 19:27:53.560 | ERROR    | __main__:save_img:266 - download failed...
2023-04-02 19:27:53.562 | ERROR    | __main__:save_img:267 - https://konachan.com/post/show/319522/
2023-04-02 19:27:53.563 | ERROR    | __main__:save_img:268 - https://konachan.com/jpeg/d99b6a04bf4e5f23928ea6906edb5e97/Konachan.com%20-%20319522%20aliasing%20amaki-chan%20aqua_eyes%20bed%20blush%20book%20bra%20breasts%20brown_hair%20love_live%21_sunshine%21%21%20navel%20panties%20shirt_lift%20short_hair%20underwear%20watanabe_you.jpg
2023-04-02 19:27:53.673 | ERROR    | __main__:save_img:265 - 
2023-04-02 19:27:53.675 | ERROR    | __main__:save_img:266 - download failed...
2023-04-02 19:27:53.677 | ERROR    | __main__:save_img:267 - https://konachan.com/post/show/313330/
2023-04-02 19:27:53.679 | ERROR    | __main__:save_img:268 - https://konachan.com/jpeg/a6330f3f8670332ad04d665a99bfd738/Konachan.com%20-%20313330%20ginhaha%20kasumigaoka_utaha%20saenai_heroine_no_sodatekata.jpg
2023-04-02 19:27:54.104 | ERROR    | __main__:save_img:265 - 
2023-04-02 19:27:54.107 | ERROR    | __main__:save_img:266 - download failed...
2023-04-02 19:27:54.108 | ERROR    | __main__:save_img:267 - https://konachan.com/post/show/302885/
2023-04-02 19:27:54.109 | ERROR    | __main__:save_img:268 - https://konachan.com/image/a9c66ffb188f55306deef04cf796eba0/Konachan.com%20-%20302885%20azur_lane%20breasts%20dress%20flowers%20garter_belt%20gloves%20headdress%20long_hair%20petals%20pussy%20red_eyes%20see_through%20signed%20spread_legs%20stockings%20thighhighs.jpg
2023-04-02 19:27:54.523 | ERROR    | __main__:save_img:265 - 
2023-04-02 19:27:54.525 | ERROR    | __main__:save_img:266 - download failed...
2023-04-02 19:27:54.527 | ERROR    | __main__:save_img:267 - https://konachan.com/post/show/340151/
2023-04-02 19:27:54.529 | ERROR    | __main__:save_img:268 - https://konachan.com/image/8e950aae8ddba0ed38ade9c7d179dfaa/Konachan.com%20-%20340151%202girls%20blonde_hair%20bra%20cum%20glasses%20handjob%20long_hair%20nurse%20original%20pointed_ears%20red_eyes%20towanemuru%20underwear.jpg
2023-04-02 19:27:55.105 | ERROR    | __main__:save_img:265 - 
2023-04-02 19:27:55.107 | ERROR    | __main__:save_img:266 - download failed...
2023-04-02 19:27:55.109 | ERROR    | __main__:save_img:267 - https://konachan.com/post/show/306192/
2023-04-02 19:27:55.112 | ERROR    | __main__:save_img:268 - https://konachan.com/jpeg/0e85e15e3cf1a1ebd7a2b8643b3684ee/Konachan.com%20-%20306192%20bed%20black_hair%20blush%20green_eyes%20long_hair%20maruma_%28maruma_gic%29%20navel%20original%20ribbons%20school_uniform%20signed%20skirt.jpg
2023-04-02 19:27:55.139 | ERROR    | __main__:save_img:265 - 
2023-04-02 19:27:55.144 | ERROR    | __main__:save_img:266 - download failed...
2023-04-02 19:27:55.146 | ERROR    | __main__:save_img:267 - https://konachan.com/post/show/304076/
2023-04-02 19:27:55.148 | ERROR    | __main__:save_img:268 - https://konachan.com/image/b65a4cd5869fb33d927e7fedb1bc7a02/Konachan.com%20-%20304076%20ass%20a.x.%20breasts%20long_hair%20no_bra%20original%20panties%20ponytail%20underwear%20undressing.jpg
2023-04-02 19:27:55.155 | ERROR    | __main__:save_img:265 - 
2023-04-02 19:27:55.157 | ERROR    | __main__:save_img:266 - download failed...
2023-04-02 19:27:55.159 | ERROR    | __main__:save_img:267 - https://konachan.com/post/show/314713/
2023-04-02 19:27:55.162 | ERROR    | __main__:save_img:268 - https://konachan.com/image/8b3422feacea1072713ad4d80deb0ac8/Konachan.com%20-%20314713%20arknights%20building%20cape%20chain%20city%20clouds%20fang%20gloves%20group%20halo%20horns%20long_hair%20navel%20red_eyes%20red_hair%20ruins%20shorts%20skirt%20sky%20tie%20wings%20wolfgirl.jpg
2023-04-02 19:27:55.792 | WARNING  | __main__:save_img:261 - relink dowmload img 2 次.....
2023-04-02 19:27:57.348 | ERROR    | __main__:save_img:299 - 
2023-04-02 19:27:57.353 | ERROR    | __main__:save_img:300 - 保存图片失败
2023-04-02 19:27:57.355 | ERROR    | __main__:save_img:301 - https://konachan.com/post/show/316820/
2023-04-02 19:27:57.356 | ERROR    | __main__:save_img:302 - https://konachan.com/image/3ff90fcd512b089499735f7e66fa3e7d/Konachan.com%20-%20316820%20ass%20barefoot%20blush%20breast_hold%20breasts%20brown_hair%20cleavage%20nipples%20no_bra%20open_shirt%20original%20panties%20red_eyes%20short_hair%20skirt%20underwear.jpg
2023-04-02 19:27:58.177 | ERROR    | __main__:save_img:299 - 
2023-04-02 19:27:58.179 | ERROR    | __main__:save_img:300 - 保存图片失败
2023-04-02 19:27:58.181 | ERROR    | __main__:save_img:301 - https://konachan.com/post/show/306552/
2023-04-02 19:27:58.183 | ERROR    | __main__:save_img:302 - https://konachan.com/image/68bb4a5e9b77ed3ce2cbbb187dea617b/Konachan.com%20-%20306552%20anal%20breasts%20cum%20dildo%20group%20jellytits-7%20klara_%28pokemon%29%20masturbation%20navel%20nipples%20penis%20pink_hair%20pokemon%20purple_eyes%20pussy%20sex%20uncensored.jpg
2023-04-02 19:27:58.299 | ERROR    | __main__:save_img:265 - 
2023-04-02 19:27:58.301 | ERROR    | __main__:save_img:266 - download failed...
2023-04-02 19:27:58.303 | ERROR    | __main__:save_img:267 - https://konachan.com/post/show/307577/
2023-04-02 19:27:58.304 | ERROR    | __main__:save_img:268 - https://konachan.com/jpeg/c1331fee375c810aa99ce4f10a5b8ada/Konachan.com%20-%20307577%202girls%20black_hair%20blonde_hair%20book%20braids%20cherry_blossoms%20flowers%20long_hair%20original%20petals%20pink_eyes%20school_uniform%20shoujo_ai%20skirt%20tie.jpg
2023-04-02 19:27:58.314 | ERROR    | __main__:save_img:265 - 
2023-04-02 19:27:58.316 | ERROR    | __main__:save_img:266 - download failed...
2023-04-02 19:27:58.318 | ERROR    | __main__:save_img:267 - https://konachan.com/post/show/350651/
2023-04-02 19:27:58.320 | ERROR    | __main__:save_img:268 - https://konachan.com/jpeg/39731c8eb9be6e552a1d1ff34557d0c9/Konachan.com%20-%20350651%20genshin_impact%20green_eyes%20headdress%20hiyada_yuu%20horns%20long_hair%20nilou_%28genshin_impact%29%20red_hair%20skirt%20twintails.jpg
2023-04-02 19:27:58.330 | ERROR    | __main__:save_img:299 - 
2023-04-02 19:27:58.333 | ERROR    | __main__:save_img:300 - 保存图片失败
2023-04-02 19:27:58.335 | ERROR    | __main__:save_img:301 - https://konachan.com/post/show/317425/
2023-04-02 19:27:58.336 | ERROR    | __main__:save_img:302 - https://konachan.com/image/ea8d176812a5031234ebf79d6a483af1/Konachan.com%20-%20317425%20blonde_hair%20bow%20breasts%20cameltoe%20elbow_gloves%20eyepatch%20gloves%20green_eyes%20long_hair%20ribbons%20ripe.c%20signed%20thighhighs%20torn_clothes%20twintails.jpg
2023-04-02 19:27:58.478 | ERROR    | __main__:save_img:265 - 
2023-04-02 19:27:58.480 | ERROR    | __main__:save_img:266 - download failed...
2023-04-02 19:27:58.483 | ERROR    | __main__:save_img:267 - https://konachan.com/post/show/338498/
2023-04-02 19:27:58.484 | ERROR    | __main__:save_img:268 - https://konachan.com/image/d153f9c72a5cf8aeb41497032523d76e/Konachan.com%20-%20338498%20breasts%20cian_yo%20glasses%20gloves%20hat%20long_hair%20navel%20nipples%20nude%20pirate%20pussy%20red_hair%20sex%20spread_legs%20tentacles%20thighhighs%20uncensored%20weapon%20wink.jpg
2023-04-02 19:27:58.503 | ERROR    | __main__:save_img:265 - 
2023-04-02 19:27:58.506 | ERROR    | __main__:save_img:266 - download failed...
2023-04-02 19:27:58.508 | ERROR    | __main__:save_img:267 - https://konachan.com/post/show/322043/
2023-04-02 19:27:58.509 | ERROR    | __main__:save_img:268 - https://konachan.com/image/75b74c385543899598f9e8891a851f4d/Konachan.com%20-%20322043%20breasts%20fate_grand_order%20fate_%28series%29%20greem_bang%20nipples%20nude%20penis%20purple_eyes%20purple_hair%20pussy%20sex%20spread_legs%20thighhighs%20uncensored.jpg
2023-04-02 19:27:58.575 | ERROR    | __main__:save_img:265 - 
2023-04-02 19:27:58.577 | ERROR    | __main__:save_img:266 - download failed...
2023-04-02 19:27:58.579 | ERROR    | __main__:save_img:267 - https://konachan.com/post/show/334398/
2023-04-02 19:27:58.581 | ERROR    | __main__:save_img:268 - https://konachan.com/jpeg/ae251d09197739fb85c9eb4f532234b0/Konachan.com%20-%20334398%20ass%20blush%20bra%20breasts%20brown_hair%20cameltoe%20long_hair%20mankai_kaika%20nipples%20original%20panties%20sketch%20skirt_lift%20underwear%20vibrator.jpg
2023-04-02 19:27:58.590 | ERROR    | __main__:save_img:299 - 
2023-04-02 19:27:58.594 | ERROR    | __main__:save_img:300 - 保存图片失败
2023-04-02 19:27:58.596 | ERROR    | __main__:save_img:301 - https://konachan.com/post/show/319522/
2023-04-02 19:27:58.598 | ERROR    | __main__:save_img:302 - https://konachan.com/jpeg/d99b6a04bf4e5f23928ea6906edb5e97/Konachan.com%20-%20319522%20aliasing%20amaki-chan%20aqua_eyes%20bed%20blush%20book%20bra%20breasts%20brown_hair%20love_live%21_sunshine%21%21%20navel%20panties%20shirt_lift%20short_hair%20underwear%20watanabe_you.jpg
2023-04-02 19:27:58.693 | ERROR    | __main__:save_img:299 - 
2023-04-02 19:27:58.695 | ERROR    | __main__:save_img:300 - 保存图片失败
2023-04-02 19:27:58.697 | ERROR    | __main__:save_img:301 - https://konachan.com/post/show/313330/
2023-04-02 19:27:58.699 | ERROR    | __main__:save_img:302 - https://konachan.com/jpeg/a6330f3f8670332ad04d665a99bfd738/Konachan.com%20-%20313330%20ginhaha%20kasumigaoka_utaha%20saenai_heroine_no_sodatekata.jpg
2023-04-02 19:27:59.121 | ERROR    | __main__:save_img:299 - 
2023-04-02 19:27:59.123 | ERROR    | __main__:save_img:300 - 保存图片失败
2023-04-02 19:27:59.125 | ERROR    | __main__:save_img:301 - https://konachan.com/post/show/302885/
2023-04-02 19:27:59.126 | ERROR    | __main__:save_img:302 - https://konachan.com/image/a9c66ffb188f55306deef04cf796eba0/Konachan.com%20-%20302885%20azur_lane%20breasts%20dress%20flowers%20garter_belt%20gloves%20headdress%20long_hair%20petals%20pussy%20red_eyes%20see_through%20signed%20spread_legs%20stockings%20thighhighs.jpg
2023-04-02 19:27:59.557 | ERROR    | __main__:save_img:299 - 
2023-04-02 19:27:59.560 | ERROR    | __main__:save_img:300 - 保存图片失败
2023-04-02 19:27:59.561 | ERROR    | __main__:save_img:301 - https://konachan.com/post/show/340151/
2023-04-02 19:27:59.563 | ERROR    | __main__:save_img:302 - https://konachan.com/image/8e950aae8ddba0ed38ade9c7d179dfaa/Konachan.com%20-%20340151%202girls%20blonde_hair%20bra%20cum%20glasses%20handjob%20long_hair%20nurse%20original%20pointed_ears%20red_eyes%20towanemuru%20underwear.jpg
2023-04-02 19:27:59.647 | ERROR    | __main__:save_img:265 - 
2023-04-02 19:27:59.650 | ERROR    | __main__:save_img:266 - download failed...
2023-04-02 19:27:59.652 | ERROR    | __main__:save_img:267 - https://konachan.com/post/show/327186/
2023-04-02 19:27:59.654 | ERROR    | __main__:save_img:268 - https://konachan.com/jpeg/e304c5559f93145d6f1347b72f391cdf/Konachan.com%20-%20327186%20blue_eyes%20blue_hair%20blush%20breasts%20cat_smile%20catgirl%20choker%20cleavage%20foxgirl%20long_hair%20male%20navel%20noripro%20pink_hair%20shorts%20twintails%20uniform%20wristwear.jpg
2023-04-02 19:27:59.729 | ERROR    | __main__:save_img:265 - 
2023-04-02 19:27:59.732 | ERROR    | __main__:save_img:266 - download failed...
2023-04-02 19:27:59.733 | ERROR    | __main__:save_img:267 - https://konachan.com/post/show/336759/
2023-04-02 19:27:59.735 | ERROR    | __main__:save_img:268 - https://konachan.com/image/33b53529e1ae5778e91dff24c4e15225/Konachan.com%20-%20336759%20blush%20breasts%20brown_hair%20cleavage%20clouds%20juexing_%28moemoe3345%29%20long_hair%20necklace%20original%20purple_eyes%20stars.jpg
2023-04-02 19:27:59.739 | ERROR    | __main__:save_img:265 - 
2023-04-02 19:27:59.743 | ERROR    | __main__:save_img:266 - download failed...
2023-04-02 19:27:59.744 | ERROR    | __main__:save_img:267 - https://konachan.com/post/show/321977/
2023-04-02 19:27:59.746 | ERROR    | __main__:save_img:268 - https://konachan.com/jpeg/780fedec0cb4e9a27cf3995381df3097/Konachan.com%20-%20321977%20blue_hair%20breasts%20cameltoe%20ganyu_%28genshin_impact%29%20genshin_impact%20gloves%20horns%20leotard%20long_hair%20nipples%20no_bra%20purple_eyes%20signed%20spread_legs%20wsman.jpg
2023-04-02 19:27:59.863 | ERROR    | __main__:save_img:265 - 
2023-04-02 19:27:59.866 | ERROR    | __main__:save_img:266 - download failed...
2023-04-02 19:27:59.867 | ERROR    | __main__:save_img:267 - https://konachan.com/post/show/340794/
2023-04-02 19:27:59.869 | ERROR    | __main__:save_img:268 - https://konachan.com/jpeg/28674ab312424f44f3248afb36475d1d/Konachan.com%20-%20340794%20bow%20brown_hair%20heripiro%20long_hair%20original%20petals%20red_eyes%20ribbons%20scan%20school_uniform%20skirt%20tears.jpg
2023-04-02 19:28:00.127 | ERROR    | __main__:save_img:299 - 
2023-04-02 19:28:00.129 | ERROR    | __main__:save_img:300 - 保存图片失败
2023-04-02 19:28:00.131 | ERROR    | __main__:save_img:301 - https://konachan.com/post/show/306192/
2023-04-02 19:28:00.133 | ERROR    | __main__:save_img:302 - https://konachan.com/jpeg/0e85e15e3cf1a1ebd7a2b8643b3684ee/Konachan.com%20-%20306192%20bed%20black_hair%20blush%20green_eyes%20long_hair%20maruma_%28maruma_gic%29%20navel%20original%20ribbons%20school_uniform%20signed%20skirt.jpg
2023-04-02 19:28:00.183 | ERROR    | __main__:save_img:299 - 
2023-04-02 19:28:00.186 | ERROR    | __main__:save_img:300 - 保存图片失败
2023-04-02 19:28:00.188 | ERROR    | __main__:save_img:301 - https://konachan.com/post/show/304076/
2023-04-02 19:28:00.189 | ERROR    | __main__:save_img:302 - https://konachan.com/image/b65a4cd5869fb33d927e7fedb1bc7a02/Konachan.com%20-%20304076%20ass%20a.x.%20breasts%20long_hair%20no_bra%20original%20panties%20ponytail%20underwear%20undressing.jpg
2023-04-02 19:28:00.192 | ERROR    | __main__:save_img:299 - 
2023-04-02 19:28:00.193 | ERROR    | __main__:save_img:300 - 保存图片失败
2023-04-02 19:28:00.195 | ERROR    | __main__:save_img:301 - https://konachan.com/post/show/314713/
2023-04-02 19:28:00.196 | ERROR    | __main__:save_img:302 - https://konachan.com/image/8b3422feacea1072713ad4d80deb0ac8/Konachan.com%20-%20314713%20arknights%20building%20cape%20chain%20city%20clouds%20fang%20gloves%20group%20halo%20horns%20long_hair%20navel%20red_eyes%20red_hair%20ruins%20shorts%20skirt%20sky%20tie%20wings%20wolfgirl.jpg
2023-04-02 19:28:00.643 | ERROR    | __main__:save_img:265 - 
2023-04-02 19:28:00.646 | ERROR    | __main__:save_img:266 - download failed...
2023-04-02 19:28:00.647 | ERROR    | __main__:save_img:267 - https://konachan.com/post/show/308592/
2023-04-02 19:28:00.649 | ERROR    | __main__:save_img:268 - https://konachan.com/jpeg/ee8d023b386d287d65c5852741b57f43/Konachan.com%20-%20308592%20anus%20aqua_eyes%20ass%20blush%20hoodie%20nopan%20original%20otokuyou%20pussy%20short_hair%20skirt%20spread_pussy%20thighhighs%20uncensored%20upskirt%20white%20white_hair.jpg
2023-04-02 19:28:03.320 | ERROR    | __main__:save_img:299 - 
2023-04-02 19:28:03.324 | ERROR    | __main__:save_img:300 - 保存图片失败
2023-04-02 19:28:03.325 | ERROR    | __main__:save_img:301 - https://konachan.com/post/show/307577/
2023-04-02 19:28:03.327 | ERROR    | __main__:save_img:302 - https://konachan.com/jpeg/c1331fee375c810aa99ce4f10a5b8ada/Konachan.com%20-%20307577%202girls%20black_hair%20blonde_hair%20book%20braids%20cherry_blossoms%20flowers%20long_hair%20original%20petals%20pink_eyes%20school_uniform%20shoujo_ai%20skirt%20tie.jpg
2023-04-02 19:28:03.344 | ERROR    | __main__:save_img:299 - 
2023-04-02 19:28:03.347 | ERROR    | __main__:save_img:300 - 保存图片失败
2023-04-02 19:28:03.350 | ERROR    | __main__:save_img:301 - https://konachan.com/post/show/350651/
2023-04-02 19:28:03.352 | ERROR    | __main__:save_img:302 - https://konachan.com/jpeg/39731c8eb9be6e552a1d1ff34557d0c9/Konachan.com%20-%20350651%20genshin_impact%20green_eyes%20headdress%20hiyada_yuu%20horns%20long_hair%20nilou_%28genshin_impact%29%20red_hair%20skirt%20twintails.jpg
2023-04-02 19:28:03.530 | ERROR    | __main__:save_img:299 - 
2023-04-02 19:28:03.533 | ERROR    | __main__:save_img:300 - 保存图片失败
2023-04-02 19:28:03.534 | ERROR    | __main__:save_img:301 - https://konachan.com/post/show/322043/
2023-04-02 19:28:03.536 | ERROR    | __main__:save_img:302 - https://konachan.com/image/75b74c385543899598f9e8891a851f4d/Konachan.com%20-%20322043%20breasts%20fate_grand_order%20fate_%28series%29%20greem_bang%20nipples%20nude%20penis%20purple_eyes%20purple_hair%20pussy%20sex%20spread_legs%20thighhighs%20uncensored.jpg
2023-04-02 19:28:03.538 | ERROR    | __main__:save_img:299 - 
2023-04-02 19:28:03.540 | ERROR    | __main__:save_img:300 - 保存图片失败
2023-04-02 19:28:03.541 | ERROR    | __main__:save_img:301 - https://konachan.com/post/show/338498/
2023-04-02 19:28:03.543 | ERROR    | __main__:save_img:302 - https://konachan.com/image/d153f9c72a5cf8aeb41497032523d76e/Konachan.com%20-%20338498%20breasts%20cian_yo%20glasses%20gloves%20hat%20long_hair%20navel%20nipples%20nude%20pirate%20pussy%20red_hair%20sex%20spread_legs%20tentacles%20thighhighs%20uncensored%20weapon%20wink.jpg
2023-04-02 19:28:03.606 | ERROR    | __main__:save_img:299 - 
2023-04-02 19:28:03.609 | ERROR    | __main__:save_img:300 - 保存图片失败
2023-04-02 19:28:03.610 | ERROR    | __main__:save_img:301 - https://konachan.com/post/show/334398/
2023-04-02 19:28:03.612 | ERROR    | __main__:save_img:302 - https://konachan.com/jpeg/ae251d09197739fb85c9eb4f532234b0/Konachan.com%20-%20334398%20ass%20blush%20bra%20breasts%20brown_hair%20cameltoe%20long_hair%20mankai_kaika%20nipples%20original%20panties%20sketch%20skirt_lift%20underwear%20vibrator.jpg
2023-04-02 19:28:04.673 | ERROR    | __main__:save_img:299 - 
2023-04-02 19:28:04.676 | ERROR    | __main__:save_img:300 - 保存图片失败
2023-04-02 19:28:04.678 | ERROR    | __main__:save_img:301 - https://konachan.com/post/show/327186/
2023-04-02 19:28:04.680 | ERROR    | __main__:save_img:302 - https://konachan.com/jpeg/e304c5559f93145d6f1347b72f391cdf/Konachan.com%20-%20327186%20blue_eyes%20blue_hair%20blush%20breasts%20cat_smile%20catgirl%20choker%20cleavage%20foxgirl%20long_hair%20male%20navel%20noripro%20pink_hair%20shorts%20twintails%20uniform%20wristwear.jpg
2023-04-02 19:28:04.766 | ERROR    | __main__:save_img:299 - 
2023-04-02 19:28:04.769 | ERROR    | __main__:save_img:300 - 保存图片失败
2023-04-02 19:28:04.770 | ERROR    | __main__:save_img:301 - https://konachan.com/post/show/321977/
2023-04-02 19:28:04.772 | ERROR    | __main__:save_img:302 - https://konachan.com/jpeg/780fedec0cb4e9a27cf3995381df3097/Konachan.com%20-%20321977%20blue_hair%20breasts%20cameltoe%20ganyu_%28genshin_impact%29%20genshin_impact%20gloves%20horns%20leotard%20long_hair%20nipples%20no_bra%20purple_eyes%20signed%20spread_legs%20wsman.jpg
2023-04-02 19:28:04.775 | ERROR    | __main__:save_img:299 - 
2023-04-02 19:28:04.776 | ERROR    | __main__:save_img:300 - 保存图片失败
2023-04-02 19:28:04.778 | ERROR    | __main__:save_img:301 - https://konachan.com/post/show/336759/
2023-04-02 19:28:04.779 | ERROR    | __main__:save_img:302 - https://konachan.com/image/33b53529e1ae5778e91dff24c4e15225/Konachan.com%20-%20336759%20blush%20breasts%20brown_hair%20cleavage%20clouds%20juexing_%28moemoe3345%29%20long_hair%20necklace%20original%20purple_eyes%20stars.jpg
2023-04-02 19:28:04.824 | ERROR    | __main__:save_img:265 - 
2023-04-02 19:28:04.827 | ERROR    | __main__:save_img:266 - download failed...
2023-04-02 19:28:04.828 | ERROR    | __main__:save_img:267 - https://konachan.com/post/show/352035/
2023-04-02 19:28:04.830 | ERROR    | __main__:save_img:268 - https://konachan.com/jpeg/239c2052ca0c8b801e0b89163b63c055/Konachan.com%20-%20352035%20animal_ears%20ass%20blush%20braids%20breast_hold%20bunny_ears%20bunnygirl%20headband%20hopepe%20leotard%20long_hair%20ponytail%20purple_eyes%20purple_hair%20raiden_shogun%20tail.jpg
2023-04-02 19:28:04.883 | ERROR    | __main__:save_img:299 - 
2023-04-02 19:28:04.886 | ERROR    | __main__:save_img:300 - 保存图片失败
2023-04-02 19:28:04.887 | ERROR    | __main__:save_img:301 - https://konachan.com/post/show/340794/
2023-04-02 19:28:04.889 | ERROR    | __main__:save_img:302 - https://konachan.com/jpeg/28674ab312424f44f3248afb36475d1d/Konachan.com%20-%20340794%20bow%20brown_hair%20heripiro%20long_hair%20original%20petals%20red_eyes%20ribbons%20scan%20school_uniform%20skirt%20tears.jpg
2023-04-02 19:28:05.682 | ERROR    | __main__:save_img:299 - 
2023-04-02 19:28:05.684 | ERROR    | __main__:save_img:300 - 保存图片失败
2023-04-02 19:28:05.686 | ERROR    | __main__:save_img:301 - https://konachan.com/post/show/308592/
2023-04-02 19:28:05.688 | ERROR    | __main__:save_img:302 - https://konachan.com/jpeg/ee8d023b386d287d65c5852741b57f43/Konachan.com%20-%20308592%20anus%20aqua_eyes%20ass%20blush%20hoodie%20nopan%20original%20otokuyou%20pussy%20short_hair%20skirt%20spread_pussy%20thighhighs%20uncensored%20upskirt%20white%20white_hair.jpg
2023-04-02 19:28:09.840 | ERROR    | __main__:save_img:299 - 
2023-04-02 19:28:09.842 | ERROR    | __main__:save_img:300 - 保存图片失败
2023-04-02 19:28:09.844 | ERROR    | __main__:save_img:301 - https://konachan.com/post/show/352035/
2023-04-02 19:28:09.846 | ERROR    | __main__:save_img:302 - https://konachan.com/jpeg/239c2052ca0c8b801e0b89163b63c055/Konachan.com%20-%20352035%20animal_ears%20ass%20blush%20braids%20breast_hold%20bunny_ears%20bunnygirl%20headband%20hopepe%20leotard%20long_hair%20ponytail%20purple_eyes%20purple_hair%20raiden_shogun%20tail.jpg
2023-04-02 21:07:41.429 | INFO     | __main__:<module>:413 - 连接数据库中...........
2023-04-02 21:07:41.515 | SUCCESS  | __main__:<module>:437 - link dbas 准备导入数据.....
2023-04-02 21:07:41.519 | SUCCESS  | __main__:<module>:504 - 单次下载数量:100
2023-04-02 21:07:41.520 | SUCCESS  | __main__:<module>:505 - 等待时间:6 并发数:10
2023-04-02 21:07:41.521 | SUCCESS  | __main__:<module>:506 - 下载图片路径:D:\ybxi and python\database_learn\k_spider\pictures
2023-04-02 21:09:07.018 | INFO     | __main__:<module>:413 - 连接数据库中...........
2023-04-02 21:09:07.099 | SUCCESS  | __main__:<module>:437 - link dbas 准备导入数据.....
2023-04-02 21:09:07.103 | SUCCESS  | __main__:<module>:504 - 单次下载数量:100
2023-04-02 21:09:07.104 | SUCCESS  | __main__:<module>:505 - 等待时间:6 并发数:10
2023-04-02 21:09:07.104 | SUCCESS  | __main__:<module>:506 - 下载图片路径:D:\ybxi and python\database_learn\k_spider\pictures
2023-04-02 21:09:09.095 | INFO     | __main__:<module>:518 - 数据库共有32730条图像数据
2023-04-02 21:09:09.130 | INFO     | __main__:<module>:535 - 排除18个重复pid....
2023-04-02 21:09:09.139 | INFO     | __main__:process_urls:340 - 等待6秒继续并发
2023-04-02 21:09:11.326 | ERROR    | __main__:get_source:94 - This post does not exist
2023-04-02 21:09:15.153 | INFO     | __main__:process_urls:340 - 等待6秒继续并发
2023-04-02 21:09:16.589 | ERROR    | __main__:get_source:102 - This post was deleted.
2023-04-02 21:09:16.814 | ERROR    | __main__:get_source:102 - This post was deleted.
2023-04-02 21:09:17.024 | ERROR    | __main__:get_source:102 - This post was deleted.
2023-04-02 21:09:21.164 | INFO     | __main__:process_urls:340 - 等待6秒继续并发
2023-04-02 21:09:22.450 | ERROR    | __main__:get_source:102 - This post was deleted.
2023-04-02 21:09:22.486 | ERROR    | __main__:get_source:102 - This post was deleted.
2023-04-02 21:09:27.170 | INFO     | __main__:process_urls:340 - 等待6秒继续并发
2023-04-02 21:09:29.130 | ERROR    | __main__:get_source:102 - This post was deleted.
2023-04-02 21:09:33.179 | INFO     | __main__:process_urls:340 - 等待6秒继续并发
2023-04-02 21:09:35.703 | ERROR    | __main__:get_source:94 - This post does not exist
2023-04-02 21:09:39.187 | INFO     | __main__:process_urls:340 - 等待6秒继续并发
2023-04-02 21:09:41.182 | ERROR    | __main__:get_source:94 - This post does not exist
2023-04-02 21:09:45.218 | INFO     | __main__:process_urls:340 - 等待6秒继续并发
2023-04-02 21:09:47.229 | ERROR    | __main__:get_source:94 - This post does not exist
2023-04-02 21:09:47.484 | ERROR    | __main__:get_source:102 - This post was deleted.
2023-04-02 21:09:51.230 | INFO     | __main__:process_urls:340 - 等待6秒继续并发
2023-04-02 21:09:53.167 | ERROR    | __main__:get_source:102 - This post was deleted.
2023-04-02 21:09:53.380 | ERROR    | __main__:get_source:94 - This post does not exist
2023-04-02 21:10:02.908 | INFO     | __main__:download_imgs:385 - 等待6秒继续并发下载图片
2023-04-02 21:10:08.895 | INFO     | __main__:download_imgs:385 - 等待6秒继续并发下载图片
2023-04-02 21:10:14.901 | INFO     | __main__:download_imgs:385 - 等待6秒继续并发下载图片
2023-04-02 21:10:20.910 | INFO     | __main__:download_imgs:385 - 等待6秒继续并发下载图片
2023-04-02 21:10:26.912 | INFO     | __main__:download_imgs:385 - 等待6秒继续并发下载图片
2023-04-02 21:10:32.912 | INFO     | __main__:download_imgs:385 - 等待6秒继续并发下载图片
2023-04-02 21:12:06.039 | SUCCESS  | __main__:download_imgs:399 - downloaded 69 img ......
2023-04-02 21:12:06.860 | INFO     | __main__:uni_tag:470 - 数据库tag表共有7757条tag
2023-04-02 21:12:09.056 | INFO     | __main__:uni_tag:474 - 排除339个重复tag
2023-04-02 21:12:09.059 | SUCCESS  | __main__:<module>:576 - 保存44个tag到数据库
2023-04-02 21:12:09.251 | SUCCESS  | __main__:<module>:587 - added 69 img data into testdb....
2023-04-02 21:12:09.843 | INFO     | __main__:<module>:518 - 数据库共有32799条图像数据
2023-04-02 21:12:09.892 | INFO     | __main__:<module>:535 - 排除16个重复pid....
2023-04-02 21:12:09.896 | INFO     | __main__:process_urls:340 - 等待6秒继续并发
2023-04-02 21:12:12.774 | ERROR    | __main__:get_source:102 - This post was deleted.
2023-04-02 21:12:13.043 | ERROR    | __main__:get_source:94 - This post does not exist
2023-04-02 21:12:15.905 | INFO     | __main__:process_urls:340 - 等待6秒继续并发
2023-04-02 21:12:20.329 | ERROR    | __main__:get_source:102 - This post was deleted.
2023-04-02 21:12:21.930 | INFO     | __main__:process_urls:340 - 等待6秒继续并发
2023-04-02 21:12:23.931 | ERROR    | __main__:get_source:94 - This post does not exist
2023-04-02 21:12:25.026 | ERROR    | __main__:get_source:94 - This post does not exist
2023-04-02 21:12:27.944 | INFO     | __main__:process_urls:340 - 等待6秒继续并发
2023-04-02 21:12:29.447 | ERROR    | __main__:get_source:102 - This post was deleted.
2023-04-02 21:12:29.447 | ERROR    | __main__:get_source:102 - This post was deleted.
2023-04-02 21:12:33.969 | INFO     | __main__:process_urls:340 - 等待6秒继续并发
2023-04-02 21:12:35.678 | ERROR    | __main__:get_source:102 - This post was deleted.
2023-04-02 21:12:36.390 | ERROR    | __main__:get_source:94 - This post does not exist
2023-04-02 21:12:39.987 | INFO     | __main__:process_urls:340 - 等待6秒继续并发
2023-04-02 21:12:41.938 | ERROR    | __main__:get_source:94 - This post does not exist
2023-04-02 21:12:45.980 | INFO     | __main__:process_urls:340 - 等待6秒继续并发
2023-04-02 21:12:48.821 | ERROR    | __main__:get_source:94 - This post does not exist
2023-04-02 21:12:51.985 | INFO     | __main__:process_urls:340 - 等待6秒继续并发
2023-04-02 21:12:54.859 | ERROR    | __main__:get_source:102 - This post was deleted.
2023-04-02 21:12:59.034 | ERROR    | __main__:get_source:94 - This post does not exist
2023-04-02 21:13:03.535 | INFO     | __main__:download_imgs:385 - 等待6秒继续并发下载图片
2023-04-02 21:13:09.528 | INFO     | __main__:download_imgs:385 - 等待6秒继续并发下载图片
2023-04-02 21:13:15.530 | INFO     | __main__:download_imgs:385 - 等待6秒继续并发下载图片
2023-04-02 21:13:21.540 | INFO     | __main__:download_imgs:385 - 等待6秒继续并发下载图片
2023-04-02 21:13:27.547 | INFO     | __main__:download_imgs:385 - 等待6秒继续并发下载图片
2023-04-02 21:13:33.547 | INFO     | __main__:download_imgs:385 - 等待6秒继续并发下载图片
2023-04-02 21:13:39.540 | INFO     | __main__:download_imgs:385 - 等待6秒继续并发下载图片
2023-04-02 21:16:45.154 | SUCCESS  | __main__:download_imgs:399 - downloaded 71 img ......
2023-04-02 21:16:46.858 | INFO     | __main__:uni_tag:470 - 数据库tag表共有7795条tag
2023-04-02 21:16:48.072 | INFO     | __main__:uni_tag:474 - 排除327个重复tag
2023-04-02 21:16:48.072 | SUCCESS  | __main__:<module>:576 - 保存38个tag到数据库
2023-04-02 21:16:48.271 | SUCCESS  | __main__:<module>:587 - added 140 img data into testdb....
2023-04-02 21:16:48.879 | INFO     | __main__:<module>:518 - 数据库共有32939条图像数据
2023-04-02 21:16:48.925 | INFO     | __main__:<module>:535 - 排除17个重复pid....
2023-04-02 21:16:48.939 | INFO     | __main__:process_urls:340 - 等待6秒继续并发
2023-04-02 21:16:50.934 | ERROR    | __main__:get_source:94 - This post does not exist
2023-04-02 21:16:54.945 | INFO     | __main__:process_urls:340 - 等待6秒继续并发
2023-04-02 21:16:56.628 | ERROR    | __main__:get_source:102 - This post was deleted.
2023-04-02 21:17:00.959 | INFO     | __main__:process_urls:340 - 等待6秒继续并发
2023-04-02 21:17:02.540 | ERROR    | __main__:get_source:102 - This post was deleted.
2023-04-02 21:17:03.067 | ERROR    | __main__:get_source:102 - This post was deleted.
2023-04-02 21:17:06.966 | INFO     | __main__:process_urls:340 - 等待6秒继续并发
2023-04-02 21:17:08.481 | ERROR    | __main__:get_source:102 - This post was deleted.
2023-04-02 21:17:09.491 | ERROR    | __main__:get_source:102 - This post was deleted.
2023-04-02 21:17:09.790 | ERROR    | __main__:get_source:94 - This post does not exist
2023-04-02 21:17:09.873 | ERROR    | __main__:get_source:94 - This post does not exist
2023-04-02 21:17:12.989 | INFO     | __main__:process_urls:340 - 等待6秒继续并发
2023-04-02 21:17:14.537 | ERROR    | __main__:get_source:94 - This post does not exist
2023-04-02 21:17:15.178 | ERROR    | __main__:get_source:102 - This post was deleted.
2023-04-02 21:17:19.006 | INFO     | __main__:process_urls:340 - 等待6秒继续并发
2023-04-02 21:17:21.201 | ERROR    | __main__:get_source:94 - This post does not exist
2023-04-02 21:17:25.009 | INFO     | __main__:process_urls:340 - 等待6秒继续并发
2023-04-02 21:17:31.015 | INFO     | __main__:process_urls:340 - 等待6秒继续并发
2023-04-02 21:17:33.674 | ERROR    | __main__:get_source:94 - This post does not exist
2023-04-02 21:17:38.901 | ERROR    | __main__:get_source:102 - This post was deleted.
2023-04-02 21:17:44.895 | INFO     | __main__:download_imgs:385 - 等待6秒继续并发下载图片
2023-04-02 21:17:50.894 | INFO     | __main__:download_imgs:385 - 等待6秒继续并发下载图片
2023-04-02 21:17:56.875 | INFO     | __main__:download_imgs:385 - 等待6秒继续并发下载图片
2023-04-02 21:18:02.902 | INFO     | __main__:download_imgs:385 - 等待6秒继续并发下载图片
2023-04-02 21:18:08.907 | INFO     | __main__:download_imgs:385 - 等待6秒继续并发下载图片
2023-04-02 21:18:14.917 | INFO     | __main__:download_imgs:385 - 等待6秒继续并发下载图片
2023-04-02 21:18:20.927 | INFO     | __main__:download_imgs:385 - 等待6秒继续并发下载图片
2023-04-02 21:19:57.353 | SUCCESS  | __main__:download_imgs:399 - downloaded 70 img ......
2023-04-02 21:19:58.042 | INFO     | __main__:uni_tag:470 - 数据库tag表共有7828条tag
2023-04-02 21:19:58.881 | INFO     | __main__:uni_tag:474 - 排除326个重复tag
2023-04-02 21:19:58.895 | SUCCESS  | __main__:<module>:576 - 保存33个tag到数据库
2023-04-02 21:19:59.087 | SUCCESS  | __main__:<module>:587 - added 210 img data into testdb....
2023-04-02 21:19:59.739 | INFO     | __main__:<module>:518 - 数据库共有33149条图像数据
2023-04-02 21:19:59.786 | INFO     | __main__:<module>:535 - 排除20个重复pid....
2023-04-02 21:19:59.788 | INFO     | __main__:process_urls:340 - 等待6秒继续并发
2023-04-02 21:20:01.792 | ERROR    | __main__:get_source:102 - This post was deleted.
2023-04-02 21:20:03.176 | ERROR    | __main__:get_source:102 - This post was deleted.
2023-04-02 21:20:05.794 | INFO     | __main__:process_urls:340 - 等待6秒继续并发
2023-04-02 21:20:09.223 | ERROR    | __main__:get_source:94 - This post does not exist
2023-04-02 21:20:11.798 | INFO     | __main__:process_urls:340 - 等待6秒继续并发
2023-04-02 21:20:14.124 | ERROR    | __main__:get_source:102 - This post was deleted.
2023-04-02 21:20:14.348 | ERROR    | __main__:get_source:102 - This post was deleted.
2023-04-02 21:20:17.821 | INFO     | __main__:process_urls:340 - 等待6秒继续并发
2023-04-02 21:20:23.822 | INFO     | __main__:process_urls:340 - 等待6秒继续并发
2023-04-02 21:20:25.405 | ERROR    | __main__:get_source:102 - This post was deleted.
2023-04-02 21:20:25.431 | ERROR    | __main__:get_source:94 - This post does not exist
2023-04-02 21:20:26.104 | ERROR    | __main__:get_source:102 - This post was deleted.
2023-04-02 21:20:26.802 | ERROR    | __main__:get_source:102 - This post was deleted.
2023-04-02 21:20:29.818 | INFO     | __main__:process_urls:340 - 等待6秒继续并发
2023-04-02 21:20:31.233 | ERROR    | __main__:get_source:94 - This post does not exist
2023-04-02 21:20:31.841 | ERROR    | __main__:get_source:102 - This post was deleted.
2023-04-02 21:20:35.829 | INFO     | __main__:process_urls:340 - 等待6秒继续并发
2023-04-02 21:20:41.841 | INFO     | __main__:process_urls:340 - 等待6秒继续并发
2023-04-02 21:20:42.411 | ERROR    | __main__:get_source:102 - This post was deleted.
2023-04-02 21:20:42.432 | ERROR    | __main__:get_source:102 - This post was deleted.
2023-04-02 21:20:47.525 | ERROR    | __main__:get_source:94 - This post does not exist
2023-04-02 21:20:47.826 | ERROR    | __main__:get_source:102 - This post was deleted.
2023-04-02 21:20:47.848 | ERROR    | __main__:get_source:102 - This post was deleted.
2023-04-02 21:20:53.308 | INFO     | __main__:download_imgs:385 - 等待6秒继续并发下载图片
2023-04-02 21:20:59.312 | INFO     | __main__:download_imgs:385 - 等待6秒继续并发下载图片
2023-04-02 21:21:05.317 | INFO     | __main__:download_imgs:385 - 等待6秒继续并发下载图片
2023-04-02 21:21:11.300 | INFO     | __main__:download_imgs:385 - 等待6秒继续并发下载图片
2023-04-02 21:21:17.304 | INFO     | __main__:download_imgs:385 - 等待6秒继续并发下载图片
2023-04-02 21:21:23.311 | INFO     | __main__:download_imgs:385 - 等待6秒继续并发下载图片
